[2025-01-02 21:32:06,130] multiqc                                            [DEBUG  ]  No MultiQC config found: /opt/software/MultiQC/1.9-intel-2020a-Python-3.8.2/lib/python3.8/site-packages/multiqc_config.yaml
[2025-01-02 21:32:06,131] multiqc                                            [DEBUG  ]  No MultiQC config found: /home/jillashey/.multiqc_config.yaml
[2025-01-02 21:32:06,132] multiqc                                            [DEBUG  ]  No MultiQC config found: multiqc_config.yaml
[2025-01-02 21:32:06,132] multiqc                                            [DEBUG  ]  Command used: /opt/software/MultiQC/1.9-intel-2020a-Python-3.8.2/bin/multiqc trim.flexbar.35bp.10_small_RNA_S4_R1_001.fastq.gz_fastqc.html trim.flexbar.35bp.10_small_RNA_S4_R1_001.fastq.gz_fastqc.zip trim.flexbar.35bp.11_small_RNA_S5_R1_001.fastq.gz_fastqc.html trim.flexbar.35bp.11_small_RNA_S5_R1_001.fastq.gz_fastqc.zip trim.flexbar.35bp.13_S76_R1_001.fastq.gz_fastqc.html trim.flexbar.35bp.13_S76_R1_001.fastq.gz_fastqc.zip trim.flexbar.35bp.14_small_RNA_S6_R1_001.fastq.gz_fastqc.html trim.flexbar.35bp.14_small_RNA_S6_R1_001.fastq.gz_fastqc.zip trim.flexbar.35bp.23_S77_R1_001.fastq.gz_fastqc.html trim.flexbar.35bp.23_S77_R1_001.fastq.gz_fastqc.zip trim.flexbar.35bp.24_small_RNA_S7_R1_001.fastq.gz_fastqc.html trim.flexbar.35bp.24_small_RNA_S7_R1_001.fastq.gz_fastqc.zip trim.flexbar.35bp.26_small_RNA_S8_R1_001.fastq.gz_fastqc.html trim.flexbar.35bp.26_small_RNA_S8_R1_001.fastq.gz_fastqc.zip trim.flexbar.35bp.28_small_RNA_S9_R1_001.fastq.gz_fastqc.html trim.flexbar.35bp.28_small_RNA_S9_R1_001.fastq.gz_fastqc.zip trim.flexbar.35bp.35_S78_R1_001.fastq.gz_fastqc.html trim.flexbar.35bp.35_S78_R1_001.fastq.gz_fastqc.zip trim.flexbar.35bp.36_small_RNA_S10_R1_001.fastq.gz_fastqc.html trim.flexbar.35bp.36_small_RNA_S10_R1_001.fastq.gz_fastqc.zip trim.flexbar.35bp.37_small_RNA_S11_R1_001.fastq.gz_fastqc.html trim.flexbar.35bp.37_small_RNA_S11_R1_001.fastq.gz_fastqc.zip trim.flexbar.35bp.39_small_RNA_S12_R1_001.fastq.gz_fastqc.html trim.flexbar.35bp.39_small_RNA_S12_R1_001.fastq.gz_fastqc.zip trim.flexbar.35bp.47_small_RNA_S13_R1_001.fastq.gz_fastqc.html trim.flexbar.35bp.47_small_RNA_S13_R1_001.fastq.gz_fastqc.zip trim.flexbar.35bp.48_small_RNA_S14_R1_001.fastq.gz_fastqc.html trim.flexbar.35bp.48_small_RNA_S14_R1_001.fastq.gz_fastqc.zip trim.flexbar.35bp.51_small_RNA_S15_R1_001.fastq.gz_fastqc.html trim.flexbar.35bp.51_small_RNA_S15_R1_001.fastq.gz_fastqc.zip trim.flexbar.35bp.52_S79_R1_001.fastq.gz_fastqc.html trim.flexbar.35bp.52_S79_R1_001.fastq.gz_fastqc.zip trim.flexbar.35bp.60_S80_R1_001.fastq.gz_fastqc.html trim.flexbar.35bp.60_S80_R1_001.fastq.gz_fastqc.zip trim.flexbar.35bp.61_small_RNA_S16_R1_001.fastq.gz_fastqc.html trim.flexbar.35bp.61_small_RNA_S16_R1_001.fastq.gz_fastqc.zip trim.flexbar.35bp.62_small_RNA_S17_R1_001.fastq.gz_fastqc.html trim.flexbar.35bp.62_small_RNA_S17_R1_001.fastq.gz_fastqc.zip trim.flexbar.35bp.63_small_RNA_S18_R1_001.fastq.gz_fastqc.html trim.flexbar.35bp.63_small_RNA_S18_R1_001.fastq.gz_fastqc.zip trim.flexbar.35bp.6_small_RNA_S1_R1_001.fastq.gz_fastqc.html trim.flexbar.35bp.6_small_RNA_S1_R1_001.fastq.gz_fastqc.zip trim.flexbar.35bp.72_S81_R1_001.fastq.gz_fastqc.html trim.flexbar.35bp.72_S81_R1_001.fastq.gz_fastqc.zip trim.flexbar.35bp.73_small_RNA_S19_R1_001.fastq.gz_fastqc.html trim.flexbar.35bp.73_small_RNA_S19_R1_001.fastq.gz_fastqc.zip trim.flexbar.35bp.74_small_RNA_S20_R1_001.fastq.gz_fastqc.html trim.flexbar.35bp.74_small_RNA_S20_R1_001.fastq.gz_fastqc.zip trim.flexbar.35bp.75_small_RNA_S21_R1_001.fastq.gz_fastqc.html trim.flexbar.35bp.75_small_RNA_S21_R1_001.fastq.gz_fastqc.zip trim.flexbar.35bp.7_small_RNA_S2_R1_001.fastq.gz_fastqc.html trim.flexbar.35bp.7_small_RNA_S2_R1_001.fastq.gz_fastqc.zip trim.flexbar.35bp.85_S82_R1_001.fastq.gz_fastqc.html trim.flexbar.35bp.85_S82_R1_001.fastq.gz_fastqc.zip trim.flexbar.35bp.86_small_RNA_S22_R1_001.fastq.gz_fastqc.html trim.flexbar.35bp.86_small_RNA_S22_R1_001.fastq.gz_fastqc.zip trim.flexbar.35bp.87_small_RNA_S23_R1_001.fastq.gz_fastqc.html trim.flexbar.35bp.87_small_RNA_S23_R1_001.fastq.gz_fastqc.zip trim.flexbar.35bp.88_small_RNA_S24_R1_001.fastq.gz_fastqc.html trim.flexbar.35bp.88_small_RNA_S24_R1_001.fastq.gz_fastqc.zip trim.flexbar.35bp.8_small_RNA_S3_R1_001.fastq.gz_fastqc.html trim.flexbar.35bp.8_small_RNA_S3_R1_001.fastq.gz_fastqc.zip trim.flexbar.35bp.9_S75_R1_001.fastq.gz_fastqc.html trim.flexbar.35bp.9_S75_R1_001.fastq.gz_fastqc.zip
[2025-01-02 21:32:06,645] multiqc                                            [WARNING]  MultiQC Version v1.26 now available!
[2025-01-02 21:32:06,645] multiqc                                            [INFO   ]  This is MultiQC v1.9
[2025-01-02 21:32:06,646] multiqc                                            [DEBUG  ]  Command     : /opt/software/MultiQC/1.9-intel-2020a-Python-3.8.2/bin/multiqc trim.flexbar.35bp.10_small_RNA_S4_R1_001.fastq.gz_fastqc.html trim.flexbar.35bp.10_small_RNA_S4_R1_001.fastq.gz_fastqc.zip trim.flexbar.35bp.11_small_RNA_S5_R1_001.fastq.gz_fastqc.html trim.flexbar.35bp.11_small_RNA_S5_R1_001.fastq.gz_fastqc.zip trim.flexbar.35bp.13_S76_R1_001.fastq.gz_fastqc.html trim.flexbar.35bp.13_S76_R1_001.fastq.gz_fastqc.zip trim.flexbar.35bp.14_small_RNA_S6_R1_001.fastq.gz_fastqc.html trim.flexbar.35bp.14_small_RNA_S6_R1_001.fastq.gz_fastqc.zip trim.flexbar.35bp.23_S77_R1_001.fastq.gz_fastqc.html trim.flexbar.35bp.23_S77_R1_001.fastq.gz_fastqc.zip trim.flexbar.35bp.24_small_RNA_S7_R1_001.fastq.gz_fastqc.html trim.flexbar.35bp.24_small_RNA_S7_R1_001.fastq.gz_fastqc.zip trim.flexbar.35bp.26_small_RNA_S8_R1_001.fastq.gz_fastqc.html trim.flexbar.35bp.26_small_RNA_S8_R1_001.fastq.gz_fastqc.zip trim.flexbar.35bp.28_small_RNA_S9_R1_001.fastq.gz_fastqc.html trim.flexbar.35bp.28_small_RNA_S9_R1_001.fastq.gz_fastqc.zip trim.flexbar.35bp.35_S78_R1_001.fastq.gz_fastqc.html trim.flexbar.35bp.35_S78_R1_001.fastq.gz_fastqc.zip trim.flexbar.35bp.36_small_RNA_S10_R1_001.fastq.gz_fastqc.html trim.flexbar.35bp.36_small_RNA_S10_R1_001.fastq.gz_fastqc.zip trim.flexbar.35bp.37_small_RNA_S11_R1_001.fastq.gz_fastqc.html trim.flexbar.35bp.37_small_RNA_S11_R1_001.fastq.gz_fastqc.zip trim.flexbar.35bp.39_small_RNA_S12_R1_001.fastq.gz_fastqc.html trim.flexbar.35bp.39_small_RNA_S12_R1_001.fastq.gz_fastqc.zip trim.flexbar.35bp.47_small_RNA_S13_R1_001.fastq.gz_fastqc.html trim.flexbar.35bp.47_small_RNA_S13_R1_001.fastq.gz_fastqc.zip trim.flexbar.35bp.48_small_RNA_S14_R1_001.fastq.gz_fastqc.html trim.flexbar.35bp.48_small_RNA_S14_R1_001.fastq.gz_fastqc.zip trim.flexbar.35bp.51_small_RNA_S15_R1_001.fastq.gz_fastqc.html trim.flexbar.35bp.51_small_RNA_S15_R1_001.fastq.gz_fastqc.zip trim.flexbar.35bp.52_S79_R1_001.fastq.gz_fastqc.html trim.flexbar.35bp.52_S79_R1_001.fastq.gz_fastqc.zip trim.flexbar.35bp.60_S80_R1_001.fastq.gz_fastqc.html trim.flexbar.35bp.60_S80_R1_001.fastq.gz_fastqc.zip trim.flexbar.35bp.61_small_RNA_S16_R1_001.fastq.gz_fastqc.html trim.flexbar.35bp.61_small_RNA_S16_R1_001.fastq.gz_fastqc.zip trim.flexbar.35bp.62_small_RNA_S17_R1_001.fastq.gz_fastqc.html trim.flexbar.35bp.62_small_RNA_S17_R1_001.fastq.gz_fastqc.zip trim.flexbar.35bp.63_small_RNA_S18_R1_001.fastq.gz_fastqc.html trim.flexbar.35bp.63_small_RNA_S18_R1_001.fastq.gz_fastqc.zip trim.flexbar.35bp.6_small_RNA_S1_R1_001.fastq.gz_fastqc.html trim.flexbar.35bp.6_small_RNA_S1_R1_001.fastq.gz_fastqc.zip trim.flexbar.35bp.72_S81_R1_001.fastq.gz_fastqc.html trim.flexbar.35bp.72_S81_R1_001.fastq.gz_fastqc.zip trim.flexbar.35bp.73_small_RNA_S19_R1_001.fastq.gz_fastqc.html trim.flexbar.35bp.73_small_RNA_S19_R1_001.fastq.gz_fastqc.zip trim.flexbar.35bp.74_small_RNA_S20_R1_001.fastq.gz_fastqc.html trim.flexbar.35bp.74_small_RNA_S20_R1_001.fastq.gz_fastqc.zip trim.flexbar.35bp.75_small_RNA_S21_R1_001.fastq.gz_fastqc.html trim.flexbar.35bp.75_small_RNA_S21_R1_001.fastq.gz_fastqc.zip trim.flexbar.35bp.7_small_RNA_S2_R1_001.fastq.gz_fastqc.html trim.flexbar.35bp.7_small_RNA_S2_R1_001.fastq.gz_fastqc.zip trim.flexbar.35bp.85_S82_R1_001.fastq.gz_fastqc.html trim.flexbar.35bp.85_S82_R1_001.fastq.gz_fastqc.zip trim.flexbar.35bp.86_small_RNA_S22_R1_001.fastq.gz_fastqc.html trim.flexbar.35bp.86_small_RNA_S22_R1_001.fastq.gz_fastqc.zip trim.flexbar.35bp.87_small_RNA_S23_R1_001.fastq.gz_fastqc.html trim.flexbar.35bp.87_small_RNA_S23_R1_001.fastq.gz_fastqc.zip trim.flexbar.35bp.88_small_RNA_S24_R1_001.fastq.gz_fastqc.html trim.flexbar.35bp.88_small_RNA_S24_R1_001.fastq.gz_fastqc.zip trim.flexbar.35bp.8_small_RNA_S3_R1_001.fastq.gz_fastqc.html trim.flexbar.35bp.8_small_RNA_S3_R1_001.fastq.gz_fastqc.zip trim.flexbar.35bp.9_S75_R1_001.fastq.gz_fastqc.html trim.flexbar.35bp.9_S75_R1_001.fastq.gz_fastqc.zip
[2025-01-02 21:32:06,646] multiqc                                            [DEBUG  ]  Working dir : /glfs/brick01/gv0/putnamlab/jillashey/DT_Mcap_2023/smRNA/output/fastqc/flexbar_35bp
[2025-01-02 21:32:06,646] multiqc                                            [INFO   ]  Template    : default
[2025-01-02 21:32:06,646] multiqc                                            [DEBUG  ]  Running Python 3.8.2 (default, May 13 2020, 12:13:08)  [GCC 9.3.0]
[2025-01-02 21:32:06,646] multiqc                                            [INFO   ]  Searching   : /glfs/brick01/gv0/putnamlab/jillashey/DT_Mcap_2023/smRNA/output/fastqc/flexbar_35bp/trim.flexbar.35bp.10_small_RNA_S4_R1_001.fastq.gz_fastqc.html
[2025-01-02 21:32:06,646] multiqc                                            [INFO   ]  Searching   : /glfs/brick01/gv0/putnamlab/jillashey/DT_Mcap_2023/smRNA/output/fastqc/flexbar_35bp/trim.flexbar.35bp.10_small_RNA_S4_R1_001.fastq.gz_fastqc.zip
[2025-01-02 21:32:06,646] multiqc                                            [INFO   ]  Searching   : /glfs/brick01/gv0/putnamlab/jillashey/DT_Mcap_2023/smRNA/output/fastqc/flexbar_35bp/trim.flexbar.35bp.11_small_RNA_S5_R1_001.fastq.gz_fastqc.html
[2025-01-02 21:32:06,646] multiqc                                            [INFO   ]  Searching   : /glfs/brick01/gv0/putnamlab/jillashey/DT_Mcap_2023/smRNA/output/fastqc/flexbar_35bp/trim.flexbar.35bp.11_small_RNA_S5_R1_001.fastq.gz_fastqc.zip
[2025-01-02 21:32:06,647] multiqc                                            [INFO   ]  Searching   : /glfs/brick01/gv0/putnamlab/jillashey/DT_Mcap_2023/smRNA/output/fastqc/flexbar_35bp/trim.flexbar.35bp.13_S76_R1_001.fastq.gz_fastqc.html
[2025-01-02 21:32:06,647] multiqc                                            [INFO   ]  Searching   : /glfs/brick01/gv0/putnamlab/jillashey/DT_Mcap_2023/smRNA/output/fastqc/flexbar_35bp/trim.flexbar.35bp.13_S76_R1_001.fastq.gz_fastqc.zip
[2025-01-02 21:32:06,647] multiqc                                            [INFO   ]  Searching   : /glfs/brick01/gv0/putnamlab/jillashey/DT_Mcap_2023/smRNA/output/fastqc/flexbar_35bp/trim.flexbar.35bp.14_small_RNA_S6_R1_001.fastq.gz_fastqc.html
[2025-01-02 21:32:06,647] multiqc                                            [INFO   ]  Searching   : /glfs/brick01/gv0/putnamlab/jillashey/DT_Mcap_2023/smRNA/output/fastqc/flexbar_35bp/trim.flexbar.35bp.14_small_RNA_S6_R1_001.fastq.gz_fastqc.zip
[2025-01-02 21:32:06,647] multiqc                                            [INFO   ]  Searching   : /glfs/brick01/gv0/putnamlab/jillashey/DT_Mcap_2023/smRNA/output/fastqc/flexbar_35bp/trim.flexbar.35bp.23_S77_R1_001.fastq.gz_fastqc.html
[2025-01-02 21:32:06,648] multiqc                                            [INFO   ]  Searching   : /glfs/brick01/gv0/putnamlab/jillashey/DT_Mcap_2023/smRNA/output/fastqc/flexbar_35bp/trim.flexbar.35bp.23_S77_R1_001.fastq.gz_fastqc.zip
[2025-01-02 21:32:06,648] multiqc                                            [INFO   ]  Searching   : /glfs/brick01/gv0/putnamlab/jillashey/DT_Mcap_2023/smRNA/output/fastqc/flexbar_35bp/trim.flexbar.35bp.24_small_RNA_S7_R1_001.fastq.gz_fastqc.html
[2025-01-02 21:32:06,648] multiqc                                            [INFO   ]  Searching   : /glfs/brick01/gv0/putnamlab/jillashey/DT_Mcap_2023/smRNA/output/fastqc/flexbar_35bp/trim.flexbar.35bp.24_small_RNA_S7_R1_001.fastq.gz_fastqc.zip
[2025-01-02 21:32:06,648] multiqc                                            [INFO   ]  Searching   : /glfs/brick01/gv0/putnamlab/jillashey/DT_Mcap_2023/smRNA/output/fastqc/flexbar_35bp/trim.flexbar.35bp.26_small_RNA_S8_R1_001.fastq.gz_fastqc.html
[2025-01-02 21:32:06,648] multiqc                                            [INFO   ]  Searching   : /glfs/brick01/gv0/putnamlab/jillashey/DT_Mcap_2023/smRNA/output/fastqc/flexbar_35bp/trim.flexbar.35bp.26_small_RNA_S8_R1_001.fastq.gz_fastqc.zip
[2025-01-02 21:32:06,649] multiqc                                            [INFO   ]  Searching   : /glfs/brick01/gv0/putnamlab/jillashey/DT_Mcap_2023/smRNA/output/fastqc/flexbar_35bp/trim.flexbar.35bp.28_small_RNA_S9_R1_001.fastq.gz_fastqc.html
[2025-01-02 21:32:06,649] multiqc                                            [INFO   ]  Searching   : /glfs/brick01/gv0/putnamlab/jillashey/DT_Mcap_2023/smRNA/output/fastqc/flexbar_35bp/trim.flexbar.35bp.28_small_RNA_S9_R1_001.fastq.gz_fastqc.zip
[2025-01-02 21:32:06,649] multiqc                                            [INFO   ]  Searching   : /glfs/brick01/gv0/putnamlab/jillashey/DT_Mcap_2023/smRNA/output/fastqc/flexbar_35bp/trim.flexbar.35bp.35_S78_R1_001.fastq.gz_fastqc.html
[2025-01-02 21:32:06,649] multiqc                                            [INFO   ]  Searching   : /glfs/brick01/gv0/putnamlab/jillashey/DT_Mcap_2023/smRNA/output/fastqc/flexbar_35bp/trim.flexbar.35bp.35_S78_R1_001.fastq.gz_fastqc.zip
[2025-01-02 21:32:06,649] multiqc                                            [INFO   ]  Searching   : /glfs/brick01/gv0/putnamlab/jillashey/DT_Mcap_2023/smRNA/output/fastqc/flexbar_35bp/trim.flexbar.35bp.36_small_RNA_S10_R1_001.fastq.gz_fastqc.html
[2025-01-02 21:32:06,649] multiqc                                            [INFO   ]  Searching   : /glfs/brick01/gv0/putnamlab/jillashey/DT_Mcap_2023/smRNA/output/fastqc/flexbar_35bp/trim.flexbar.35bp.36_small_RNA_S10_R1_001.fastq.gz_fastqc.zip
[2025-01-02 21:32:06,649] multiqc                                            [INFO   ]  Searching   : /glfs/brick01/gv0/putnamlab/jillashey/DT_Mcap_2023/smRNA/output/fastqc/flexbar_35bp/trim.flexbar.35bp.37_small_RNA_S11_R1_001.fastq.gz_fastqc.html
[2025-01-02 21:32:06,650] multiqc                                            [INFO   ]  Searching   : /glfs/brick01/gv0/putnamlab/jillashey/DT_Mcap_2023/smRNA/output/fastqc/flexbar_35bp/trim.flexbar.35bp.37_small_RNA_S11_R1_001.fastq.gz_fastqc.zip
[2025-01-02 21:32:06,650] multiqc                                            [INFO   ]  Searching   : /glfs/brick01/gv0/putnamlab/jillashey/DT_Mcap_2023/smRNA/output/fastqc/flexbar_35bp/trim.flexbar.35bp.39_small_RNA_S12_R1_001.fastq.gz_fastqc.html
[2025-01-02 21:32:06,650] multiqc                                            [INFO   ]  Searching   : /glfs/brick01/gv0/putnamlab/jillashey/DT_Mcap_2023/smRNA/output/fastqc/flexbar_35bp/trim.flexbar.35bp.39_small_RNA_S12_R1_001.fastq.gz_fastqc.zip
[2025-01-02 21:32:06,650] multiqc                                            [INFO   ]  Searching   : /glfs/brick01/gv0/putnamlab/jillashey/DT_Mcap_2023/smRNA/output/fastqc/flexbar_35bp/trim.flexbar.35bp.47_small_RNA_S13_R1_001.fastq.gz_fastqc.html
[2025-01-02 21:32:06,650] multiqc                                            [INFO   ]  Searching   : /glfs/brick01/gv0/putnamlab/jillashey/DT_Mcap_2023/smRNA/output/fastqc/flexbar_35bp/trim.flexbar.35bp.47_small_RNA_S13_R1_001.fastq.gz_fastqc.zip
[2025-01-02 21:32:06,650] multiqc                                            [INFO   ]  Searching   : /glfs/brick01/gv0/putnamlab/jillashey/DT_Mcap_2023/smRNA/output/fastqc/flexbar_35bp/trim.flexbar.35bp.48_small_RNA_S14_R1_001.fastq.gz_fastqc.html
[2025-01-02 21:32:06,650] multiqc                                            [INFO   ]  Searching   : /glfs/brick01/gv0/putnamlab/jillashey/DT_Mcap_2023/smRNA/output/fastqc/flexbar_35bp/trim.flexbar.35bp.48_small_RNA_S14_R1_001.fastq.gz_fastqc.zip
[2025-01-02 21:32:06,651] multiqc                                            [INFO   ]  Searching   : /glfs/brick01/gv0/putnamlab/jillashey/DT_Mcap_2023/smRNA/output/fastqc/flexbar_35bp/trim.flexbar.35bp.51_small_RNA_S15_R1_001.fastq.gz_fastqc.html
[2025-01-02 21:32:06,651] multiqc                                            [INFO   ]  Searching   : /glfs/brick01/gv0/putnamlab/jillashey/DT_Mcap_2023/smRNA/output/fastqc/flexbar_35bp/trim.flexbar.35bp.51_small_RNA_S15_R1_001.fastq.gz_fastqc.zip
[2025-01-02 21:32:06,651] multiqc                                            [INFO   ]  Searching   : /glfs/brick01/gv0/putnamlab/jillashey/DT_Mcap_2023/smRNA/output/fastqc/flexbar_35bp/trim.flexbar.35bp.52_S79_R1_001.fastq.gz_fastqc.html
[2025-01-02 21:32:06,651] multiqc                                            [INFO   ]  Searching   : /glfs/brick01/gv0/putnamlab/jillashey/DT_Mcap_2023/smRNA/output/fastqc/flexbar_35bp/trim.flexbar.35bp.52_S79_R1_001.fastq.gz_fastqc.zip
[2025-01-02 21:32:06,652] multiqc                                            [INFO   ]  Searching   : /glfs/brick01/gv0/putnamlab/jillashey/DT_Mcap_2023/smRNA/output/fastqc/flexbar_35bp/trim.flexbar.35bp.60_S80_R1_001.fastq.gz_fastqc.html
[2025-01-02 21:32:06,652] multiqc                                            [INFO   ]  Searching   : /glfs/brick01/gv0/putnamlab/jillashey/DT_Mcap_2023/smRNA/output/fastqc/flexbar_35bp/trim.flexbar.35bp.60_S80_R1_001.fastq.gz_fastqc.zip
[2025-01-02 21:32:06,652] multiqc                                            [INFO   ]  Searching   : /glfs/brick01/gv0/putnamlab/jillashey/DT_Mcap_2023/smRNA/output/fastqc/flexbar_35bp/trim.flexbar.35bp.61_small_RNA_S16_R1_001.fastq.gz_fastqc.html
[2025-01-02 21:32:06,652] multiqc                                            [INFO   ]  Searching   : /glfs/brick01/gv0/putnamlab/jillashey/DT_Mcap_2023/smRNA/output/fastqc/flexbar_35bp/trim.flexbar.35bp.61_small_RNA_S16_R1_001.fastq.gz_fastqc.zip
[2025-01-02 21:32:06,652] multiqc                                            [INFO   ]  Searching   : /glfs/brick01/gv0/putnamlab/jillashey/DT_Mcap_2023/smRNA/output/fastqc/flexbar_35bp/trim.flexbar.35bp.62_small_RNA_S17_R1_001.fastq.gz_fastqc.html
[2025-01-02 21:32:06,652] multiqc                                            [INFO   ]  Searching   : /glfs/brick01/gv0/putnamlab/jillashey/DT_Mcap_2023/smRNA/output/fastqc/flexbar_35bp/trim.flexbar.35bp.62_small_RNA_S17_R1_001.fastq.gz_fastqc.zip
[2025-01-02 21:32:06,652] multiqc                                            [INFO   ]  Searching   : /glfs/brick01/gv0/putnamlab/jillashey/DT_Mcap_2023/smRNA/output/fastqc/flexbar_35bp/trim.flexbar.35bp.63_small_RNA_S18_R1_001.fastq.gz_fastqc.html
[2025-01-02 21:32:06,652] multiqc                                            [INFO   ]  Searching   : /glfs/brick01/gv0/putnamlab/jillashey/DT_Mcap_2023/smRNA/output/fastqc/flexbar_35bp/trim.flexbar.35bp.63_small_RNA_S18_R1_001.fastq.gz_fastqc.zip
[2025-01-02 21:32:06,653] multiqc                                            [INFO   ]  Searching   : /glfs/brick01/gv0/putnamlab/jillashey/DT_Mcap_2023/smRNA/output/fastqc/flexbar_35bp/trim.flexbar.35bp.6_small_RNA_S1_R1_001.fastq.gz_fastqc.html
[2025-01-02 21:32:06,653] multiqc                                            [INFO   ]  Searching   : /glfs/brick01/gv0/putnamlab/jillashey/DT_Mcap_2023/smRNA/output/fastqc/flexbar_35bp/trim.flexbar.35bp.6_small_RNA_S1_R1_001.fastq.gz_fastqc.zip
[2025-01-02 21:32:06,653] multiqc                                            [INFO   ]  Searching   : /glfs/brick01/gv0/putnamlab/jillashey/DT_Mcap_2023/smRNA/output/fastqc/flexbar_35bp/trim.flexbar.35bp.72_S81_R1_001.fastq.gz_fastqc.html
[2025-01-02 21:32:06,653] multiqc                                            [INFO   ]  Searching   : /glfs/brick01/gv0/putnamlab/jillashey/DT_Mcap_2023/smRNA/output/fastqc/flexbar_35bp/trim.flexbar.35bp.72_S81_R1_001.fastq.gz_fastqc.zip
[2025-01-02 21:32:06,653] multiqc                                            [INFO   ]  Searching   : /glfs/brick01/gv0/putnamlab/jillashey/DT_Mcap_2023/smRNA/output/fastqc/flexbar_35bp/trim.flexbar.35bp.73_small_RNA_S19_R1_001.fastq.gz_fastqc.html
[2025-01-02 21:32:06,654] multiqc                                            [INFO   ]  Searching   : /glfs/brick01/gv0/putnamlab/jillashey/DT_Mcap_2023/smRNA/output/fastqc/flexbar_35bp/trim.flexbar.35bp.73_small_RNA_S19_R1_001.fastq.gz_fastqc.zip
[2025-01-02 21:32:06,654] multiqc                                            [INFO   ]  Searching   : /glfs/brick01/gv0/putnamlab/jillashey/DT_Mcap_2023/smRNA/output/fastqc/flexbar_35bp/trim.flexbar.35bp.74_small_RNA_S20_R1_001.fastq.gz_fastqc.html
[2025-01-02 21:32:06,654] multiqc                                            [INFO   ]  Searching   : /glfs/brick01/gv0/putnamlab/jillashey/DT_Mcap_2023/smRNA/output/fastqc/flexbar_35bp/trim.flexbar.35bp.74_small_RNA_S20_R1_001.fastq.gz_fastqc.zip
[2025-01-02 21:32:06,654] multiqc                                            [INFO   ]  Searching   : /glfs/brick01/gv0/putnamlab/jillashey/DT_Mcap_2023/smRNA/output/fastqc/flexbar_35bp/trim.flexbar.35bp.75_small_RNA_S21_R1_001.fastq.gz_fastqc.html
[2025-01-02 21:32:06,654] multiqc                                            [INFO   ]  Searching   : /glfs/brick01/gv0/putnamlab/jillashey/DT_Mcap_2023/smRNA/output/fastqc/flexbar_35bp/trim.flexbar.35bp.75_small_RNA_S21_R1_001.fastq.gz_fastqc.zip
[2025-01-02 21:32:06,654] multiqc                                            [INFO   ]  Searching   : /glfs/brick01/gv0/putnamlab/jillashey/DT_Mcap_2023/smRNA/output/fastqc/flexbar_35bp/trim.flexbar.35bp.7_small_RNA_S2_R1_001.fastq.gz_fastqc.html
[2025-01-02 21:32:06,654] multiqc                                            [INFO   ]  Searching   : /glfs/brick01/gv0/putnamlab/jillashey/DT_Mcap_2023/smRNA/output/fastqc/flexbar_35bp/trim.flexbar.35bp.7_small_RNA_S2_R1_001.fastq.gz_fastqc.zip
[2025-01-02 21:32:06,654] multiqc                                            [INFO   ]  Searching   : /glfs/brick01/gv0/putnamlab/jillashey/DT_Mcap_2023/smRNA/output/fastqc/flexbar_35bp/trim.flexbar.35bp.85_S82_R1_001.fastq.gz_fastqc.html
[2025-01-02 21:32:06,655] multiqc                                            [INFO   ]  Searching   : /glfs/brick01/gv0/putnamlab/jillashey/DT_Mcap_2023/smRNA/output/fastqc/flexbar_35bp/trim.flexbar.35bp.85_S82_R1_001.fastq.gz_fastqc.zip
[2025-01-02 21:32:06,655] multiqc                                            [INFO   ]  Searching   : /glfs/brick01/gv0/putnamlab/jillashey/DT_Mcap_2023/smRNA/output/fastqc/flexbar_35bp/trim.flexbar.35bp.86_small_RNA_S22_R1_001.fastq.gz_fastqc.html
[2025-01-02 21:32:06,655] multiqc                                            [INFO   ]  Searching   : /glfs/brick01/gv0/putnamlab/jillashey/DT_Mcap_2023/smRNA/output/fastqc/flexbar_35bp/trim.flexbar.35bp.86_small_RNA_S22_R1_001.fastq.gz_fastqc.zip
[2025-01-02 21:32:06,655] multiqc                                            [INFO   ]  Searching   : /glfs/brick01/gv0/putnamlab/jillashey/DT_Mcap_2023/smRNA/output/fastqc/flexbar_35bp/trim.flexbar.35bp.87_small_RNA_S23_R1_001.fastq.gz_fastqc.html
[2025-01-02 21:32:06,655] multiqc                                            [INFO   ]  Searching   : /glfs/brick01/gv0/putnamlab/jillashey/DT_Mcap_2023/smRNA/output/fastqc/flexbar_35bp/trim.flexbar.35bp.87_small_RNA_S23_R1_001.fastq.gz_fastqc.zip
[2025-01-02 21:32:06,655] multiqc                                            [INFO   ]  Searching   : /glfs/brick01/gv0/putnamlab/jillashey/DT_Mcap_2023/smRNA/output/fastqc/flexbar_35bp/trim.flexbar.35bp.88_small_RNA_S24_R1_001.fastq.gz_fastqc.html
[2025-01-02 21:32:06,656] multiqc                                            [INFO   ]  Searching   : /glfs/brick01/gv0/putnamlab/jillashey/DT_Mcap_2023/smRNA/output/fastqc/flexbar_35bp/trim.flexbar.35bp.88_small_RNA_S24_R1_001.fastq.gz_fastqc.zip
[2025-01-02 21:32:06,656] multiqc                                            [INFO   ]  Searching   : /glfs/brick01/gv0/putnamlab/jillashey/DT_Mcap_2023/smRNA/output/fastqc/flexbar_35bp/trim.flexbar.35bp.8_small_RNA_S3_R1_001.fastq.gz_fastqc.html
[2025-01-02 21:32:06,656] multiqc                                            [INFO   ]  Searching   : /glfs/brick01/gv0/putnamlab/jillashey/DT_Mcap_2023/smRNA/output/fastqc/flexbar_35bp/trim.flexbar.35bp.8_small_RNA_S3_R1_001.fastq.gz_fastqc.zip
[2025-01-02 21:32:06,656] multiqc                                            [INFO   ]  Searching   : /glfs/brick01/gv0/putnamlab/jillashey/DT_Mcap_2023/smRNA/output/fastqc/flexbar_35bp/trim.flexbar.35bp.9_S75_R1_001.fastq.gz_fastqc.html
[2025-01-02 21:32:06,657] multiqc                                            [INFO   ]  Searching   : /glfs/brick01/gv0/putnamlab/jillashey/DT_Mcap_2023/smRNA/output/fastqc/flexbar_35bp/trim.flexbar.35bp.9_S75_R1_001.fastq.gz_fastqc.zip
[2025-01-02 21:32:06,657] multiqc                                            [DEBUG  ]  Analysing modules: custom_content, conpair, peddy, somalier, methylQA, mosdepth, phantompeakqualtools, qualimap, preseq, quast, qorts, rna_seqc, rockhopper, rsem, rseqc, busco, goleft_indexcov, disambiguate, supernova, deeptools, sargasso, verifybamid, mirtrace, happy, mirtop, homer, macs2, theta2, snpeff, gatk, htseq, bcftools, featureCounts, fgbio, dragen, dedup, damageprofiler, biobambam2, mtnucratio, picard, prokka, samblaster, samtools, sexdeterrmine, bamtools, jellyfish, vcftools, longranger, stacks, varscan2, bbmap, bismark, biscuit, hicexplorer, hicup, hicpro, salmon, kallisto, slamdunk, star, hisat2, tophat, bowtie2, bowtie1, snpsplit, kat, leehom, adapterRemoval, clipandmerge, cutadapt, flexbar, kaiju, kraken, malt, trimmomatic, sickle, skewer, sortmerna, biobloomtools, fastq_screen, afterqc, fastp, fastqc, pycoqc, minionqc, multivcfanalyzer, clusterflow, bcl2fastq, interop, ivar, flash, seqyclean
[2025-01-02 21:32:06,657] multiqc                                            [DEBUG  ]  Using temporary directory for creating report: /tmp/tmp3fh95btx
[2025-01-02 21:32:06,787] multiqc                                            [DEBUG  ]  File ignored by hicexplorer because it exceeded search pattern filesize limit: trim.flexbar.35bp.10_small_RNA_S4_R1_001.fastq.gz_fastqc.html
[2025-01-02 21:32:06,803] multiqc                                            [DEBUG  ]  File ignored by longranger/invocation because it exceeded search pattern filesize limit: trim.flexbar.35bp.10_small_RNA_S4_R1_001.fastq.gz_fastqc.html
[2025-01-02 21:32:06,803] multiqc                                            [DEBUG  ]  File ignored by rockhopper because it exceeded search pattern filesize limit: trim.flexbar.35bp.10_small_RNA_S4_R1_001.fastq.gz_fastqc.html
[2025-01-02 21:32:06,803] multiqc                                            [DEBUG  ]  File ignored by rseqc/bam_stat because it exceeded search pattern filesize limit: trim.flexbar.35bp.10_small_RNA_S4_R1_001.fastq.gz_fastqc.html
[2025-01-02 21:32:06,803] multiqc                                            [DEBUG  ]  File ignored by rseqc/junction_annotation because it exceeded search pattern filesize limit: trim.flexbar.35bp.10_small_RNA_S4_R1_001.fastq.gz_fastqc.html
[2025-01-02 21:32:06,803] multiqc                                            [DEBUG  ]  File ignored by rseqc/read_distribution because it exceeded search pattern filesize limit: trim.flexbar.35bp.10_small_RNA_S4_R1_001.fastq.gz_fastqc.html
[2025-01-02 21:32:06,803] multiqc                                            [DEBUG  ]  File ignored by rseqc/infer_experiment because it exceeded search pattern filesize limit: trim.flexbar.35bp.10_small_RNA_S4_R1_001.fastq.gz_fastqc.html
[2025-01-02 21:32:06,943] multiqc                                            [DEBUG  ]  File ignored by hicexplorer because it exceeded search pattern filesize limit: trim.flexbar.35bp.11_small_RNA_S5_R1_001.fastq.gz_fastqc.html
[2025-01-02 21:32:06,955] multiqc                                            [DEBUG  ]  File ignored by longranger/invocation because it exceeded search pattern filesize limit: trim.flexbar.35bp.11_small_RNA_S5_R1_001.fastq.gz_fastqc.html
[2025-01-02 21:32:06,955] multiqc                                            [DEBUG  ]  File ignored by rockhopper because it exceeded search pattern filesize limit: trim.flexbar.35bp.11_small_RNA_S5_R1_001.fastq.gz_fastqc.html
[2025-01-02 21:32:06,955] multiqc                                            [DEBUG  ]  File ignored by rseqc/bam_stat because it exceeded search pattern filesize limit: trim.flexbar.35bp.11_small_RNA_S5_R1_001.fastq.gz_fastqc.html
[2025-01-02 21:32:06,955] multiqc                                            [DEBUG  ]  File ignored by rseqc/junction_annotation because it exceeded search pattern filesize limit: trim.flexbar.35bp.11_small_RNA_S5_R1_001.fastq.gz_fastqc.html
[2025-01-02 21:32:06,955] multiqc                                            [DEBUG  ]  File ignored by rseqc/read_distribution because it exceeded search pattern filesize limit: trim.flexbar.35bp.11_small_RNA_S5_R1_001.fastq.gz_fastqc.html
[2025-01-02 21:32:06,955] multiqc                                            [DEBUG  ]  File ignored by rseqc/infer_experiment because it exceeded search pattern filesize limit: trim.flexbar.35bp.11_small_RNA_S5_R1_001.fastq.gz_fastqc.html
[2025-01-02 21:32:07,080] multiqc                                            [DEBUG  ]  File ignored by hicexplorer because it exceeded search pattern filesize limit: trim.flexbar.35bp.13_S76_R1_001.fastq.gz_fastqc.html
[2025-01-02 21:32:07,098] multiqc                                            [DEBUG  ]  File ignored by longranger/invocation because it exceeded search pattern filesize limit: trim.flexbar.35bp.13_S76_R1_001.fastq.gz_fastqc.html
[2025-01-02 21:32:07,098] multiqc                                            [DEBUG  ]  File ignored by rockhopper because it exceeded search pattern filesize limit: trim.flexbar.35bp.13_S76_R1_001.fastq.gz_fastqc.html
[2025-01-02 21:32:07,098] multiqc                                            [DEBUG  ]  File ignored by rseqc/bam_stat because it exceeded search pattern filesize limit: trim.flexbar.35bp.13_S76_R1_001.fastq.gz_fastqc.html
[2025-01-02 21:32:07,098] multiqc                                            [DEBUG  ]  File ignored by rseqc/junction_annotation because it exceeded search pattern filesize limit: trim.flexbar.35bp.13_S76_R1_001.fastq.gz_fastqc.html
[2025-01-02 21:32:07,098] multiqc                                            [DEBUG  ]  File ignored by rseqc/read_distribution because it exceeded search pattern filesize limit: trim.flexbar.35bp.13_S76_R1_001.fastq.gz_fastqc.html
[2025-01-02 21:32:07,098] multiqc                                            [DEBUG  ]  File ignored by rseqc/infer_experiment because it exceeded search pattern filesize limit: trim.flexbar.35bp.13_S76_R1_001.fastq.gz_fastqc.html
[2025-01-02 21:32:07,231] multiqc                                            [DEBUG  ]  File ignored by hicexplorer because it exceeded search pattern filesize limit: trim.flexbar.35bp.14_small_RNA_S6_R1_001.fastq.gz_fastqc.html
[2025-01-02 21:32:07,251] multiqc                                            [DEBUG  ]  File ignored by longranger/invocation because it exceeded search pattern filesize limit: trim.flexbar.35bp.14_small_RNA_S6_R1_001.fastq.gz_fastqc.html
[2025-01-02 21:32:07,251] multiqc                                            [DEBUG  ]  File ignored by rockhopper because it exceeded search pattern filesize limit: trim.flexbar.35bp.14_small_RNA_S6_R1_001.fastq.gz_fastqc.html
[2025-01-02 21:32:07,251] multiqc                                            [DEBUG  ]  File ignored by rseqc/bam_stat because it exceeded search pattern filesize limit: trim.flexbar.35bp.14_small_RNA_S6_R1_001.fastq.gz_fastqc.html
[2025-01-02 21:32:07,251] multiqc                                            [DEBUG  ]  File ignored by rseqc/junction_annotation because it exceeded search pattern filesize limit: trim.flexbar.35bp.14_small_RNA_S6_R1_001.fastq.gz_fastqc.html
[2025-01-02 21:32:07,251] multiqc                                            [DEBUG  ]  File ignored by rseqc/read_distribution because it exceeded search pattern filesize limit: trim.flexbar.35bp.14_small_RNA_S6_R1_001.fastq.gz_fastqc.html
[2025-01-02 21:32:07,251] multiqc                                            [DEBUG  ]  File ignored by rseqc/infer_experiment because it exceeded search pattern filesize limit: trim.flexbar.35bp.14_small_RNA_S6_R1_001.fastq.gz_fastqc.html
[2025-01-02 21:32:07,383] multiqc                                            [DEBUG  ]  File ignored by hicexplorer because it exceeded search pattern filesize limit: trim.flexbar.35bp.23_S77_R1_001.fastq.gz_fastqc.html
[2025-01-02 21:32:07,400] multiqc                                            [DEBUG  ]  File ignored by longranger/invocation because it exceeded search pattern filesize limit: trim.flexbar.35bp.23_S77_R1_001.fastq.gz_fastqc.html
[2025-01-02 21:32:07,400] multiqc                                            [DEBUG  ]  File ignored by rockhopper because it exceeded search pattern filesize limit: trim.flexbar.35bp.23_S77_R1_001.fastq.gz_fastqc.html
[2025-01-02 21:32:07,400] multiqc                                            [DEBUG  ]  File ignored by rseqc/bam_stat because it exceeded search pattern filesize limit: trim.flexbar.35bp.23_S77_R1_001.fastq.gz_fastqc.html
[2025-01-02 21:32:07,400] multiqc                                            [DEBUG  ]  File ignored by rseqc/junction_annotation because it exceeded search pattern filesize limit: trim.flexbar.35bp.23_S77_R1_001.fastq.gz_fastqc.html
[2025-01-02 21:32:07,401] multiqc                                            [DEBUG  ]  File ignored by rseqc/read_distribution because it exceeded search pattern filesize limit: trim.flexbar.35bp.23_S77_R1_001.fastq.gz_fastqc.html
[2025-01-02 21:32:07,401] multiqc                                            [DEBUG  ]  File ignored by rseqc/infer_experiment because it exceeded search pattern filesize limit: trim.flexbar.35bp.23_S77_R1_001.fastq.gz_fastqc.html
[2025-01-02 21:32:07,529] multiqc                                            [DEBUG  ]  File ignored by hicexplorer because it exceeded search pattern filesize limit: trim.flexbar.35bp.24_small_RNA_S7_R1_001.fastq.gz_fastqc.html
[2025-01-02 21:32:07,546] multiqc                                            [DEBUG  ]  File ignored by longranger/invocation because it exceeded search pattern filesize limit: trim.flexbar.35bp.24_small_RNA_S7_R1_001.fastq.gz_fastqc.html
[2025-01-02 21:32:07,546] multiqc                                            [DEBUG  ]  File ignored by rockhopper because it exceeded search pattern filesize limit: trim.flexbar.35bp.24_small_RNA_S7_R1_001.fastq.gz_fastqc.html
[2025-01-02 21:32:07,546] multiqc                                            [DEBUG  ]  File ignored by rseqc/bam_stat because it exceeded search pattern filesize limit: trim.flexbar.35bp.24_small_RNA_S7_R1_001.fastq.gz_fastqc.html
[2025-01-02 21:32:07,547] multiqc                                            [DEBUG  ]  File ignored by rseqc/junction_annotation because it exceeded search pattern filesize limit: trim.flexbar.35bp.24_small_RNA_S7_R1_001.fastq.gz_fastqc.html
[2025-01-02 21:32:07,547] multiqc                                            [DEBUG  ]  File ignored by rseqc/read_distribution because it exceeded search pattern filesize limit: trim.flexbar.35bp.24_small_RNA_S7_R1_001.fastq.gz_fastqc.html
[2025-01-02 21:32:07,547] multiqc                                            [DEBUG  ]  File ignored by rseqc/infer_experiment because it exceeded search pattern filesize limit: trim.flexbar.35bp.24_small_RNA_S7_R1_001.fastq.gz_fastqc.html
[2025-01-02 21:32:07,693] multiqc                                            [DEBUG  ]  File ignored by hicexplorer because it exceeded search pattern filesize limit: trim.flexbar.35bp.26_small_RNA_S8_R1_001.fastq.gz_fastqc.html
[2025-01-02 21:32:07,709] multiqc                                            [DEBUG  ]  File ignored by longranger/invocation because it exceeded search pattern filesize limit: trim.flexbar.35bp.26_small_RNA_S8_R1_001.fastq.gz_fastqc.html
[2025-01-02 21:32:07,709] multiqc                                            [DEBUG  ]  File ignored by rockhopper because it exceeded search pattern filesize limit: trim.flexbar.35bp.26_small_RNA_S8_R1_001.fastq.gz_fastqc.html
[2025-01-02 21:32:07,709] multiqc                                            [DEBUG  ]  File ignored by rseqc/bam_stat because it exceeded search pattern filesize limit: trim.flexbar.35bp.26_small_RNA_S8_R1_001.fastq.gz_fastqc.html
[2025-01-02 21:32:07,709] multiqc                                            [DEBUG  ]  File ignored by rseqc/junction_annotation because it exceeded search pattern filesize limit: trim.flexbar.35bp.26_small_RNA_S8_R1_001.fastq.gz_fastqc.html
[2025-01-02 21:32:07,710] multiqc                                            [DEBUG  ]  File ignored by rseqc/read_distribution because it exceeded search pattern filesize limit: trim.flexbar.35bp.26_small_RNA_S8_R1_001.fastq.gz_fastqc.html
[2025-01-02 21:32:07,710] multiqc                                            [DEBUG  ]  File ignored by rseqc/infer_experiment because it exceeded search pattern filesize limit: trim.flexbar.35bp.26_small_RNA_S8_R1_001.fastq.gz_fastqc.html
[2025-01-02 21:32:07,843] multiqc                                            [DEBUG  ]  File ignored by hicexplorer because it exceeded search pattern filesize limit: trim.flexbar.35bp.28_small_RNA_S9_R1_001.fastq.gz_fastqc.html
[2025-01-02 21:32:07,861] multiqc                                            [DEBUG  ]  File ignored by longranger/invocation because it exceeded search pattern filesize limit: trim.flexbar.35bp.28_small_RNA_S9_R1_001.fastq.gz_fastqc.html
[2025-01-02 21:32:07,861] multiqc                                            [DEBUG  ]  File ignored by rockhopper because it exceeded search pattern filesize limit: trim.flexbar.35bp.28_small_RNA_S9_R1_001.fastq.gz_fastqc.html
[2025-01-02 21:32:07,861] multiqc                                            [DEBUG  ]  File ignored by rseqc/bam_stat because it exceeded search pattern filesize limit: trim.flexbar.35bp.28_small_RNA_S9_R1_001.fastq.gz_fastqc.html
[2025-01-02 21:32:07,861] multiqc                                            [DEBUG  ]  File ignored by rseqc/junction_annotation because it exceeded search pattern filesize limit: trim.flexbar.35bp.28_small_RNA_S9_R1_001.fastq.gz_fastqc.html
[2025-01-02 21:32:07,861] multiqc                                            [DEBUG  ]  File ignored by rseqc/read_distribution because it exceeded search pattern filesize limit: trim.flexbar.35bp.28_small_RNA_S9_R1_001.fastq.gz_fastqc.html
[2025-01-02 21:32:07,861] multiqc                                            [DEBUG  ]  File ignored by rseqc/infer_experiment because it exceeded search pattern filesize limit: trim.flexbar.35bp.28_small_RNA_S9_R1_001.fastq.gz_fastqc.html
[2025-01-02 21:32:07,990] multiqc                                            [DEBUG  ]  File ignored by hicexplorer because it exceeded search pattern filesize limit: trim.flexbar.35bp.35_S78_R1_001.fastq.gz_fastqc.html
[2025-01-02 21:32:08,004] multiqc                                            [DEBUG  ]  File ignored by longranger/invocation because it exceeded search pattern filesize limit: trim.flexbar.35bp.35_S78_R1_001.fastq.gz_fastqc.html
[2025-01-02 21:32:08,004] multiqc                                            [DEBUG  ]  File ignored by rockhopper because it exceeded search pattern filesize limit: trim.flexbar.35bp.35_S78_R1_001.fastq.gz_fastqc.html
[2025-01-02 21:32:08,004] multiqc                                            [DEBUG  ]  File ignored by rseqc/bam_stat because it exceeded search pattern filesize limit: trim.flexbar.35bp.35_S78_R1_001.fastq.gz_fastqc.html
[2025-01-02 21:32:08,004] multiqc                                            [DEBUG  ]  File ignored by rseqc/junction_annotation because it exceeded search pattern filesize limit: trim.flexbar.35bp.35_S78_R1_001.fastq.gz_fastqc.html
[2025-01-02 21:32:08,004] multiqc                                            [DEBUG  ]  File ignored by rseqc/read_distribution because it exceeded search pattern filesize limit: trim.flexbar.35bp.35_S78_R1_001.fastq.gz_fastqc.html
[2025-01-02 21:32:08,004] multiqc                                            [DEBUG  ]  File ignored by rseqc/infer_experiment because it exceeded search pattern filesize limit: trim.flexbar.35bp.35_S78_R1_001.fastq.gz_fastqc.html
[2025-01-02 21:32:08,131] multiqc                                            [DEBUG  ]  File ignored by hicexplorer because it exceeded search pattern filesize limit: trim.flexbar.35bp.36_small_RNA_S10_R1_001.fastq.gz_fastqc.html
[2025-01-02 21:32:08,149] multiqc                                            [DEBUG  ]  File ignored by longranger/invocation because it exceeded search pattern filesize limit: trim.flexbar.35bp.36_small_RNA_S10_R1_001.fastq.gz_fastqc.html
[2025-01-02 21:32:08,149] multiqc                                            [DEBUG  ]  File ignored by rockhopper because it exceeded search pattern filesize limit: trim.flexbar.35bp.36_small_RNA_S10_R1_001.fastq.gz_fastqc.html
[2025-01-02 21:32:08,149] multiqc                                            [DEBUG  ]  File ignored by rseqc/bam_stat because it exceeded search pattern filesize limit: trim.flexbar.35bp.36_small_RNA_S10_R1_001.fastq.gz_fastqc.html
[2025-01-02 21:32:08,149] multiqc                                            [DEBUG  ]  File ignored by rseqc/junction_annotation because it exceeded search pattern filesize limit: trim.flexbar.35bp.36_small_RNA_S10_R1_001.fastq.gz_fastqc.html
[2025-01-02 21:32:08,149] multiqc                                            [DEBUG  ]  File ignored by rseqc/read_distribution because it exceeded search pattern filesize limit: trim.flexbar.35bp.36_small_RNA_S10_R1_001.fastq.gz_fastqc.html
[2025-01-02 21:32:08,150] multiqc                                            [DEBUG  ]  File ignored by rseqc/infer_experiment because it exceeded search pattern filesize limit: trim.flexbar.35bp.36_small_RNA_S10_R1_001.fastq.gz_fastqc.html
[2025-01-02 21:32:08,291] multiqc                                            [DEBUG  ]  File ignored by hicexplorer because it exceeded search pattern filesize limit: trim.flexbar.35bp.37_small_RNA_S11_R1_001.fastq.gz_fastqc.html
[2025-01-02 21:32:08,308] multiqc                                            [DEBUG  ]  File ignored by longranger/invocation because it exceeded search pattern filesize limit: trim.flexbar.35bp.37_small_RNA_S11_R1_001.fastq.gz_fastqc.html
[2025-01-02 21:32:08,308] multiqc                                            [DEBUG  ]  File ignored by rockhopper because it exceeded search pattern filesize limit: trim.flexbar.35bp.37_small_RNA_S11_R1_001.fastq.gz_fastqc.html
[2025-01-02 21:32:08,308] multiqc                                            [DEBUG  ]  File ignored by rseqc/bam_stat because it exceeded search pattern filesize limit: trim.flexbar.35bp.37_small_RNA_S11_R1_001.fastq.gz_fastqc.html
[2025-01-02 21:32:08,308] multiqc                                            [DEBUG  ]  File ignored by rseqc/junction_annotation because it exceeded search pattern filesize limit: trim.flexbar.35bp.37_small_RNA_S11_R1_001.fastq.gz_fastqc.html
[2025-01-02 21:32:08,308] multiqc                                            [DEBUG  ]  File ignored by rseqc/read_distribution because it exceeded search pattern filesize limit: trim.flexbar.35bp.37_small_RNA_S11_R1_001.fastq.gz_fastqc.html
[2025-01-02 21:32:08,308] multiqc                                            [DEBUG  ]  File ignored by rseqc/infer_experiment because it exceeded search pattern filesize limit: trim.flexbar.35bp.37_small_RNA_S11_R1_001.fastq.gz_fastqc.html
[2025-01-02 21:32:08,431] multiqc                                            [DEBUG  ]  File ignored by hicexplorer because it exceeded search pattern filesize limit: trim.flexbar.35bp.39_small_RNA_S12_R1_001.fastq.gz_fastqc.html
[2025-01-02 21:32:08,443] multiqc                                            [DEBUG  ]  File ignored by longranger/invocation because it exceeded search pattern filesize limit: trim.flexbar.35bp.39_small_RNA_S12_R1_001.fastq.gz_fastqc.html
[2025-01-02 21:32:08,443] multiqc                                            [DEBUG  ]  File ignored by rockhopper because it exceeded search pattern filesize limit: trim.flexbar.35bp.39_small_RNA_S12_R1_001.fastq.gz_fastqc.html
[2025-01-02 21:32:08,443] multiqc                                            [DEBUG  ]  File ignored by rseqc/bam_stat because it exceeded search pattern filesize limit: trim.flexbar.35bp.39_small_RNA_S12_R1_001.fastq.gz_fastqc.html
[2025-01-02 21:32:08,443] multiqc                                            [DEBUG  ]  File ignored by rseqc/junction_annotation because it exceeded search pattern filesize limit: trim.flexbar.35bp.39_small_RNA_S12_R1_001.fastq.gz_fastqc.html
[2025-01-02 21:32:08,443] multiqc                                            [DEBUG  ]  File ignored by rseqc/read_distribution because it exceeded search pattern filesize limit: trim.flexbar.35bp.39_small_RNA_S12_R1_001.fastq.gz_fastqc.html
[2025-01-02 21:32:08,443] multiqc                                            [DEBUG  ]  File ignored by rseqc/infer_experiment because it exceeded search pattern filesize limit: trim.flexbar.35bp.39_small_RNA_S12_R1_001.fastq.gz_fastqc.html
[2025-01-02 21:32:08,562] multiqc                                            [DEBUG  ]  File ignored by hicexplorer because it exceeded search pattern filesize limit: trim.flexbar.35bp.47_small_RNA_S13_R1_001.fastq.gz_fastqc.html
[2025-01-02 21:32:08,579] multiqc                                            [DEBUG  ]  File ignored by longranger/invocation because it exceeded search pattern filesize limit: trim.flexbar.35bp.47_small_RNA_S13_R1_001.fastq.gz_fastqc.html
[2025-01-02 21:32:08,579] multiqc                                            [DEBUG  ]  File ignored by rockhopper because it exceeded search pattern filesize limit: trim.flexbar.35bp.47_small_RNA_S13_R1_001.fastq.gz_fastqc.html
[2025-01-02 21:32:08,579] multiqc                                            [DEBUG  ]  File ignored by rseqc/bam_stat because it exceeded search pattern filesize limit: trim.flexbar.35bp.47_small_RNA_S13_R1_001.fastq.gz_fastqc.html
[2025-01-02 21:32:08,579] multiqc                                            [DEBUG  ]  File ignored by rseqc/junction_annotation because it exceeded search pattern filesize limit: trim.flexbar.35bp.47_small_RNA_S13_R1_001.fastq.gz_fastqc.html
[2025-01-02 21:32:08,579] multiqc                                            [DEBUG  ]  File ignored by rseqc/read_distribution because it exceeded search pattern filesize limit: trim.flexbar.35bp.47_small_RNA_S13_R1_001.fastq.gz_fastqc.html
[2025-01-02 21:32:08,579] multiqc                                            [DEBUG  ]  File ignored by rseqc/infer_experiment because it exceeded search pattern filesize limit: trim.flexbar.35bp.47_small_RNA_S13_R1_001.fastq.gz_fastqc.html
[2025-01-02 21:32:08,717] multiqc                                            [DEBUG  ]  File ignored by hicexplorer because it exceeded search pattern filesize limit: trim.flexbar.35bp.48_small_RNA_S14_R1_001.fastq.gz_fastqc.html
[2025-01-02 21:32:08,735] multiqc                                            [DEBUG  ]  File ignored by longranger/invocation because it exceeded search pattern filesize limit: trim.flexbar.35bp.48_small_RNA_S14_R1_001.fastq.gz_fastqc.html
[2025-01-02 21:32:08,735] multiqc                                            [DEBUG  ]  File ignored by rockhopper because it exceeded search pattern filesize limit: trim.flexbar.35bp.48_small_RNA_S14_R1_001.fastq.gz_fastqc.html
[2025-01-02 21:32:08,735] multiqc                                            [DEBUG  ]  File ignored by rseqc/bam_stat because it exceeded search pattern filesize limit: trim.flexbar.35bp.48_small_RNA_S14_R1_001.fastq.gz_fastqc.html
[2025-01-02 21:32:08,735] multiqc                                            [DEBUG  ]  File ignored by rseqc/junction_annotation because it exceeded search pattern filesize limit: trim.flexbar.35bp.48_small_RNA_S14_R1_001.fastq.gz_fastqc.html
[2025-01-02 21:32:08,735] multiqc                                            [DEBUG  ]  File ignored by rseqc/read_distribution because it exceeded search pattern filesize limit: trim.flexbar.35bp.48_small_RNA_S14_R1_001.fastq.gz_fastqc.html
[2025-01-02 21:32:08,735] multiqc                                            [DEBUG  ]  File ignored by rseqc/infer_experiment because it exceeded search pattern filesize limit: trim.flexbar.35bp.48_small_RNA_S14_R1_001.fastq.gz_fastqc.html
[2025-01-02 21:32:08,870] multiqc                                            [DEBUG  ]  File ignored by hicexplorer because it exceeded search pattern filesize limit: trim.flexbar.35bp.51_small_RNA_S15_R1_001.fastq.gz_fastqc.html
[2025-01-02 21:32:08,888] multiqc                                            [DEBUG  ]  File ignored by longranger/invocation because it exceeded search pattern filesize limit: trim.flexbar.35bp.51_small_RNA_S15_R1_001.fastq.gz_fastqc.html
[2025-01-02 21:32:08,888] multiqc                                            [DEBUG  ]  File ignored by rockhopper because it exceeded search pattern filesize limit: trim.flexbar.35bp.51_small_RNA_S15_R1_001.fastq.gz_fastqc.html
[2025-01-02 21:32:08,888] multiqc                                            [DEBUG  ]  File ignored by rseqc/bam_stat because it exceeded search pattern filesize limit: trim.flexbar.35bp.51_small_RNA_S15_R1_001.fastq.gz_fastqc.html
[2025-01-02 21:32:08,888] multiqc                                            [DEBUG  ]  File ignored by rseqc/junction_annotation because it exceeded search pattern filesize limit: trim.flexbar.35bp.51_small_RNA_S15_R1_001.fastq.gz_fastqc.html
[2025-01-02 21:32:08,888] multiqc                                            [DEBUG  ]  File ignored by rseqc/read_distribution because it exceeded search pattern filesize limit: trim.flexbar.35bp.51_small_RNA_S15_R1_001.fastq.gz_fastqc.html
[2025-01-02 21:32:08,888] multiqc                                            [DEBUG  ]  File ignored by rseqc/infer_experiment because it exceeded search pattern filesize limit: trim.flexbar.35bp.51_small_RNA_S15_R1_001.fastq.gz_fastqc.html
[2025-01-02 21:32:09,021] multiqc                                            [DEBUG  ]  File ignored by hicexplorer because it exceeded search pattern filesize limit: trim.flexbar.35bp.52_S79_R1_001.fastq.gz_fastqc.html
[2025-01-02 21:32:09,038] multiqc                                            [DEBUG  ]  File ignored by longranger/invocation because it exceeded search pattern filesize limit: trim.flexbar.35bp.52_S79_R1_001.fastq.gz_fastqc.html
[2025-01-02 21:32:09,038] multiqc                                            [DEBUG  ]  File ignored by rockhopper because it exceeded search pattern filesize limit: trim.flexbar.35bp.52_S79_R1_001.fastq.gz_fastqc.html
[2025-01-02 21:32:09,038] multiqc                                            [DEBUG  ]  File ignored by rseqc/bam_stat because it exceeded search pattern filesize limit: trim.flexbar.35bp.52_S79_R1_001.fastq.gz_fastqc.html
[2025-01-02 21:32:09,038] multiqc                                            [DEBUG  ]  File ignored by rseqc/junction_annotation because it exceeded search pattern filesize limit: trim.flexbar.35bp.52_S79_R1_001.fastq.gz_fastqc.html
[2025-01-02 21:32:09,038] multiqc                                            [DEBUG  ]  File ignored by rseqc/read_distribution because it exceeded search pattern filesize limit: trim.flexbar.35bp.52_S79_R1_001.fastq.gz_fastqc.html
[2025-01-02 21:32:09,039] multiqc                                            [DEBUG  ]  File ignored by rseqc/infer_experiment because it exceeded search pattern filesize limit: trim.flexbar.35bp.52_S79_R1_001.fastq.gz_fastqc.html
[2025-01-02 21:32:09,158] multiqc                                            [DEBUG  ]  File ignored by hicexplorer because it exceeded search pattern filesize limit: trim.flexbar.35bp.60_S80_R1_001.fastq.gz_fastqc.html
[2025-01-02 21:32:09,169] multiqc                                            [DEBUG  ]  File ignored by longranger/invocation because it exceeded search pattern filesize limit: trim.flexbar.35bp.60_S80_R1_001.fastq.gz_fastqc.html
[2025-01-02 21:32:09,169] multiqc                                            [DEBUG  ]  File ignored by rockhopper because it exceeded search pattern filesize limit: trim.flexbar.35bp.60_S80_R1_001.fastq.gz_fastqc.html
[2025-01-02 21:32:09,169] multiqc                                            [DEBUG  ]  File ignored by rseqc/bam_stat because it exceeded search pattern filesize limit: trim.flexbar.35bp.60_S80_R1_001.fastq.gz_fastqc.html
[2025-01-02 21:32:09,169] multiqc                                            [DEBUG  ]  File ignored by rseqc/junction_annotation because it exceeded search pattern filesize limit: trim.flexbar.35bp.60_S80_R1_001.fastq.gz_fastqc.html
[2025-01-02 21:32:09,169] multiqc                                            [DEBUG  ]  File ignored by rseqc/read_distribution because it exceeded search pattern filesize limit: trim.flexbar.35bp.60_S80_R1_001.fastq.gz_fastqc.html
[2025-01-02 21:32:09,169] multiqc                                            [DEBUG  ]  File ignored by rseqc/infer_experiment because it exceeded search pattern filesize limit: trim.flexbar.35bp.60_S80_R1_001.fastq.gz_fastqc.html
[2025-01-02 21:32:09,292] multiqc                                            [DEBUG  ]  File ignored by hicexplorer because it exceeded search pattern filesize limit: trim.flexbar.35bp.61_small_RNA_S16_R1_001.fastq.gz_fastqc.html
[2025-01-02 21:32:09,310] multiqc                                            [DEBUG  ]  File ignored by longranger/invocation because it exceeded search pattern filesize limit: trim.flexbar.35bp.61_small_RNA_S16_R1_001.fastq.gz_fastqc.html
[2025-01-02 21:32:09,310] multiqc                                            [DEBUG  ]  File ignored by rockhopper because it exceeded search pattern filesize limit: trim.flexbar.35bp.61_small_RNA_S16_R1_001.fastq.gz_fastqc.html
[2025-01-02 21:32:09,310] multiqc                                            [DEBUG  ]  File ignored by rseqc/bam_stat because it exceeded search pattern filesize limit: trim.flexbar.35bp.61_small_RNA_S16_R1_001.fastq.gz_fastqc.html
[2025-01-02 21:32:09,310] multiqc                                            [DEBUG  ]  File ignored by rseqc/junction_annotation because it exceeded search pattern filesize limit: trim.flexbar.35bp.61_small_RNA_S16_R1_001.fastq.gz_fastqc.html
[2025-01-02 21:32:09,310] multiqc                                            [DEBUG  ]  File ignored by rseqc/read_distribution because it exceeded search pattern filesize limit: trim.flexbar.35bp.61_small_RNA_S16_R1_001.fastq.gz_fastqc.html
[2025-01-02 21:32:09,310] multiqc                                            [DEBUG  ]  File ignored by rseqc/infer_experiment because it exceeded search pattern filesize limit: trim.flexbar.35bp.61_small_RNA_S16_R1_001.fastq.gz_fastqc.html
[2025-01-02 21:32:09,443] multiqc                                            [DEBUG  ]  File ignored by hicexplorer because it exceeded search pattern filesize limit: trim.flexbar.35bp.62_small_RNA_S17_R1_001.fastq.gz_fastqc.html
[2025-01-02 21:32:09,461] multiqc                                            [DEBUG  ]  File ignored by longranger/invocation because it exceeded search pattern filesize limit: trim.flexbar.35bp.62_small_RNA_S17_R1_001.fastq.gz_fastqc.html
[2025-01-02 21:32:09,461] multiqc                                            [DEBUG  ]  File ignored by rockhopper because it exceeded search pattern filesize limit: trim.flexbar.35bp.62_small_RNA_S17_R1_001.fastq.gz_fastqc.html
[2025-01-02 21:32:09,461] multiqc                                            [DEBUG  ]  File ignored by rseqc/bam_stat because it exceeded search pattern filesize limit: trim.flexbar.35bp.62_small_RNA_S17_R1_001.fastq.gz_fastqc.html
[2025-01-02 21:32:09,461] multiqc                                            [DEBUG  ]  File ignored by rseqc/junction_annotation because it exceeded search pattern filesize limit: trim.flexbar.35bp.62_small_RNA_S17_R1_001.fastq.gz_fastqc.html
[2025-01-02 21:32:09,461] multiqc                                            [DEBUG  ]  File ignored by rseqc/read_distribution because it exceeded search pattern filesize limit: trim.flexbar.35bp.62_small_RNA_S17_R1_001.fastq.gz_fastqc.html
[2025-01-02 21:32:09,461] multiqc                                            [DEBUG  ]  File ignored by rseqc/infer_experiment because it exceeded search pattern filesize limit: trim.flexbar.35bp.62_small_RNA_S17_R1_001.fastq.gz_fastqc.html
[2025-01-02 21:32:09,595] multiqc                                            [DEBUG  ]  File ignored by hicexplorer because it exceeded search pattern filesize limit: trim.flexbar.35bp.63_small_RNA_S18_R1_001.fastq.gz_fastqc.html
[2025-01-02 21:32:09,614] multiqc                                            [DEBUG  ]  File ignored by longranger/invocation because it exceeded search pattern filesize limit: trim.flexbar.35bp.63_small_RNA_S18_R1_001.fastq.gz_fastqc.html
[2025-01-02 21:32:09,614] multiqc                                            [DEBUG  ]  File ignored by rockhopper because it exceeded search pattern filesize limit: trim.flexbar.35bp.63_small_RNA_S18_R1_001.fastq.gz_fastqc.html
[2025-01-02 21:32:09,614] multiqc                                            [DEBUG  ]  File ignored by rseqc/bam_stat because it exceeded search pattern filesize limit: trim.flexbar.35bp.63_small_RNA_S18_R1_001.fastq.gz_fastqc.html
[2025-01-02 21:32:09,614] multiqc                                            [DEBUG  ]  File ignored by rseqc/junction_annotation because it exceeded search pattern filesize limit: trim.flexbar.35bp.63_small_RNA_S18_R1_001.fastq.gz_fastqc.html
[2025-01-02 21:32:09,614] multiqc                                            [DEBUG  ]  File ignored by rseqc/read_distribution because it exceeded search pattern filesize limit: trim.flexbar.35bp.63_small_RNA_S18_R1_001.fastq.gz_fastqc.html
[2025-01-02 21:32:09,614] multiqc                                            [DEBUG  ]  File ignored by rseqc/infer_experiment because it exceeded search pattern filesize limit: trim.flexbar.35bp.63_small_RNA_S18_R1_001.fastq.gz_fastqc.html
[2025-01-02 21:32:09,745] multiqc                                            [DEBUG  ]  File ignored by hicexplorer because it exceeded search pattern filesize limit: trim.flexbar.35bp.6_small_RNA_S1_R1_001.fastq.gz_fastqc.html
[2025-01-02 21:32:09,759] multiqc                                            [DEBUG  ]  File ignored by longranger/invocation because it exceeded search pattern filesize limit: trim.flexbar.35bp.6_small_RNA_S1_R1_001.fastq.gz_fastqc.html
[2025-01-02 21:32:09,759] multiqc                                            [DEBUG  ]  File ignored by rockhopper because it exceeded search pattern filesize limit: trim.flexbar.35bp.6_small_RNA_S1_R1_001.fastq.gz_fastqc.html
[2025-01-02 21:32:09,760] multiqc                                            [DEBUG  ]  File ignored by rseqc/bam_stat because it exceeded search pattern filesize limit: trim.flexbar.35bp.6_small_RNA_S1_R1_001.fastq.gz_fastqc.html
[2025-01-02 21:32:09,760] multiqc                                            [DEBUG  ]  File ignored by rseqc/junction_annotation because it exceeded search pattern filesize limit: trim.flexbar.35bp.6_small_RNA_S1_R1_001.fastq.gz_fastqc.html
[2025-01-02 21:32:09,760] multiqc                                            [DEBUG  ]  File ignored by rseqc/read_distribution because it exceeded search pattern filesize limit: trim.flexbar.35bp.6_small_RNA_S1_R1_001.fastq.gz_fastqc.html
[2025-01-02 21:32:09,760] multiqc                                            [DEBUG  ]  File ignored by rseqc/infer_experiment because it exceeded search pattern filesize limit: trim.flexbar.35bp.6_small_RNA_S1_R1_001.fastq.gz_fastqc.html
[2025-01-02 21:32:09,884] multiqc                                            [DEBUG  ]  File ignored by hicexplorer because it exceeded search pattern filesize limit: trim.flexbar.35bp.72_S81_R1_001.fastq.gz_fastqc.html
[2025-01-02 21:32:09,898] multiqc                                            [DEBUG  ]  File ignored by longranger/invocation because it exceeded search pattern filesize limit: trim.flexbar.35bp.72_S81_R1_001.fastq.gz_fastqc.html
[2025-01-02 21:32:09,899] multiqc                                            [DEBUG  ]  File ignored by rockhopper because it exceeded search pattern filesize limit: trim.flexbar.35bp.72_S81_R1_001.fastq.gz_fastqc.html
[2025-01-02 21:32:09,899] multiqc                                            [DEBUG  ]  File ignored by rseqc/bam_stat because it exceeded search pattern filesize limit: trim.flexbar.35bp.72_S81_R1_001.fastq.gz_fastqc.html
[2025-01-02 21:32:09,899] multiqc                                            [DEBUG  ]  File ignored by rseqc/junction_annotation because it exceeded search pattern filesize limit: trim.flexbar.35bp.72_S81_R1_001.fastq.gz_fastqc.html
[2025-01-02 21:32:09,899] multiqc                                            [DEBUG  ]  File ignored by rseqc/read_distribution because it exceeded search pattern filesize limit: trim.flexbar.35bp.72_S81_R1_001.fastq.gz_fastqc.html
[2025-01-02 21:32:09,899] multiqc                                            [DEBUG  ]  File ignored by rseqc/infer_experiment because it exceeded search pattern filesize limit: trim.flexbar.35bp.72_S81_R1_001.fastq.gz_fastqc.html
[2025-01-02 21:32:10,028] multiqc                                            [DEBUG  ]  File ignored by hicexplorer because it exceeded search pattern filesize limit: trim.flexbar.35bp.73_small_RNA_S19_R1_001.fastq.gz_fastqc.html
[2025-01-02 21:32:10,048] multiqc                                            [DEBUG  ]  File ignored by longranger/invocation because it exceeded search pattern filesize limit: trim.flexbar.35bp.73_small_RNA_S19_R1_001.fastq.gz_fastqc.html
[2025-01-02 21:32:10,048] multiqc                                            [DEBUG  ]  File ignored by rockhopper because it exceeded search pattern filesize limit: trim.flexbar.35bp.73_small_RNA_S19_R1_001.fastq.gz_fastqc.html
[2025-01-02 21:32:10,048] multiqc                                            [DEBUG  ]  File ignored by rseqc/bam_stat because it exceeded search pattern filesize limit: trim.flexbar.35bp.73_small_RNA_S19_R1_001.fastq.gz_fastqc.html
[2025-01-02 21:32:10,048] multiqc                                            [DEBUG  ]  File ignored by rseqc/junction_annotation because it exceeded search pattern filesize limit: trim.flexbar.35bp.73_small_RNA_S19_R1_001.fastq.gz_fastqc.html
[2025-01-02 21:32:10,048] multiqc                                            [DEBUG  ]  File ignored by rseqc/read_distribution because it exceeded search pattern filesize limit: trim.flexbar.35bp.73_small_RNA_S19_R1_001.fastq.gz_fastqc.html
[2025-01-02 21:32:10,048] multiqc                                            [DEBUG  ]  File ignored by rseqc/infer_experiment because it exceeded search pattern filesize limit: trim.flexbar.35bp.73_small_RNA_S19_R1_001.fastq.gz_fastqc.html
[2025-01-02 21:32:10,193] multiqc                                            [DEBUG  ]  File ignored by hicexplorer because it exceeded search pattern filesize limit: trim.flexbar.35bp.74_small_RNA_S20_R1_001.fastq.gz_fastqc.html
[2025-01-02 21:32:10,211] multiqc                                            [DEBUG  ]  File ignored by longranger/invocation because it exceeded search pattern filesize limit: trim.flexbar.35bp.74_small_RNA_S20_R1_001.fastq.gz_fastqc.html
[2025-01-02 21:32:10,211] multiqc                                            [DEBUG  ]  File ignored by rockhopper because it exceeded search pattern filesize limit: trim.flexbar.35bp.74_small_RNA_S20_R1_001.fastq.gz_fastqc.html
[2025-01-02 21:32:10,211] multiqc                                            [DEBUG  ]  File ignored by rseqc/bam_stat because it exceeded search pattern filesize limit: trim.flexbar.35bp.74_small_RNA_S20_R1_001.fastq.gz_fastqc.html
[2025-01-02 21:32:10,211] multiqc                                            [DEBUG  ]  File ignored by rseqc/junction_annotation because it exceeded search pattern filesize limit: trim.flexbar.35bp.74_small_RNA_S20_R1_001.fastq.gz_fastqc.html
[2025-01-02 21:32:10,211] multiqc                                            [DEBUG  ]  File ignored by rseqc/read_distribution because it exceeded search pattern filesize limit: trim.flexbar.35bp.74_small_RNA_S20_R1_001.fastq.gz_fastqc.html
[2025-01-02 21:32:10,211] multiqc                                            [DEBUG  ]  File ignored by rseqc/infer_experiment because it exceeded search pattern filesize limit: trim.flexbar.35bp.74_small_RNA_S20_R1_001.fastq.gz_fastqc.html
[2025-01-02 21:32:10,343] multiqc                                            [DEBUG  ]  File ignored by hicexplorer because it exceeded search pattern filesize limit: trim.flexbar.35bp.75_small_RNA_S21_R1_001.fastq.gz_fastqc.html
[2025-01-02 21:32:10,359] multiqc                                            [DEBUG  ]  File ignored by longranger/invocation because it exceeded search pattern filesize limit: trim.flexbar.35bp.75_small_RNA_S21_R1_001.fastq.gz_fastqc.html
[2025-01-02 21:32:10,359] multiqc                                            [DEBUG  ]  File ignored by rockhopper because it exceeded search pattern filesize limit: trim.flexbar.35bp.75_small_RNA_S21_R1_001.fastq.gz_fastqc.html
[2025-01-02 21:32:10,359] multiqc                                            [DEBUG  ]  File ignored by rseqc/bam_stat because it exceeded search pattern filesize limit: trim.flexbar.35bp.75_small_RNA_S21_R1_001.fastq.gz_fastqc.html
[2025-01-02 21:32:10,359] multiqc                                            [DEBUG  ]  File ignored by rseqc/junction_annotation because it exceeded search pattern filesize limit: trim.flexbar.35bp.75_small_RNA_S21_R1_001.fastq.gz_fastqc.html
[2025-01-02 21:32:10,359] multiqc                                            [DEBUG  ]  File ignored by rseqc/read_distribution because it exceeded search pattern filesize limit: trim.flexbar.35bp.75_small_RNA_S21_R1_001.fastq.gz_fastqc.html
[2025-01-02 21:32:10,359] multiqc                                            [DEBUG  ]  File ignored by rseqc/infer_experiment because it exceeded search pattern filesize limit: trim.flexbar.35bp.75_small_RNA_S21_R1_001.fastq.gz_fastqc.html
[2025-01-02 21:32:10,488] multiqc                                            [DEBUG  ]  File ignored by hicexplorer because it exceeded search pattern filesize limit: trim.flexbar.35bp.7_small_RNA_S2_R1_001.fastq.gz_fastqc.html
[2025-01-02 21:32:10,503] multiqc                                            [DEBUG  ]  File ignored by longranger/invocation because it exceeded search pattern filesize limit: trim.flexbar.35bp.7_small_RNA_S2_R1_001.fastq.gz_fastqc.html
[2025-01-02 21:32:10,504] multiqc                                            [DEBUG  ]  File ignored by rockhopper because it exceeded search pattern filesize limit: trim.flexbar.35bp.7_small_RNA_S2_R1_001.fastq.gz_fastqc.html
[2025-01-02 21:32:10,504] multiqc                                            [DEBUG  ]  File ignored by rseqc/bam_stat because it exceeded search pattern filesize limit: trim.flexbar.35bp.7_small_RNA_S2_R1_001.fastq.gz_fastqc.html
[2025-01-02 21:32:10,504] multiqc                                            [DEBUG  ]  File ignored by rseqc/junction_annotation because it exceeded search pattern filesize limit: trim.flexbar.35bp.7_small_RNA_S2_R1_001.fastq.gz_fastqc.html
[2025-01-02 21:32:10,504] multiqc                                            [DEBUG  ]  File ignored by rseqc/read_distribution because it exceeded search pattern filesize limit: trim.flexbar.35bp.7_small_RNA_S2_R1_001.fastq.gz_fastqc.html
[2025-01-02 21:32:10,504] multiqc                                            [DEBUG  ]  File ignored by rseqc/infer_experiment because it exceeded search pattern filesize limit: trim.flexbar.35bp.7_small_RNA_S2_R1_001.fastq.gz_fastqc.html
[2025-01-02 21:32:10,640] multiqc                                            [DEBUG  ]  File ignored by hicexplorer because it exceeded search pattern filesize limit: trim.flexbar.35bp.85_S82_R1_001.fastq.gz_fastqc.html
[2025-01-02 21:32:10,657] multiqc                                            [DEBUG  ]  File ignored by longranger/invocation because it exceeded search pattern filesize limit: trim.flexbar.35bp.85_S82_R1_001.fastq.gz_fastqc.html
[2025-01-02 21:32:10,657] multiqc                                            [DEBUG  ]  File ignored by rockhopper because it exceeded search pattern filesize limit: trim.flexbar.35bp.85_S82_R1_001.fastq.gz_fastqc.html
[2025-01-02 21:32:10,657] multiqc                                            [DEBUG  ]  File ignored by rseqc/bam_stat because it exceeded search pattern filesize limit: trim.flexbar.35bp.85_S82_R1_001.fastq.gz_fastqc.html
[2025-01-02 21:32:10,657] multiqc                                            [DEBUG  ]  File ignored by rseqc/junction_annotation because it exceeded search pattern filesize limit: trim.flexbar.35bp.85_S82_R1_001.fastq.gz_fastqc.html
[2025-01-02 21:32:10,657] multiqc                                            [DEBUG  ]  File ignored by rseqc/read_distribution because it exceeded search pattern filesize limit: trim.flexbar.35bp.85_S82_R1_001.fastq.gz_fastqc.html
[2025-01-02 21:32:10,657] multiqc                                            [DEBUG  ]  File ignored by rseqc/infer_experiment because it exceeded search pattern filesize limit: trim.flexbar.35bp.85_S82_R1_001.fastq.gz_fastqc.html
[2025-01-02 21:32:10,785] multiqc                                            [DEBUG  ]  File ignored by hicexplorer because it exceeded search pattern filesize limit: trim.flexbar.35bp.86_small_RNA_S22_R1_001.fastq.gz_fastqc.html
[2025-01-02 21:32:10,802] multiqc                                            [DEBUG  ]  File ignored by longranger/invocation because it exceeded search pattern filesize limit: trim.flexbar.35bp.86_small_RNA_S22_R1_001.fastq.gz_fastqc.html
[2025-01-02 21:32:10,802] multiqc                                            [DEBUG  ]  File ignored by rockhopper because it exceeded search pattern filesize limit: trim.flexbar.35bp.86_small_RNA_S22_R1_001.fastq.gz_fastqc.html
[2025-01-02 21:32:10,802] multiqc                                            [DEBUG  ]  File ignored by rseqc/bam_stat because it exceeded search pattern filesize limit: trim.flexbar.35bp.86_small_RNA_S22_R1_001.fastq.gz_fastqc.html
[2025-01-02 21:32:10,802] multiqc                                            [DEBUG  ]  File ignored by rseqc/junction_annotation because it exceeded search pattern filesize limit: trim.flexbar.35bp.86_small_RNA_S22_R1_001.fastq.gz_fastqc.html
[2025-01-02 21:32:10,802] multiqc                                            [DEBUG  ]  File ignored by rseqc/read_distribution because it exceeded search pattern filesize limit: trim.flexbar.35bp.86_small_RNA_S22_R1_001.fastq.gz_fastqc.html
[2025-01-02 21:32:10,802] multiqc                                            [DEBUG  ]  File ignored by rseqc/infer_experiment because it exceeded search pattern filesize limit: trim.flexbar.35bp.86_small_RNA_S22_R1_001.fastq.gz_fastqc.html
[2025-01-02 21:32:10,930] multiqc                                            [DEBUG  ]  File ignored by hicexplorer because it exceeded search pattern filesize limit: trim.flexbar.35bp.87_small_RNA_S23_R1_001.fastq.gz_fastqc.html
[2025-01-02 21:32:10,945] multiqc                                            [DEBUG  ]  File ignored by longranger/invocation because it exceeded search pattern filesize limit: trim.flexbar.35bp.87_small_RNA_S23_R1_001.fastq.gz_fastqc.html
[2025-01-02 21:32:10,945] multiqc                                            [DEBUG  ]  File ignored by rockhopper because it exceeded search pattern filesize limit: trim.flexbar.35bp.87_small_RNA_S23_R1_001.fastq.gz_fastqc.html
[2025-01-02 21:32:10,945] multiqc                                            [DEBUG  ]  File ignored by rseqc/bam_stat because it exceeded search pattern filesize limit: trim.flexbar.35bp.87_small_RNA_S23_R1_001.fastq.gz_fastqc.html
[2025-01-02 21:32:10,945] multiqc                                            [DEBUG  ]  File ignored by rseqc/junction_annotation because it exceeded search pattern filesize limit: trim.flexbar.35bp.87_small_RNA_S23_R1_001.fastq.gz_fastqc.html
[2025-01-02 21:32:10,945] multiqc                                            [DEBUG  ]  File ignored by rseqc/read_distribution because it exceeded search pattern filesize limit: trim.flexbar.35bp.87_small_RNA_S23_R1_001.fastq.gz_fastqc.html
[2025-01-02 21:32:10,945] multiqc                                            [DEBUG  ]  File ignored by rseqc/infer_experiment because it exceeded search pattern filesize limit: trim.flexbar.35bp.87_small_RNA_S23_R1_001.fastq.gz_fastqc.html
[2025-01-02 21:32:11,067] multiqc                                            [DEBUG  ]  File ignored by hicexplorer because it exceeded search pattern filesize limit: trim.flexbar.35bp.88_small_RNA_S24_R1_001.fastq.gz_fastqc.html
[2025-01-02 21:32:11,082] multiqc                                            [DEBUG  ]  File ignored by longranger/invocation because it exceeded search pattern filesize limit: trim.flexbar.35bp.88_small_RNA_S24_R1_001.fastq.gz_fastqc.html
[2025-01-02 21:32:11,082] multiqc                                            [DEBUG  ]  File ignored by rockhopper because it exceeded search pattern filesize limit: trim.flexbar.35bp.88_small_RNA_S24_R1_001.fastq.gz_fastqc.html
[2025-01-02 21:32:11,082] multiqc                                            [DEBUG  ]  File ignored by rseqc/bam_stat because it exceeded search pattern filesize limit: trim.flexbar.35bp.88_small_RNA_S24_R1_001.fastq.gz_fastqc.html
[2025-01-02 21:32:11,082] multiqc                                            [DEBUG  ]  File ignored by rseqc/junction_annotation because it exceeded search pattern filesize limit: trim.flexbar.35bp.88_small_RNA_S24_R1_001.fastq.gz_fastqc.html
[2025-01-02 21:32:11,083] multiqc                                            [DEBUG  ]  File ignored by rseqc/read_distribution because it exceeded search pattern filesize limit: trim.flexbar.35bp.88_small_RNA_S24_R1_001.fastq.gz_fastqc.html
[2025-01-02 21:32:11,083] multiqc                                            [DEBUG  ]  File ignored by rseqc/infer_experiment because it exceeded search pattern filesize limit: trim.flexbar.35bp.88_small_RNA_S24_R1_001.fastq.gz_fastqc.html
[2025-01-02 21:32:11,208] multiqc                                            [DEBUG  ]  File ignored by hicexplorer because it exceeded search pattern filesize limit: trim.flexbar.35bp.8_small_RNA_S3_R1_001.fastq.gz_fastqc.html
[2025-01-02 21:32:11,224] multiqc                                            [DEBUG  ]  File ignored by longranger/invocation because it exceeded search pattern filesize limit: trim.flexbar.35bp.8_small_RNA_S3_R1_001.fastq.gz_fastqc.html
[2025-01-02 21:32:11,224] multiqc                                            [DEBUG  ]  File ignored by rockhopper because it exceeded search pattern filesize limit: trim.flexbar.35bp.8_small_RNA_S3_R1_001.fastq.gz_fastqc.html
[2025-01-02 21:32:11,224] multiqc                                            [DEBUG  ]  File ignored by rseqc/bam_stat because it exceeded search pattern filesize limit: trim.flexbar.35bp.8_small_RNA_S3_R1_001.fastq.gz_fastqc.html
[2025-01-02 21:32:11,224] multiqc                                            [DEBUG  ]  File ignored by rseqc/junction_annotation because it exceeded search pattern filesize limit: trim.flexbar.35bp.8_small_RNA_S3_R1_001.fastq.gz_fastqc.html
[2025-01-02 21:32:11,224] multiqc                                            [DEBUG  ]  File ignored by rseqc/read_distribution because it exceeded search pattern filesize limit: trim.flexbar.35bp.8_small_RNA_S3_R1_001.fastq.gz_fastqc.html
[2025-01-02 21:32:11,224] multiqc                                            [DEBUG  ]  File ignored by rseqc/infer_experiment because it exceeded search pattern filesize limit: trim.flexbar.35bp.8_small_RNA_S3_R1_001.fastq.gz_fastqc.html
[2025-01-02 21:32:11,354] multiqc                                            [DEBUG  ]  File ignored by hicexplorer because it exceeded search pattern filesize limit: trim.flexbar.35bp.9_S75_R1_001.fastq.gz_fastqc.html
[2025-01-02 21:32:11,370] multiqc                                            [DEBUG  ]  File ignored by longranger/invocation because it exceeded search pattern filesize limit: trim.flexbar.35bp.9_S75_R1_001.fastq.gz_fastqc.html
[2025-01-02 21:32:11,370] multiqc                                            [DEBUG  ]  File ignored by rockhopper because it exceeded search pattern filesize limit: trim.flexbar.35bp.9_S75_R1_001.fastq.gz_fastqc.html
[2025-01-02 21:32:11,370] multiqc                                            [DEBUG  ]  File ignored by rseqc/bam_stat because it exceeded search pattern filesize limit: trim.flexbar.35bp.9_S75_R1_001.fastq.gz_fastqc.html
[2025-01-02 21:32:11,370] multiqc                                            [DEBUG  ]  File ignored by rseqc/junction_annotation because it exceeded search pattern filesize limit: trim.flexbar.35bp.9_S75_R1_001.fastq.gz_fastqc.html
[2025-01-02 21:32:11,370] multiqc                                            [DEBUG  ]  File ignored by rseqc/read_distribution because it exceeded search pattern filesize limit: trim.flexbar.35bp.9_S75_R1_001.fastq.gz_fastqc.html
[2025-01-02 21:32:11,370] multiqc                                            [DEBUG  ]  File ignored by rseqc/infer_experiment because it exceeded search pattern filesize limit: trim.flexbar.35bp.9_S75_R1_001.fastq.gz_fastqc.html
[2025-01-02 21:32:11,803] multiqc.plots.bargraph                             [DEBUG  ]  Using matplotlib version 3.2.1
[2025-01-02 21:32:11,805] multiqc.plots.linegraph                            [DEBUG  ]  Using matplotlib version 3.2.1
[2025-01-02 21:32:11,807] multiqc                                            [DEBUG  ]  No samples found: custom_content
[2025-01-02 21:32:11,812] multiqc                                            [DEBUG  ]  No samples found: conpair
[2025-01-02 21:32:11,817] multiqc                                            [DEBUG  ]  No samples found: peddy
[2025-01-02 21:32:11,822] multiqc                                            [DEBUG  ]  No samples found: somalier
[2025-01-02 21:32:11,827] multiqc                                            [DEBUG  ]  No samples found: methylQA
[2025-01-02 21:32:11,836] multiqc                                            [DEBUG  ]  No samples found: mosdepth
[2025-01-02 21:32:11,841] multiqc                                            [DEBUG  ]  No samples found: phantompeakqualtools
[2025-01-02 21:32:11,844] multiqc                                            [DEBUG  ]  No samples found: qualimap
[2025-01-02 21:32:11,849] multiqc                                            [DEBUG  ]  No samples found: preseq
[2025-01-02 21:32:11,855] multiqc                                            [DEBUG  ]  No samples found: quast
[2025-01-02 21:32:11,859] multiqc                                            [DEBUG  ]  No samples found: qorts
[2025-01-02 21:32:11,864] multiqc                                            [DEBUG  ]  No samples found: rna_seqc
[2025-01-02 21:32:11,869] multiqc                                            [DEBUG  ]  No samples found: rockhopper
[2025-01-02 21:32:11,873] multiqc                                            [DEBUG  ]  No samples found: rsem
[2025-01-02 21:32:11,887] multiqc                                            [DEBUG  ]  No samples found: rseqc
[2025-01-02 21:32:11,892] multiqc                                            [DEBUG  ]  No samples found: busco
[2025-01-02 21:32:11,897] multiqc                                            [DEBUG  ]  No samples found: goleft_indexcov
[2025-01-02 21:32:11,901] multiqc                                            [DEBUG  ]  No samples found: disambiguate
[2025-01-02 21:32:11,906] multiqc                                            [DEBUG  ]  No samples found: supernova
[2025-01-02 21:32:11,919] multiqc                                            [DEBUG  ]  No samples found: deeptools
[2025-01-02 21:32:11,923] multiqc                                            [DEBUG  ]  No samples found: sargasso
[2025-01-02 21:32:11,927] multiqc                                            [DEBUG  ]  No samples found: verifybamid
[2025-01-02 21:32:11,932] multiqc                                            [DEBUG  ]  No samples found: mirtrace
[2025-01-02 21:32:11,936] multiqc                                            [DEBUG  ]  No samples found: happy
[2025-01-02 21:32:11,941] multiqc                                            [DEBUG  ]  No samples found: mirtop
[2025-01-02 21:32:11,948] multiqc                                            [DEBUG  ]  No samples found: homer
[2025-01-02 21:32:11,952] multiqc                                            [DEBUG  ]  No samples found: macs2
[2025-01-02 21:32:11,957] multiqc                                            [DEBUG  ]  No samples found: theta2
[2025-01-02 21:32:11,962] multiqc                                            [DEBUG  ]  No samples found: snpeff
[2025-01-02 21:32:11,968] multiqc                                            [DEBUG  ]  No samples found: gatk
[2025-01-02 21:32:11,973] multiqc                                            [DEBUG  ]  No samples found: htseq
[2025-01-02 21:32:11,978] multiqc                                            [DEBUG  ]  No samples found: bcftools
[2025-01-02 21:32:11,983] multiqc                                            [DEBUG  ]  No samples found: featureCounts
[2025-01-02 21:32:11,989] multiqc                                            [DEBUG  ]  No samples found: fgbio
[2025-01-02 21:32:12,003] multiqc                                            [DEBUG  ]  No samples found: dragen
[2025-01-02 21:32:12,007] multiqc                                            [DEBUG  ]  No samples found: dedup
[2025-01-02 21:32:12,012] multiqc                                            [DEBUG  ]  No samples found: damageprofiler
[2025-01-02 21:32:12,037] multiqc                                            [DEBUG  ]  No samples found: biobambam2
[2025-01-02 21:32:12,042] multiqc                                            [DEBUG  ]  No samples found: mtnucratio
[2025-01-02 21:32:12,044] multiqc                                            [DEBUG  ]  No samples found: picard
[2025-01-02 21:32:12,048] multiqc                                            [DEBUG  ]  No samples found: prokka
[2025-01-02 21:32:12,052] multiqc                                            [DEBUG  ]  No samples found: samblaster
[2025-01-02 21:32:12,061] multiqc                                            [DEBUG  ]  No samples found: samtools
[2025-01-02 21:32:12,065] multiqc                                            [DEBUG  ]  No samples found: sexdeterrmine
[2025-01-02 21:32:12,071] multiqc                                            [DEBUG  ]  No samples found: bamtools
[2025-01-02 21:32:12,076] multiqc                                            [DEBUG  ]  No samples found: jellyfish
[2025-01-02 21:32:12,084] multiqc                                            [DEBUG  ]  No samples found: vcftools
[2025-01-02 21:32:12,089] multiqc                                            [DEBUG  ]  No samples found: longranger
[2025-01-02 21:32:12,094] multiqc                                            [DEBUG  ]  No samples found: stacks
[2025-01-02 21:32:12,099] multiqc                                            [DEBUG  ]  No samples found: varscan2
[2025-01-02 21:32:12,111] multiqc                                            [DEBUG  ]  No samples found: bbmap
[2025-01-02 21:32:12,114] multiqc                                            [DEBUG  ]  No samples found: bismark
[2025-01-02 21:32:12,119] multiqc                                            [DEBUG  ]  No samples found: biscuit
[2025-01-02 21:32:12,122] multiqc                                            [DEBUG  ]  No samples found: hicexplorer
[2025-01-02 21:32:12,126] multiqc                                            [DEBUG  ]  No samples found: hicup
[2025-01-02 21:32:12,130] multiqc                                            [DEBUG  ]  No samples found: hicpro
[2025-01-02 21:32:12,134] multiqc                                            [DEBUG  ]  No samples found: salmon
[2025-01-02 21:32:12,138] multiqc                                            [DEBUG  ]  No samples found: kallisto
[2025-01-02 21:32:12,141] multiqc                                            [DEBUG  ]  No samples found: slamdunk
[2025-01-02 21:32:12,145] multiqc                                            [DEBUG  ]  No samples found: star
[2025-01-02 21:32:12,149] multiqc                                            [DEBUG  ]  No samples found: hisat2
[2025-01-02 21:32:12,153] multiqc                                            [DEBUG  ]  No samples found: tophat
[2025-01-02 21:32:12,157] multiqc                                            [DEBUG  ]  No samples found: bowtie2
[2025-01-02 21:32:12,160] multiqc                                            [DEBUG  ]  No samples found: bowtie1
[2025-01-02 21:32:12,164] multiqc                                            [DEBUG  ]  No samples found: snpsplit
[2025-01-02 21:32:12,168] multiqc                                            [DEBUG  ]  No samples found: kat
[2025-01-02 21:32:12,171] multiqc                                            [DEBUG  ]  No samples found: leehom
[2025-01-02 21:32:12,175] multiqc                                            [DEBUG  ]  No samples found: adapterRemoval
[2025-01-02 21:32:12,179] multiqc                                            [DEBUG  ]  No samples found: clipandmerge
[2025-01-02 21:32:12,183] multiqc                                            [DEBUG  ]  No samples found: cutadapt
[2025-01-02 21:32:12,186] multiqc                                            [DEBUG  ]  No samples found: flexbar
[2025-01-02 21:32:12,190] multiqc                                            [DEBUG  ]  No samples found: kaiju
[2025-01-02 21:32:12,194] multiqc                                            [DEBUG  ]  No samples found: kraken
[2025-01-02 21:32:12,198] multiqc                                            [DEBUG  ]  No samples found: malt
[2025-01-02 21:32:12,201] multiqc                                            [DEBUG  ]  No samples found: trimmomatic
[2025-01-02 21:32:12,205] multiqc                                            [DEBUG  ]  No samples found: sickle
[2025-01-02 21:32:12,209] multiqc                                            [DEBUG  ]  No samples found: skewer
[2025-01-02 21:32:12,213] multiqc                                            [DEBUG  ]  No samples found: sortmerna
[2025-01-02 21:32:12,216] multiqc                                            [DEBUG  ]  No samples found: biobloomtools
[2025-01-02 21:32:12,222] multiqc                                            [DEBUG  ]  No samples found: fastq_screen
[2025-01-02 21:32:12,226] multiqc                                            [DEBUG  ]  No samples found: afterqc
[2025-01-02 21:32:12,230] multiqc                                            [DEBUG  ]  No samples found: fastp
[2025-01-02 21:32:14,459] multiqc.modules.fastqc.fastqc                      [INFO   ]  Found 32 reports
[2025-01-02 21:32:14,559] multiqc                                            [DEBUG  ]  No samples found: pycoqc
[2025-01-02 21:32:14,564] multiqc                                            [DEBUG  ]  No samples found: minionqc
[2025-01-02 21:32:14,569] multiqc                                            [DEBUG  ]  No samples found: multivcfanalyzer
[2025-01-02 21:32:14,573] multiqc                                            [DEBUG  ]  No samples found: clusterflow
[2025-01-02 21:32:14,578] multiqc                                            [DEBUG  ]  No samples found: bcl2fastq
[2025-01-02 21:32:14,583] multiqc                                            [DEBUG  ]  No samples found: interop
[2025-01-02 21:32:14,587] multiqc                                            [DEBUG  ]  No samples found: ivar
[2025-01-02 21:32:14,592] multiqc                                            [DEBUG  ]  No samples found: flash
[2025-01-02 21:32:14,597] multiqc                                            [DEBUG  ]  No samples found: seqyclean
[2025-01-02 21:32:14,626] multiqc                                            [INFO   ]  Compressing plot data
[2025-01-02 21:32:14,962] multiqc                                            [INFO   ]  Report      : multiqc_report.html
[2025-01-02 21:32:14,963] multiqc                                            [INFO   ]  Data        : multiqc_data
[2025-01-02 21:32:14,963] multiqc                                            [DEBUG  ]  Moving data file from '/tmp/tmp3fh95btx/multiqc_data' to '/glfs/brick01/gv0/putnamlab/jillashey/DT_Mcap_2023/smRNA/output/fastqc/flexbar_35bp/multiqc_data'
[2025-01-02 21:32:15,372] multiqc                                            [INFO   ]  MultiQC complete
