[2024-12-31 20:46:52,216] multiqc                                            [DEBUG  ]  No MultiQC config found: /opt/software/MultiQC/1.9-intel-2020a-Python-3.8.2/lib/python3.8/site-packages/multiqc_config.yaml
[2024-12-31 20:46:52,217] multiqc                                            [DEBUG  ]  No MultiQC config found: /home/jillashey/.multiqc_config.yaml
[2024-12-31 20:46:52,219] multiqc                                            [DEBUG  ]  No MultiQC config found: multiqc_config.yaml
[2024-12-31 20:46:52,219] multiqc                                            [DEBUG  ]  Command used: /opt/software/MultiQC/1.9-intel-2020a-Python-3.8.2/bin/multiqc trim.flexbar.75bp.10_small_RNA_S4_R1_001.fastq.gz_fastqc.html trim.flexbar.75bp.10_small_RNA_S4_R1_001.fastq.gz_fastqc.zip trim.flexbar.75bp.11_small_RNA_S5_R1_001.fastq.gz_fastqc.html trim.flexbar.75bp.11_small_RNA_S5_R1_001.fastq.gz_fastqc.zip trim.flexbar.75bp.13_S76_R1_001.fastq.gz_fastqc.html trim.flexbar.75bp.13_S76_R1_001.fastq.gz_fastqc.zip trim.flexbar.75bp.14_small_RNA_S6_R1_001.fastq.gz_fastqc.html trim.flexbar.75bp.14_small_RNA_S6_R1_001.fastq.gz_fastqc.zip trim.flexbar.75bp.23_S77_R1_001.fastq.gz_fastqc.html trim.flexbar.75bp.23_S77_R1_001.fastq.gz_fastqc.zip trim.flexbar.75bp.24_small_RNA_S7_R1_001.fastq.gz_fastqc.html trim.flexbar.75bp.24_small_RNA_S7_R1_001.fastq.gz_fastqc.zip trim.flexbar.75bp.26_small_RNA_S8_R1_001.fastq.gz_fastqc.html trim.flexbar.75bp.26_small_RNA_S8_R1_001.fastq.gz_fastqc.zip trim.flexbar.75bp.28_small_RNA_S9_R1_001.fastq.gz_fastqc.html trim.flexbar.75bp.28_small_RNA_S9_R1_001.fastq.gz_fastqc.zip trim.flexbar.75bp.35_S78_R1_001.fastq.gz_fastqc.html trim.flexbar.75bp.35_S78_R1_001.fastq.gz_fastqc.zip trim.flexbar.75bp.36_small_RNA_S10_R1_001.fastq.gz_fastqc.html trim.flexbar.75bp.36_small_RNA_S10_R1_001.fastq.gz_fastqc.zip trim.flexbar.75bp.37_small_RNA_S11_R1_001.fastq.gz_fastqc.html trim.flexbar.75bp.37_small_RNA_S11_R1_001.fastq.gz_fastqc.zip trim.flexbar.75bp.39_small_RNA_S12_R1_001.fastq.gz_fastqc.html trim.flexbar.75bp.39_small_RNA_S12_R1_001.fastq.gz_fastqc.zip trim.flexbar.75bp.47_small_RNA_S13_R1_001.fastq.gz_fastqc.html trim.flexbar.75bp.47_small_RNA_S13_R1_001.fastq.gz_fastqc.zip trim.flexbar.75bp.48_small_RNA_S14_R1_001.fastq.gz_fastqc.html trim.flexbar.75bp.48_small_RNA_S14_R1_001.fastq.gz_fastqc.zip trim.flexbar.75bp.51_small_RNA_S15_R1_001.fastq.gz_fastqc.html trim.flexbar.75bp.51_small_RNA_S15_R1_001.fastq.gz_fastqc.zip trim.flexbar.75bp.52_S79_R1_001.fastq.gz_fastqc.html trim.flexbar.75bp.52_S79_R1_001.fastq.gz_fastqc.zip trim.flexbar.75bp.60_S80_R1_001.fastq.gz_fastqc.html trim.flexbar.75bp.60_S80_R1_001.fastq.gz_fastqc.zip trim.flexbar.75bp.61_small_RNA_S16_R1_001.fastq.gz_fastqc.html trim.flexbar.75bp.61_small_RNA_S16_R1_001.fastq.gz_fastqc.zip trim.flexbar.75bp.62_small_RNA_S17_R1_001.fastq.gz_fastqc.html trim.flexbar.75bp.62_small_RNA_S17_R1_001.fastq.gz_fastqc.zip trim.flexbar.75bp.63_small_RNA_S18_R1_001.fastq.gz_fastqc.html trim.flexbar.75bp.63_small_RNA_S18_R1_001.fastq.gz_fastqc.zip trim.flexbar.75bp.6_small_RNA_S1_R1_001.fastq.gz_fastqc.html trim.flexbar.75bp.6_small_RNA_S1_R1_001.fastq.gz_fastqc.zip trim.flexbar.75bp.72_S81_R1_001.fastq.gz_fastqc.html trim.flexbar.75bp.72_S81_R1_001.fastq.gz_fastqc.zip trim.flexbar.75bp.73_small_RNA_S19_R1_001.fastq.gz_fastqc.html trim.flexbar.75bp.73_small_RNA_S19_R1_001.fastq.gz_fastqc.zip trim.flexbar.75bp.74_small_RNA_S20_R1_001.fastq.gz_fastqc.html trim.flexbar.75bp.74_small_RNA_S20_R1_001.fastq.gz_fastqc.zip trim.flexbar.75bp.75_small_RNA_S21_R1_001.fastq.gz_fastqc.html trim.flexbar.75bp.75_small_RNA_S21_R1_001.fastq.gz_fastqc.zip trim.flexbar.75bp.7_small_RNA_S2_R1_001.fastq.gz_fastqc.html trim.flexbar.75bp.7_small_RNA_S2_R1_001.fastq.gz_fastqc.zip trim.flexbar.75bp.85_S82_R1_001.fastq.gz_fastqc.html trim.flexbar.75bp.85_S82_R1_001.fastq.gz_fastqc.zip trim.flexbar.75bp.86_small_RNA_S22_R1_001.fastq.gz_fastqc.html trim.flexbar.75bp.86_small_RNA_S22_R1_001.fastq.gz_fastqc.zip trim.flexbar.75bp.87_small_RNA_S23_R1_001.fastq.gz_fastqc.html trim.flexbar.75bp.87_small_RNA_S23_R1_001.fastq.gz_fastqc.zip trim.flexbar.75bp.88_small_RNA_S24_R1_001.fastq.gz_fastqc.html trim.flexbar.75bp.88_small_RNA_S24_R1_001.fastq.gz_fastqc.zip trim.flexbar.75bp.8_small_RNA_S3_R1_001.fastq.gz_fastqc.html trim.flexbar.75bp.8_small_RNA_S3_R1_001.fastq.gz_fastqc.zip trim.flexbar.75bp.9_S75_R1_001.fastq.gz_fastqc.html trim.flexbar.75bp.9_S75_R1_001.fastq.gz_fastqc.zip
[2024-12-31 20:46:52,840] multiqc                                            [WARNING]  MultiQC Version v1.26 now available!
[2024-12-31 20:46:52,840] multiqc                                            [INFO   ]  This is MultiQC v1.9
[2024-12-31 20:46:52,840] multiqc                                            [DEBUG  ]  Command     : /opt/software/MultiQC/1.9-intel-2020a-Python-3.8.2/bin/multiqc trim.flexbar.75bp.10_small_RNA_S4_R1_001.fastq.gz_fastqc.html trim.flexbar.75bp.10_small_RNA_S4_R1_001.fastq.gz_fastqc.zip trim.flexbar.75bp.11_small_RNA_S5_R1_001.fastq.gz_fastqc.html trim.flexbar.75bp.11_small_RNA_S5_R1_001.fastq.gz_fastqc.zip trim.flexbar.75bp.13_S76_R1_001.fastq.gz_fastqc.html trim.flexbar.75bp.13_S76_R1_001.fastq.gz_fastqc.zip trim.flexbar.75bp.14_small_RNA_S6_R1_001.fastq.gz_fastqc.html trim.flexbar.75bp.14_small_RNA_S6_R1_001.fastq.gz_fastqc.zip trim.flexbar.75bp.23_S77_R1_001.fastq.gz_fastqc.html trim.flexbar.75bp.23_S77_R1_001.fastq.gz_fastqc.zip trim.flexbar.75bp.24_small_RNA_S7_R1_001.fastq.gz_fastqc.html trim.flexbar.75bp.24_small_RNA_S7_R1_001.fastq.gz_fastqc.zip trim.flexbar.75bp.26_small_RNA_S8_R1_001.fastq.gz_fastqc.html trim.flexbar.75bp.26_small_RNA_S8_R1_001.fastq.gz_fastqc.zip trim.flexbar.75bp.28_small_RNA_S9_R1_001.fastq.gz_fastqc.html trim.flexbar.75bp.28_small_RNA_S9_R1_001.fastq.gz_fastqc.zip trim.flexbar.75bp.35_S78_R1_001.fastq.gz_fastqc.html trim.flexbar.75bp.35_S78_R1_001.fastq.gz_fastqc.zip trim.flexbar.75bp.36_small_RNA_S10_R1_001.fastq.gz_fastqc.html trim.flexbar.75bp.36_small_RNA_S10_R1_001.fastq.gz_fastqc.zip trim.flexbar.75bp.37_small_RNA_S11_R1_001.fastq.gz_fastqc.html trim.flexbar.75bp.37_small_RNA_S11_R1_001.fastq.gz_fastqc.zip trim.flexbar.75bp.39_small_RNA_S12_R1_001.fastq.gz_fastqc.html trim.flexbar.75bp.39_small_RNA_S12_R1_001.fastq.gz_fastqc.zip trim.flexbar.75bp.47_small_RNA_S13_R1_001.fastq.gz_fastqc.html trim.flexbar.75bp.47_small_RNA_S13_R1_001.fastq.gz_fastqc.zip trim.flexbar.75bp.48_small_RNA_S14_R1_001.fastq.gz_fastqc.html trim.flexbar.75bp.48_small_RNA_S14_R1_001.fastq.gz_fastqc.zip trim.flexbar.75bp.51_small_RNA_S15_R1_001.fastq.gz_fastqc.html trim.flexbar.75bp.51_small_RNA_S15_R1_001.fastq.gz_fastqc.zip trim.flexbar.75bp.52_S79_R1_001.fastq.gz_fastqc.html trim.flexbar.75bp.52_S79_R1_001.fastq.gz_fastqc.zip trim.flexbar.75bp.60_S80_R1_001.fastq.gz_fastqc.html trim.flexbar.75bp.60_S80_R1_001.fastq.gz_fastqc.zip trim.flexbar.75bp.61_small_RNA_S16_R1_001.fastq.gz_fastqc.html trim.flexbar.75bp.61_small_RNA_S16_R1_001.fastq.gz_fastqc.zip trim.flexbar.75bp.62_small_RNA_S17_R1_001.fastq.gz_fastqc.html trim.flexbar.75bp.62_small_RNA_S17_R1_001.fastq.gz_fastqc.zip trim.flexbar.75bp.63_small_RNA_S18_R1_001.fastq.gz_fastqc.html trim.flexbar.75bp.63_small_RNA_S18_R1_001.fastq.gz_fastqc.zip trim.flexbar.75bp.6_small_RNA_S1_R1_001.fastq.gz_fastqc.html trim.flexbar.75bp.6_small_RNA_S1_R1_001.fastq.gz_fastqc.zip trim.flexbar.75bp.72_S81_R1_001.fastq.gz_fastqc.html trim.flexbar.75bp.72_S81_R1_001.fastq.gz_fastqc.zip trim.flexbar.75bp.73_small_RNA_S19_R1_001.fastq.gz_fastqc.html trim.flexbar.75bp.73_small_RNA_S19_R1_001.fastq.gz_fastqc.zip trim.flexbar.75bp.74_small_RNA_S20_R1_001.fastq.gz_fastqc.html trim.flexbar.75bp.74_small_RNA_S20_R1_001.fastq.gz_fastqc.zip trim.flexbar.75bp.75_small_RNA_S21_R1_001.fastq.gz_fastqc.html trim.flexbar.75bp.75_small_RNA_S21_R1_001.fastq.gz_fastqc.zip trim.flexbar.75bp.7_small_RNA_S2_R1_001.fastq.gz_fastqc.html trim.flexbar.75bp.7_small_RNA_S2_R1_001.fastq.gz_fastqc.zip trim.flexbar.75bp.85_S82_R1_001.fastq.gz_fastqc.html trim.flexbar.75bp.85_S82_R1_001.fastq.gz_fastqc.zip trim.flexbar.75bp.86_small_RNA_S22_R1_001.fastq.gz_fastqc.html trim.flexbar.75bp.86_small_RNA_S22_R1_001.fastq.gz_fastqc.zip trim.flexbar.75bp.87_small_RNA_S23_R1_001.fastq.gz_fastqc.html trim.flexbar.75bp.87_small_RNA_S23_R1_001.fastq.gz_fastqc.zip trim.flexbar.75bp.88_small_RNA_S24_R1_001.fastq.gz_fastqc.html trim.flexbar.75bp.88_small_RNA_S24_R1_001.fastq.gz_fastqc.zip trim.flexbar.75bp.8_small_RNA_S3_R1_001.fastq.gz_fastqc.html trim.flexbar.75bp.8_small_RNA_S3_R1_001.fastq.gz_fastqc.zip trim.flexbar.75bp.9_S75_R1_001.fastq.gz_fastqc.html trim.flexbar.75bp.9_S75_R1_001.fastq.gz_fastqc.zip
[2024-12-31 20:46:52,840] multiqc                                            [DEBUG  ]  Working dir : /glfs/brick01/gv0/putnamlab/jillashey/DT_Mcap_2023/smRNA/output/fastqc/flexbar_75bp
[2024-12-31 20:46:52,840] multiqc                                            [INFO   ]  Template    : default
[2024-12-31 20:46:52,841] multiqc                                            [DEBUG  ]  Running Python 3.8.2 (default, May 13 2020, 12:13:08)  [GCC 9.3.0]
[2024-12-31 20:46:52,841] multiqc                                            [INFO   ]  Searching   : /glfs/brick01/gv0/putnamlab/jillashey/DT_Mcap_2023/smRNA/output/fastqc/flexbar_75bp/trim.flexbar.75bp.10_small_RNA_S4_R1_001.fastq.gz_fastqc.html
[2024-12-31 20:46:52,841] multiqc                                            [INFO   ]  Searching   : /glfs/brick01/gv0/putnamlab/jillashey/DT_Mcap_2023/smRNA/output/fastqc/flexbar_75bp/trim.flexbar.75bp.10_small_RNA_S4_R1_001.fastq.gz_fastqc.zip
[2024-12-31 20:46:52,841] multiqc                                            [INFO   ]  Searching   : /glfs/brick01/gv0/putnamlab/jillashey/DT_Mcap_2023/smRNA/output/fastqc/flexbar_75bp/trim.flexbar.75bp.11_small_RNA_S5_R1_001.fastq.gz_fastqc.html
[2024-12-31 20:46:52,841] multiqc                                            [INFO   ]  Searching   : /glfs/brick01/gv0/putnamlab/jillashey/DT_Mcap_2023/smRNA/output/fastqc/flexbar_75bp/trim.flexbar.75bp.11_small_RNA_S5_R1_001.fastq.gz_fastqc.zip
[2024-12-31 20:46:52,841] multiqc                                            [INFO   ]  Searching   : /glfs/brick01/gv0/putnamlab/jillashey/DT_Mcap_2023/smRNA/output/fastqc/flexbar_75bp/trim.flexbar.75bp.13_S76_R1_001.fastq.gz_fastqc.html
[2024-12-31 20:46:52,841] multiqc                                            [INFO   ]  Searching   : /glfs/brick01/gv0/putnamlab/jillashey/DT_Mcap_2023/smRNA/output/fastqc/flexbar_75bp/trim.flexbar.75bp.13_S76_R1_001.fastq.gz_fastqc.zip
[2024-12-31 20:46:52,841] multiqc                                            [INFO   ]  Searching   : /glfs/brick01/gv0/putnamlab/jillashey/DT_Mcap_2023/smRNA/output/fastqc/flexbar_75bp/trim.flexbar.75bp.14_small_RNA_S6_R1_001.fastq.gz_fastqc.html
[2024-12-31 20:46:52,841] multiqc                                            [INFO   ]  Searching   : /glfs/brick01/gv0/putnamlab/jillashey/DT_Mcap_2023/smRNA/output/fastqc/flexbar_75bp/trim.flexbar.75bp.14_small_RNA_S6_R1_001.fastq.gz_fastqc.zip
[2024-12-31 20:46:52,841] multiqc                                            [INFO   ]  Searching   : /glfs/brick01/gv0/putnamlab/jillashey/DT_Mcap_2023/smRNA/output/fastqc/flexbar_75bp/trim.flexbar.75bp.23_S77_R1_001.fastq.gz_fastqc.html
[2024-12-31 20:46:52,841] multiqc                                            [INFO   ]  Searching   : /glfs/brick01/gv0/putnamlab/jillashey/DT_Mcap_2023/smRNA/output/fastqc/flexbar_75bp/trim.flexbar.75bp.23_S77_R1_001.fastq.gz_fastqc.zip
[2024-12-31 20:46:52,841] multiqc                                            [INFO   ]  Searching   : /glfs/brick01/gv0/putnamlab/jillashey/DT_Mcap_2023/smRNA/output/fastqc/flexbar_75bp/trim.flexbar.75bp.24_small_RNA_S7_R1_001.fastq.gz_fastqc.html
[2024-12-31 20:46:52,842] multiqc                                            [INFO   ]  Searching   : /glfs/brick01/gv0/putnamlab/jillashey/DT_Mcap_2023/smRNA/output/fastqc/flexbar_75bp/trim.flexbar.75bp.24_small_RNA_S7_R1_001.fastq.gz_fastqc.zip
[2024-12-31 20:46:52,842] multiqc                                            [INFO   ]  Searching   : /glfs/brick01/gv0/putnamlab/jillashey/DT_Mcap_2023/smRNA/output/fastqc/flexbar_75bp/trim.flexbar.75bp.26_small_RNA_S8_R1_001.fastq.gz_fastqc.html
[2024-12-31 20:46:52,842] multiqc                                            [INFO   ]  Searching   : /glfs/brick01/gv0/putnamlab/jillashey/DT_Mcap_2023/smRNA/output/fastqc/flexbar_75bp/trim.flexbar.75bp.26_small_RNA_S8_R1_001.fastq.gz_fastqc.zip
[2024-12-31 20:46:52,842] multiqc                                            [INFO   ]  Searching   : /glfs/brick01/gv0/putnamlab/jillashey/DT_Mcap_2023/smRNA/output/fastqc/flexbar_75bp/trim.flexbar.75bp.28_small_RNA_S9_R1_001.fastq.gz_fastqc.html
[2024-12-31 20:46:52,842] multiqc                                            [INFO   ]  Searching   : /glfs/brick01/gv0/putnamlab/jillashey/DT_Mcap_2023/smRNA/output/fastqc/flexbar_75bp/trim.flexbar.75bp.28_small_RNA_S9_R1_001.fastq.gz_fastqc.zip
[2024-12-31 20:46:52,842] multiqc                                            [INFO   ]  Searching   : /glfs/brick01/gv0/putnamlab/jillashey/DT_Mcap_2023/smRNA/output/fastqc/flexbar_75bp/trim.flexbar.75bp.35_S78_R1_001.fastq.gz_fastqc.html
[2024-12-31 20:46:52,842] multiqc                                            [INFO   ]  Searching   : /glfs/brick01/gv0/putnamlab/jillashey/DT_Mcap_2023/smRNA/output/fastqc/flexbar_75bp/trim.flexbar.75bp.35_S78_R1_001.fastq.gz_fastqc.zip
[2024-12-31 20:46:52,842] multiqc                                            [INFO   ]  Searching   : /glfs/brick01/gv0/putnamlab/jillashey/DT_Mcap_2023/smRNA/output/fastqc/flexbar_75bp/trim.flexbar.75bp.36_small_RNA_S10_R1_001.fastq.gz_fastqc.html
[2024-12-31 20:46:52,842] multiqc                                            [INFO   ]  Searching   : /glfs/brick01/gv0/putnamlab/jillashey/DT_Mcap_2023/smRNA/output/fastqc/flexbar_75bp/trim.flexbar.75bp.36_small_RNA_S10_R1_001.fastq.gz_fastqc.zip
[2024-12-31 20:46:52,842] multiqc                                            [INFO   ]  Searching   : /glfs/brick01/gv0/putnamlab/jillashey/DT_Mcap_2023/smRNA/output/fastqc/flexbar_75bp/trim.flexbar.75bp.37_small_RNA_S11_R1_001.fastq.gz_fastqc.html
[2024-12-31 20:46:52,842] multiqc                                            [INFO   ]  Searching   : /glfs/brick01/gv0/putnamlab/jillashey/DT_Mcap_2023/smRNA/output/fastqc/flexbar_75bp/trim.flexbar.75bp.37_small_RNA_S11_R1_001.fastq.gz_fastqc.zip
[2024-12-31 20:46:52,842] multiqc                                            [INFO   ]  Searching   : /glfs/brick01/gv0/putnamlab/jillashey/DT_Mcap_2023/smRNA/output/fastqc/flexbar_75bp/trim.flexbar.75bp.39_small_RNA_S12_R1_001.fastq.gz_fastqc.html
[2024-12-31 20:46:52,843] multiqc                                            [INFO   ]  Searching   : /glfs/brick01/gv0/putnamlab/jillashey/DT_Mcap_2023/smRNA/output/fastqc/flexbar_75bp/trim.flexbar.75bp.39_small_RNA_S12_R1_001.fastq.gz_fastqc.zip
[2024-12-31 20:46:52,843] multiqc                                            [INFO   ]  Searching   : /glfs/brick01/gv0/putnamlab/jillashey/DT_Mcap_2023/smRNA/output/fastqc/flexbar_75bp/trim.flexbar.75bp.47_small_RNA_S13_R1_001.fastq.gz_fastqc.html
[2024-12-31 20:46:52,843] multiqc                                            [INFO   ]  Searching   : /glfs/brick01/gv0/putnamlab/jillashey/DT_Mcap_2023/smRNA/output/fastqc/flexbar_75bp/trim.flexbar.75bp.47_small_RNA_S13_R1_001.fastq.gz_fastqc.zip
[2024-12-31 20:46:52,843] multiqc                                            [INFO   ]  Searching   : /glfs/brick01/gv0/putnamlab/jillashey/DT_Mcap_2023/smRNA/output/fastqc/flexbar_75bp/trim.flexbar.75bp.48_small_RNA_S14_R1_001.fastq.gz_fastqc.html
[2024-12-31 20:46:52,843] multiqc                                            [INFO   ]  Searching   : /glfs/brick01/gv0/putnamlab/jillashey/DT_Mcap_2023/smRNA/output/fastqc/flexbar_75bp/trim.flexbar.75bp.48_small_RNA_S14_R1_001.fastq.gz_fastqc.zip
[2024-12-31 20:46:52,843] multiqc                                            [INFO   ]  Searching   : /glfs/brick01/gv0/putnamlab/jillashey/DT_Mcap_2023/smRNA/output/fastqc/flexbar_75bp/trim.flexbar.75bp.51_small_RNA_S15_R1_001.fastq.gz_fastqc.html
[2024-12-31 20:46:52,843] multiqc                                            [INFO   ]  Searching   : /glfs/brick01/gv0/putnamlab/jillashey/DT_Mcap_2023/smRNA/output/fastqc/flexbar_75bp/trim.flexbar.75bp.51_small_RNA_S15_R1_001.fastq.gz_fastqc.zip
[2024-12-31 20:46:52,843] multiqc                                            [INFO   ]  Searching   : /glfs/brick01/gv0/putnamlab/jillashey/DT_Mcap_2023/smRNA/output/fastqc/flexbar_75bp/trim.flexbar.75bp.52_S79_R1_001.fastq.gz_fastqc.html
[2024-12-31 20:46:52,843] multiqc                                            [INFO   ]  Searching   : /glfs/brick01/gv0/putnamlab/jillashey/DT_Mcap_2023/smRNA/output/fastqc/flexbar_75bp/trim.flexbar.75bp.52_S79_R1_001.fastq.gz_fastqc.zip
[2024-12-31 20:46:52,843] multiqc                                            [INFO   ]  Searching   : /glfs/brick01/gv0/putnamlab/jillashey/DT_Mcap_2023/smRNA/output/fastqc/flexbar_75bp/trim.flexbar.75bp.60_S80_R1_001.fastq.gz_fastqc.html
[2024-12-31 20:46:52,843] multiqc                                            [INFO   ]  Searching   : /glfs/brick01/gv0/putnamlab/jillashey/DT_Mcap_2023/smRNA/output/fastqc/flexbar_75bp/trim.flexbar.75bp.60_S80_R1_001.fastq.gz_fastqc.zip
[2024-12-31 20:46:52,843] multiqc                                            [INFO   ]  Searching   : /glfs/brick01/gv0/putnamlab/jillashey/DT_Mcap_2023/smRNA/output/fastqc/flexbar_75bp/trim.flexbar.75bp.61_small_RNA_S16_R1_001.fastq.gz_fastqc.html
[2024-12-31 20:46:52,844] multiqc                                            [INFO   ]  Searching   : /glfs/brick01/gv0/putnamlab/jillashey/DT_Mcap_2023/smRNA/output/fastqc/flexbar_75bp/trim.flexbar.75bp.61_small_RNA_S16_R1_001.fastq.gz_fastqc.zip
[2024-12-31 20:46:52,844] multiqc                                            [INFO   ]  Searching   : /glfs/brick01/gv0/putnamlab/jillashey/DT_Mcap_2023/smRNA/output/fastqc/flexbar_75bp/trim.flexbar.75bp.62_small_RNA_S17_R1_001.fastq.gz_fastqc.html
[2024-12-31 20:46:52,844] multiqc                                            [INFO   ]  Searching   : /glfs/brick01/gv0/putnamlab/jillashey/DT_Mcap_2023/smRNA/output/fastqc/flexbar_75bp/trim.flexbar.75bp.62_small_RNA_S17_R1_001.fastq.gz_fastqc.zip
[2024-12-31 20:46:52,844] multiqc                                            [INFO   ]  Searching   : /glfs/brick01/gv0/putnamlab/jillashey/DT_Mcap_2023/smRNA/output/fastqc/flexbar_75bp/trim.flexbar.75bp.63_small_RNA_S18_R1_001.fastq.gz_fastqc.html
[2024-12-31 20:46:52,844] multiqc                                            [INFO   ]  Searching   : /glfs/brick01/gv0/putnamlab/jillashey/DT_Mcap_2023/smRNA/output/fastqc/flexbar_75bp/trim.flexbar.75bp.63_small_RNA_S18_R1_001.fastq.gz_fastqc.zip
[2024-12-31 20:46:52,844] multiqc                                            [INFO   ]  Searching   : /glfs/brick01/gv0/putnamlab/jillashey/DT_Mcap_2023/smRNA/output/fastqc/flexbar_75bp/trim.flexbar.75bp.6_small_RNA_S1_R1_001.fastq.gz_fastqc.html
[2024-12-31 20:46:52,844] multiqc                                            [INFO   ]  Searching   : /glfs/brick01/gv0/putnamlab/jillashey/DT_Mcap_2023/smRNA/output/fastqc/flexbar_75bp/trim.flexbar.75bp.6_small_RNA_S1_R1_001.fastq.gz_fastqc.zip
[2024-12-31 20:46:52,844] multiqc                                            [INFO   ]  Searching   : /glfs/brick01/gv0/putnamlab/jillashey/DT_Mcap_2023/smRNA/output/fastqc/flexbar_75bp/trim.flexbar.75bp.72_S81_R1_001.fastq.gz_fastqc.html
[2024-12-31 20:46:52,844] multiqc                                            [INFO   ]  Searching   : /glfs/brick01/gv0/putnamlab/jillashey/DT_Mcap_2023/smRNA/output/fastqc/flexbar_75bp/trim.flexbar.75bp.72_S81_R1_001.fastq.gz_fastqc.zip
[2024-12-31 20:46:52,844] multiqc                                            [INFO   ]  Searching   : /glfs/brick01/gv0/putnamlab/jillashey/DT_Mcap_2023/smRNA/output/fastqc/flexbar_75bp/trim.flexbar.75bp.73_small_RNA_S19_R1_001.fastq.gz_fastqc.html
[2024-12-31 20:46:52,844] multiqc                                            [INFO   ]  Searching   : /glfs/brick01/gv0/putnamlab/jillashey/DT_Mcap_2023/smRNA/output/fastqc/flexbar_75bp/trim.flexbar.75bp.73_small_RNA_S19_R1_001.fastq.gz_fastqc.zip
[2024-12-31 20:46:52,844] multiqc                                            [INFO   ]  Searching   : /glfs/brick01/gv0/putnamlab/jillashey/DT_Mcap_2023/smRNA/output/fastqc/flexbar_75bp/trim.flexbar.75bp.74_small_RNA_S20_R1_001.fastq.gz_fastqc.html
[2024-12-31 20:46:52,845] multiqc                                            [INFO   ]  Searching   : /glfs/brick01/gv0/putnamlab/jillashey/DT_Mcap_2023/smRNA/output/fastqc/flexbar_75bp/trim.flexbar.75bp.74_small_RNA_S20_R1_001.fastq.gz_fastqc.zip
[2024-12-31 20:46:52,845] multiqc                                            [INFO   ]  Searching   : /glfs/brick01/gv0/putnamlab/jillashey/DT_Mcap_2023/smRNA/output/fastqc/flexbar_75bp/trim.flexbar.75bp.75_small_RNA_S21_R1_001.fastq.gz_fastqc.html
[2024-12-31 20:46:52,845] multiqc                                            [INFO   ]  Searching   : /glfs/brick01/gv0/putnamlab/jillashey/DT_Mcap_2023/smRNA/output/fastqc/flexbar_75bp/trim.flexbar.75bp.75_small_RNA_S21_R1_001.fastq.gz_fastqc.zip
[2024-12-31 20:46:52,845] multiqc                                            [INFO   ]  Searching   : /glfs/brick01/gv0/putnamlab/jillashey/DT_Mcap_2023/smRNA/output/fastqc/flexbar_75bp/trim.flexbar.75bp.7_small_RNA_S2_R1_001.fastq.gz_fastqc.html
[2024-12-31 20:46:52,845] multiqc                                            [INFO   ]  Searching   : /glfs/brick01/gv0/putnamlab/jillashey/DT_Mcap_2023/smRNA/output/fastqc/flexbar_75bp/trim.flexbar.75bp.7_small_RNA_S2_R1_001.fastq.gz_fastqc.zip
[2024-12-31 20:46:52,845] multiqc                                            [INFO   ]  Searching   : /glfs/brick01/gv0/putnamlab/jillashey/DT_Mcap_2023/smRNA/output/fastqc/flexbar_75bp/trim.flexbar.75bp.85_S82_R1_001.fastq.gz_fastqc.html
[2024-12-31 20:46:52,845] multiqc                                            [INFO   ]  Searching   : /glfs/brick01/gv0/putnamlab/jillashey/DT_Mcap_2023/smRNA/output/fastqc/flexbar_75bp/trim.flexbar.75bp.85_S82_R1_001.fastq.gz_fastqc.zip
[2024-12-31 20:46:52,845] multiqc                                            [INFO   ]  Searching   : /glfs/brick01/gv0/putnamlab/jillashey/DT_Mcap_2023/smRNA/output/fastqc/flexbar_75bp/trim.flexbar.75bp.86_small_RNA_S22_R1_001.fastq.gz_fastqc.html
[2024-12-31 20:46:52,845] multiqc                                            [INFO   ]  Searching   : /glfs/brick01/gv0/putnamlab/jillashey/DT_Mcap_2023/smRNA/output/fastqc/flexbar_75bp/trim.flexbar.75bp.86_small_RNA_S22_R1_001.fastq.gz_fastqc.zip
[2024-12-31 20:46:52,845] multiqc                                            [INFO   ]  Searching   : /glfs/brick01/gv0/putnamlab/jillashey/DT_Mcap_2023/smRNA/output/fastqc/flexbar_75bp/trim.flexbar.75bp.87_small_RNA_S23_R1_001.fastq.gz_fastqc.html
[2024-12-31 20:46:52,845] multiqc                                            [INFO   ]  Searching   : /glfs/brick01/gv0/putnamlab/jillashey/DT_Mcap_2023/smRNA/output/fastqc/flexbar_75bp/trim.flexbar.75bp.87_small_RNA_S23_R1_001.fastq.gz_fastqc.zip
[2024-12-31 20:46:52,845] multiqc                                            [INFO   ]  Searching   : /glfs/brick01/gv0/putnamlab/jillashey/DT_Mcap_2023/smRNA/output/fastqc/flexbar_75bp/trim.flexbar.75bp.88_small_RNA_S24_R1_001.fastq.gz_fastqc.html
[2024-12-31 20:46:52,846] multiqc                                            [INFO   ]  Searching   : /glfs/brick01/gv0/putnamlab/jillashey/DT_Mcap_2023/smRNA/output/fastqc/flexbar_75bp/trim.flexbar.75bp.88_small_RNA_S24_R1_001.fastq.gz_fastqc.zip
[2024-12-31 20:46:52,846] multiqc                                            [INFO   ]  Searching   : /glfs/brick01/gv0/putnamlab/jillashey/DT_Mcap_2023/smRNA/output/fastqc/flexbar_75bp/trim.flexbar.75bp.8_small_RNA_S3_R1_001.fastq.gz_fastqc.html
[2024-12-31 20:46:52,846] multiqc                                            [INFO   ]  Searching   : /glfs/brick01/gv0/putnamlab/jillashey/DT_Mcap_2023/smRNA/output/fastqc/flexbar_75bp/trim.flexbar.75bp.8_small_RNA_S3_R1_001.fastq.gz_fastqc.zip
[2024-12-31 20:46:52,846] multiqc                                            [INFO   ]  Searching   : /glfs/brick01/gv0/putnamlab/jillashey/DT_Mcap_2023/smRNA/output/fastqc/flexbar_75bp/trim.flexbar.75bp.9_S75_R1_001.fastq.gz_fastqc.html
[2024-12-31 20:46:52,846] multiqc                                            [INFO   ]  Searching   : /glfs/brick01/gv0/putnamlab/jillashey/DT_Mcap_2023/smRNA/output/fastqc/flexbar_75bp/trim.flexbar.75bp.9_S75_R1_001.fastq.gz_fastqc.zip
[2024-12-31 20:46:52,846] multiqc                                            [DEBUG  ]  Analysing modules: custom_content, conpair, peddy, somalier, methylQA, mosdepth, phantompeakqualtools, qualimap, preseq, quast, qorts, rna_seqc, rockhopper, rsem, rseqc, busco, goleft_indexcov, disambiguate, supernova, deeptools, sargasso, verifybamid, mirtrace, happy, mirtop, homer, macs2, theta2, snpeff, gatk, htseq, bcftools, featureCounts, fgbio, dragen, dedup, damageprofiler, biobambam2, mtnucratio, picard, prokka, samblaster, samtools, sexdeterrmine, bamtools, jellyfish, vcftools, longranger, stacks, varscan2, bbmap, bismark, biscuit, hicexplorer, hicup, hicpro, salmon, kallisto, slamdunk, star, hisat2, tophat, bowtie2, bowtie1, snpsplit, kat, leehom, adapterRemoval, clipandmerge, cutadapt, flexbar, kaiju, kraken, malt, trimmomatic, sickle, skewer, sortmerna, biobloomtools, fastq_screen, afterqc, fastp, fastqc, pycoqc, minionqc, multivcfanalyzer, clusterflow, bcl2fastq, interop, ivar, flash, seqyclean
[2024-12-31 20:46:52,846] multiqc                                            [DEBUG  ]  Using temporary directory for creating report: /tmp/tmpfmu1u7jc
[2024-12-31 20:46:52,993] multiqc                                            [DEBUG  ]  File ignored by hicexplorer because it exceeded search pattern filesize limit: trim.flexbar.75bp.10_small_RNA_S4_R1_001.fastq.gz_fastqc.html
[2024-12-31 20:46:53,006] multiqc                                            [DEBUG  ]  File ignored by longranger/invocation because it exceeded search pattern filesize limit: trim.flexbar.75bp.10_small_RNA_S4_R1_001.fastq.gz_fastqc.html
[2024-12-31 20:46:53,006] multiqc                                            [DEBUG  ]  File ignored by rockhopper because it exceeded search pattern filesize limit: trim.flexbar.75bp.10_small_RNA_S4_R1_001.fastq.gz_fastqc.html
[2024-12-31 20:46:53,006] multiqc                                            [DEBUG  ]  File ignored by rseqc/bam_stat because it exceeded search pattern filesize limit: trim.flexbar.75bp.10_small_RNA_S4_R1_001.fastq.gz_fastqc.html
[2024-12-31 20:46:53,006] multiqc                                            [DEBUG  ]  File ignored by rseqc/junction_annotation because it exceeded search pattern filesize limit: trim.flexbar.75bp.10_small_RNA_S4_R1_001.fastq.gz_fastqc.html
[2024-12-31 20:46:53,007] multiqc                                            [DEBUG  ]  File ignored by rseqc/read_distribution because it exceeded search pattern filesize limit: trim.flexbar.75bp.10_small_RNA_S4_R1_001.fastq.gz_fastqc.html
[2024-12-31 20:46:53,007] multiqc                                            [DEBUG  ]  File ignored by rseqc/infer_experiment because it exceeded search pattern filesize limit: trim.flexbar.75bp.10_small_RNA_S4_R1_001.fastq.gz_fastqc.html
[2024-12-31 20:46:53,010] multiqc                                            [DEBUG  ]  File ignored by stacks/sumstats because it exceeded search pattern filesize limit: trim.flexbar.75bp.10_small_RNA_S4_R1_001.fastq.gz_fastqc.html
[2024-12-31 20:46:53,161] multiqc                                            [DEBUG  ]  File ignored by hicexplorer because it exceeded search pattern filesize limit: trim.flexbar.75bp.11_small_RNA_S5_R1_001.fastq.gz_fastqc.html
[2024-12-31 20:46:53,173] multiqc                                            [DEBUG  ]  File ignored by longranger/invocation because it exceeded search pattern filesize limit: trim.flexbar.75bp.11_small_RNA_S5_R1_001.fastq.gz_fastqc.html
[2024-12-31 20:46:53,174] multiqc                                            [DEBUG  ]  File ignored by rockhopper because it exceeded search pattern filesize limit: trim.flexbar.75bp.11_small_RNA_S5_R1_001.fastq.gz_fastqc.html
[2024-12-31 20:46:53,174] multiqc                                            [DEBUG  ]  File ignored by rseqc/bam_stat because it exceeded search pattern filesize limit: trim.flexbar.75bp.11_small_RNA_S5_R1_001.fastq.gz_fastqc.html
[2024-12-31 20:46:53,174] multiqc                                            [DEBUG  ]  File ignored by rseqc/junction_annotation because it exceeded search pattern filesize limit: trim.flexbar.75bp.11_small_RNA_S5_R1_001.fastq.gz_fastqc.html
[2024-12-31 20:46:53,174] multiqc                                            [DEBUG  ]  File ignored by rseqc/read_distribution because it exceeded search pattern filesize limit: trim.flexbar.75bp.11_small_RNA_S5_R1_001.fastq.gz_fastqc.html
[2024-12-31 20:46:53,174] multiqc                                            [DEBUG  ]  File ignored by rseqc/infer_experiment because it exceeded search pattern filesize limit: trim.flexbar.75bp.11_small_RNA_S5_R1_001.fastq.gz_fastqc.html
[2024-12-31 20:46:53,176] multiqc                                            [DEBUG  ]  File ignored by stacks/sumstats because it exceeded search pattern filesize limit: trim.flexbar.75bp.11_small_RNA_S5_R1_001.fastq.gz_fastqc.html
[2024-12-31 20:46:53,313] multiqc                                            [DEBUG  ]  File ignored by hicexplorer because it exceeded search pattern filesize limit: trim.flexbar.75bp.13_S76_R1_001.fastq.gz_fastqc.html
[2024-12-31 20:46:53,321] multiqc                                            [DEBUG  ]  File ignored by longranger/invocation because it exceeded search pattern filesize limit: trim.flexbar.75bp.13_S76_R1_001.fastq.gz_fastqc.html
[2024-12-31 20:46:53,321] multiqc                                            [DEBUG  ]  File ignored by rockhopper because it exceeded search pattern filesize limit: trim.flexbar.75bp.13_S76_R1_001.fastq.gz_fastqc.html
[2024-12-31 20:46:53,321] multiqc                                            [DEBUG  ]  File ignored by rseqc/bam_stat because it exceeded search pattern filesize limit: trim.flexbar.75bp.13_S76_R1_001.fastq.gz_fastqc.html
[2024-12-31 20:46:53,321] multiqc                                            [DEBUG  ]  File ignored by rseqc/junction_annotation because it exceeded search pattern filesize limit: trim.flexbar.75bp.13_S76_R1_001.fastq.gz_fastqc.html
[2024-12-31 20:46:53,321] multiqc                                            [DEBUG  ]  File ignored by rseqc/read_distribution because it exceeded search pattern filesize limit: trim.flexbar.75bp.13_S76_R1_001.fastq.gz_fastqc.html
[2024-12-31 20:46:53,321] multiqc                                            [DEBUG  ]  File ignored by rseqc/infer_experiment because it exceeded search pattern filesize limit: trim.flexbar.75bp.13_S76_R1_001.fastq.gz_fastqc.html
[2024-12-31 20:46:53,448] multiqc                                            [DEBUG  ]  File ignored by hicexplorer because it exceeded search pattern filesize limit: trim.flexbar.75bp.14_small_RNA_S6_R1_001.fastq.gz_fastqc.html
[2024-12-31 20:46:53,455] multiqc                                            [DEBUG  ]  File ignored by longranger/invocation because it exceeded search pattern filesize limit: trim.flexbar.75bp.14_small_RNA_S6_R1_001.fastq.gz_fastqc.html
[2024-12-31 20:46:53,455] multiqc                                            [DEBUG  ]  File ignored by rockhopper because it exceeded search pattern filesize limit: trim.flexbar.75bp.14_small_RNA_S6_R1_001.fastq.gz_fastqc.html
[2024-12-31 20:46:53,455] multiqc                                            [DEBUG  ]  File ignored by rseqc/bam_stat because it exceeded search pattern filesize limit: trim.flexbar.75bp.14_small_RNA_S6_R1_001.fastq.gz_fastqc.html
[2024-12-31 20:46:53,455] multiqc                                            [DEBUG  ]  File ignored by rseqc/junction_annotation because it exceeded search pattern filesize limit: trim.flexbar.75bp.14_small_RNA_S6_R1_001.fastq.gz_fastqc.html
[2024-12-31 20:46:53,455] multiqc                                            [DEBUG  ]  File ignored by rseqc/read_distribution because it exceeded search pattern filesize limit: trim.flexbar.75bp.14_small_RNA_S6_R1_001.fastq.gz_fastqc.html
[2024-12-31 20:46:53,455] multiqc                                            [DEBUG  ]  File ignored by rseqc/infer_experiment because it exceeded search pattern filesize limit: trim.flexbar.75bp.14_small_RNA_S6_R1_001.fastq.gz_fastqc.html
[2024-12-31 20:46:53,575] multiqc                                            [DEBUG  ]  File ignored by hicexplorer because it exceeded search pattern filesize limit: trim.flexbar.75bp.23_S77_R1_001.fastq.gz_fastqc.html
[2024-12-31 20:46:53,584] multiqc                                            [DEBUG  ]  File ignored by longranger/invocation because it exceeded search pattern filesize limit: trim.flexbar.75bp.23_S77_R1_001.fastq.gz_fastqc.html
[2024-12-31 20:46:53,584] multiqc                                            [DEBUG  ]  File ignored by rockhopper because it exceeded search pattern filesize limit: trim.flexbar.75bp.23_S77_R1_001.fastq.gz_fastqc.html
[2024-12-31 20:46:53,584] multiqc                                            [DEBUG  ]  File ignored by rseqc/bam_stat because it exceeded search pattern filesize limit: trim.flexbar.75bp.23_S77_R1_001.fastq.gz_fastqc.html
[2024-12-31 20:46:53,584] multiqc                                            [DEBUG  ]  File ignored by rseqc/junction_annotation because it exceeded search pattern filesize limit: trim.flexbar.75bp.23_S77_R1_001.fastq.gz_fastqc.html
[2024-12-31 20:46:53,584] multiqc                                            [DEBUG  ]  File ignored by rseqc/read_distribution because it exceeded search pattern filesize limit: trim.flexbar.75bp.23_S77_R1_001.fastq.gz_fastqc.html
[2024-12-31 20:46:53,584] multiqc                                            [DEBUG  ]  File ignored by rseqc/infer_experiment because it exceeded search pattern filesize limit: trim.flexbar.75bp.23_S77_R1_001.fastq.gz_fastqc.html
[2024-12-31 20:46:53,714] multiqc                                            [DEBUG  ]  File ignored by hicexplorer because it exceeded search pattern filesize limit: trim.flexbar.75bp.24_small_RNA_S7_R1_001.fastq.gz_fastqc.html
[2024-12-31 20:46:53,725] multiqc                                            [DEBUG  ]  File ignored by longranger/invocation because it exceeded search pattern filesize limit: trim.flexbar.75bp.24_small_RNA_S7_R1_001.fastq.gz_fastqc.html
[2024-12-31 20:46:53,725] multiqc                                            [DEBUG  ]  File ignored by rockhopper because it exceeded search pattern filesize limit: trim.flexbar.75bp.24_small_RNA_S7_R1_001.fastq.gz_fastqc.html
[2024-12-31 20:46:53,725] multiqc                                            [DEBUG  ]  File ignored by rseqc/bam_stat because it exceeded search pattern filesize limit: trim.flexbar.75bp.24_small_RNA_S7_R1_001.fastq.gz_fastqc.html
[2024-12-31 20:46:53,725] multiqc                                            [DEBUG  ]  File ignored by rseqc/junction_annotation because it exceeded search pattern filesize limit: trim.flexbar.75bp.24_small_RNA_S7_R1_001.fastq.gz_fastqc.html
[2024-12-31 20:46:53,725] multiqc                                            [DEBUG  ]  File ignored by rseqc/read_distribution because it exceeded search pattern filesize limit: trim.flexbar.75bp.24_small_RNA_S7_R1_001.fastq.gz_fastqc.html
[2024-12-31 20:46:53,725] multiqc                                            [DEBUG  ]  File ignored by rseqc/infer_experiment because it exceeded search pattern filesize limit: trim.flexbar.75bp.24_small_RNA_S7_R1_001.fastq.gz_fastqc.html
[2024-12-31 20:46:53,728] multiqc                                            [DEBUG  ]  File ignored by stacks/sumstats because it exceeded search pattern filesize limit: trim.flexbar.75bp.24_small_RNA_S7_R1_001.fastq.gz_fastqc.html
[2024-12-31 20:46:53,870] multiqc                                            [DEBUG  ]  File ignored by hicexplorer because it exceeded search pattern filesize limit: trim.flexbar.75bp.26_small_RNA_S8_R1_001.fastq.gz_fastqc.html
[2024-12-31 20:46:53,878] multiqc                                            [DEBUG  ]  File ignored by longranger/invocation because it exceeded search pattern filesize limit: trim.flexbar.75bp.26_small_RNA_S8_R1_001.fastq.gz_fastqc.html
[2024-12-31 20:46:53,878] multiqc                                            [DEBUG  ]  File ignored by rockhopper because it exceeded search pattern filesize limit: trim.flexbar.75bp.26_small_RNA_S8_R1_001.fastq.gz_fastqc.html
[2024-12-31 20:46:53,878] multiqc                                            [DEBUG  ]  File ignored by rseqc/bam_stat because it exceeded search pattern filesize limit: trim.flexbar.75bp.26_small_RNA_S8_R1_001.fastq.gz_fastqc.html
[2024-12-31 20:46:53,878] multiqc                                            [DEBUG  ]  File ignored by rseqc/junction_annotation because it exceeded search pattern filesize limit: trim.flexbar.75bp.26_small_RNA_S8_R1_001.fastq.gz_fastqc.html
[2024-12-31 20:46:53,878] multiqc                                            [DEBUG  ]  File ignored by rseqc/read_distribution because it exceeded search pattern filesize limit: trim.flexbar.75bp.26_small_RNA_S8_R1_001.fastq.gz_fastqc.html
[2024-12-31 20:46:53,878] multiqc                                            [DEBUG  ]  File ignored by rseqc/infer_experiment because it exceeded search pattern filesize limit: trim.flexbar.75bp.26_small_RNA_S8_R1_001.fastq.gz_fastqc.html
[2024-12-31 20:46:54,015] multiqc                                            [DEBUG  ]  File ignored by hicexplorer because it exceeded search pattern filesize limit: trim.flexbar.75bp.28_small_RNA_S9_R1_001.fastq.gz_fastqc.html
[2024-12-31 20:46:54,026] multiqc                                            [DEBUG  ]  File ignored by longranger/invocation because it exceeded search pattern filesize limit: trim.flexbar.75bp.28_small_RNA_S9_R1_001.fastq.gz_fastqc.html
[2024-12-31 20:46:54,026] multiqc                                            [DEBUG  ]  File ignored by rockhopper because it exceeded search pattern filesize limit: trim.flexbar.75bp.28_small_RNA_S9_R1_001.fastq.gz_fastqc.html
[2024-12-31 20:46:54,026] multiqc                                            [DEBUG  ]  File ignored by rseqc/bam_stat because it exceeded search pattern filesize limit: trim.flexbar.75bp.28_small_RNA_S9_R1_001.fastq.gz_fastqc.html
[2024-12-31 20:46:54,026] multiqc                                            [DEBUG  ]  File ignored by rseqc/junction_annotation because it exceeded search pattern filesize limit: trim.flexbar.75bp.28_small_RNA_S9_R1_001.fastq.gz_fastqc.html
[2024-12-31 20:46:54,026] multiqc                                            [DEBUG  ]  File ignored by rseqc/read_distribution because it exceeded search pattern filesize limit: trim.flexbar.75bp.28_small_RNA_S9_R1_001.fastq.gz_fastqc.html
[2024-12-31 20:46:54,026] multiqc                                            [DEBUG  ]  File ignored by rseqc/infer_experiment because it exceeded search pattern filesize limit: trim.flexbar.75bp.28_small_RNA_S9_R1_001.fastq.gz_fastqc.html
[2024-12-31 20:46:54,144] multiqc                                            [DEBUG  ]  File ignored by hicexplorer because it exceeded search pattern filesize limit: trim.flexbar.75bp.35_S78_R1_001.fastq.gz_fastqc.html
[2024-12-31 20:46:54,152] multiqc                                            [DEBUG  ]  File ignored by longranger/invocation because it exceeded search pattern filesize limit: trim.flexbar.75bp.35_S78_R1_001.fastq.gz_fastqc.html
[2024-12-31 20:46:54,152] multiqc                                            [DEBUG  ]  File ignored by rockhopper because it exceeded search pattern filesize limit: trim.flexbar.75bp.35_S78_R1_001.fastq.gz_fastqc.html
[2024-12-31 20:46:54,152] multiqc                                            [DEBUG  ]  File ignored by rseqc/bam_stat because it exceeded search pattern filesize limit: trim.flexbar.75bp.35_S78_R1_001.fastq.gz_fastqc.html
[2024-12-31 20:46:54,152] multiqc                                            [DEBUG  ]  File ignored by rseqc/junction_annotation because it exceeded search pattern filesize limit: trim.flexbar.75bp.35_S78_R1_001.fastq.gz_fastqc.html
[2024-12-31 20:46:54,152] multiqc                                            [DEBUG  ]  File ignored by rseqc/read_distribution because it exceeded search pattern filesize limit: trim.flexbar.75bp.35_S78_R1_001.fastq.gz_fastqc.html
[2024-12-31 20:46:54,152] multiqc                                            [DEBUG  ]  File ignored by rseqc/infer_experiment because it exceeded search pattern filesize limit: trim.flexbar.75bp.35_S78_R1_001.fastq.gz_fastqc.html
[2024-12-31 20:46:54,282] multiqc                                            [DEBUG  ]  File ignored by hicexplorer because it exceeded search pattern filesize limit: trim.flexbar.75bp.36_small_RNA_S10_R1_001.fastq.gz_fastqc.html
[2024-12-31 20:46:54,294] multiqc                                            [DEBUG  ]  File ignored by longranger/invocation because it exceeded search pattern filesize limit: trim.flexbar.75bp.36_small_RNA_S10_R1_001.fastq.gz_fastqc.html
[2024-12-31 20:46:54,294] multiqc                                            [DEBUG  ]  File ignored by rockhopper because it exceeded search pattern filesize limit: trim.flexbar.75bp.36_small_RNA_S10_R1_001.fastq.gz_fastqc.html
[2024-12-31 20:46:54,294] multiqc                                            [DEBUG  ]  File ignored by rseqc/bam_stat because it exceeded search pattern filesize limit: trim.flexbar.75bp.36_small_RNA_S10_R1_001.fastq.gz_fastqc.html
[2024-12-31 20:46:54,294] multiqc                                            [DEBUG  ]  File ignored by rseqc/junction_annotation because it exceeded search pattern filesize limit: trim.flexbar.75bp.36_small_RNA_S10_R1_001.fastq.gz_fastqc.html
[2024-12-31 20:46:54,294] multiqc                                            [DEBUG  ]  File ignored by rseqc/read_distribution because it exceeded search pattern filesize limit: trim.flexbar.75bp.36_small_RNA_S10_R1_001.fastq.gz_fastqc.html
[2024-12-31 20:46:54,294] multiqc                                            [DEBUG  ]  File ignored by rseqc/infer_experiment because it exceeded search pattern filesize limit: trim.flexbar.75bp.36_small_RNA_S10_R1_001.fastq.gz_fastqc.html
[2024-12-31 20:46:54,297] multiqc                                            [DEBUG  ]  File ignored by stacks/sumstats because it exceeded search pattern filesize limit: trim.flexbar.75bp.36_small_RNA_S10_R1_001.fastq.gz_fastqc.html
[2024-12-31 20:46:54,441] multiqc                                            [DEBUG  ]  File ignored by hicexplorer because it exceeded search pattern filesize limit: trim.flexbar.75bp.37_small_RNA_S11_R1_001.fastq.gz_fastqc.html
[2024-12-31 20:46:54,449] multiqc                                            [DEBUG  ]  File ignored by longranger/invocation because it exceeded search pattern filesize limit: trim.flexbar.75bp.37_small_RNA_S11_R1_001.fastq.gz_fastqc.html
[2024-12-31 20:46:54,449] multiqc                                            [DEBUG  ]  File ignored by rockhopper because it exceeded search pattern filesize limit: trim.flexbar.75bp.37_small_RNA_S11_R1_001.fastq.gz_fastqc.html
[2024-12-31 20:46:54,449] multiqc                                            [DEBUG  ]  File ignored by rseqc/bam_stat because it exceeded search pattern filesize limit: trim.flexbar.75bp.37_small_RNA_S11_R1_001.fastq.gz_fastqc.html
[2024-12-31 20:46:54,449] multiqc                                            [DEBUG  ]  File ignored by rseqc/junction_annotation because it exceeded search pattern filesize limit: trim.flexbar.75bp.37_small_RNA_S11_R1_001.fastq.gz_fastqc.html
[2024-12-31 20:46:54,449] multiqc                                            [DEBUG  ]  File ignored by rseqc/read_distribution because it exceeded search pattern filesize limit: trim.flexbar.75bp.37_small_RNA_S11_R1_001.fastq.gz_fastqc.html
[2024-12-31 20:46:54,449] multiqc                                            [DEBUG  ]  File ignored by rseqc/infer_experiment because it exceeded search pattern filesize limit: trim.flexbar.75bp.37_small_RNA_S11_R1_001.fastq.gz_fastqc.html
[2024-12-31 20:46:54,451] multiqc                                            [DEBUG  ]  File ignored by stacks/sumstats because it exceeded search pattern filesize limit: trim.flexbar.75bp.37_small_RNA_S11_R1_001.fastq.gz_fastqc.html
[2024-12-31 20:46:54,601] multiqc                                            [DEBUG  ]  File ignored by hicexplorer because it exceeded search pattern filesize limit: trim.flexbar.75bp.39_small_RNA_S12_R1_001.fastq.gz_fastqc.html
[2024-12-31 20:46:54,612] multiqc                                            [DEBUG  ]  File ignored by longranger/invocation because it exceeded search pattern filesize limit: trim.flexbar.75bp.39_small_RNA_S12_R1_001.fastq.gz_fastqc.html
[2024-12-31 20:46:54,612] multiqc                                            [DEBUG  ]  File ignored by rockhopper because it exceeded search pattern filesize limit: trim.flexbar.75bp.39_small_RNA_S12_R1_001.fastq.gz_fastqc.html
[2024-12-31 20:46:54,612] multiqc                                            [DEBUG  ]  File ignored by rseqc/bam_stat because it exceeded search pattern filesize limit: trim.flexbar.75bp.39_small_RNA_S12_R1_001.fastq.gz_fastqc.html
[2024-12-31 20:46:54,612] multiqc                                            [DEBUG  ]  File ignored by rseqc/junction_annotation because it exceeded search pattern filesize limit: trim.flexbar.75bp.39_small_RNA_S12_R1_001.fastq.gz_fastqc.html
[2024-12-31 20:46:54,612] multiqc                                            [DEBUG  ]  File ignored by rseqc/read_distribution because it exceeded search pattern filesize limit: trim.flexbar.75bp.39_small_RNA_S12_R1_001.fastq.gz_fastqc.html
[2024-12-31 20:46:54,613] multiqc                                            [DEBUG  ]  File ignored by rseqc/infer_experiment because it exceeded search pattern filesize limit: trim.flexbar.75bp.39_small_RNA_S12_R1_001.fastq.gz_fastqc.html
[2024-12-31 20:46:54,752] multiqc                                            [DEBUG  ]  File ignored by hicexplorer because it exceeded search pattern filesize limit: trim.flexbar.75bp.47_small_RNA_S13_R1_001.fastq.gz_fastqc.html
[2024-12-31 20:46:54,763] multiqc                                            [DEBUG  ]  File ignored by longranger/invocation because it exceeded search pattern filesize limit: trim.flexbar.75bp.47_small_RNA_S13_R1_001.fastq.gz_fastqc.html
[2024-12-31 20:46:54,763] multiqc                                            [DEBUG  ]  File ignored by rockhopper because it exceeded search pattern filesize limit: trim.flexbar.75bp.47_small_RNA_S13_R1_001.fastq.gz_fastqc.html
[2024-12-31 20:46:54,763] multiqc                                            [DEBUG  ]  File ignored by rseqc/bam_stat because it exceeded search pattern filesize limit: trim.flexbar.75bp.47_small_RNA_S13_R1_001.fastq.gz_fastqc.html
[2024-12-31 20:46:54,763] multiqc                                            [DEBUG  ]  File ignored by rseqc/junction_annotation because it exceeded search pattern filesize limit: trim.flexbar.75bp.47_small_RNA_S13_R1_001.fastq.gz_fastqc.html
[2024-12-31 20:46:54,763] multiqc                                            [DEBUG  ]  File ignored by rseqc/read_distribution because it exceeded search pattern filesize limit: trim.flexbar.75bp.47_small_RNA_S13_R1_001.fastq.gz_fastqc.html
[2024-12-31 20:46:54,763] multiqc                                            [DEBUG  ]  File ignored by rseqc/infer_experiment because it exceeded search pattern filesize limit: trim.flexbar.75bp.47_small_RNA_S13_R1_001.fastq.gz_fastqc.html
[2024-12-31 20:46:54,766] multiqc                                            [DEBUG  ]  File ignored by stacks/sumstats because it exceeded search pattern filesize limit: trim.flexbar.75bp.47_small_RNA_S13_R1_001.fastq.gz_fastqc.html
[2024-12-31 20:46:54,913] multiqc                                            [DEBUG  ]  File ignored by hicexplorer because it exceeded search pattern filesize limit: trim.flexbar.75bp.48_small_RNA_S14_R1_001.fastq.gz_fastqc.html
[2024-12-31 20:46:54,931] multiqc                                            [DEBUG  ]  File ignored by longranger/invocation because it exceeded search pattern filesize limit: trim.flexbar.75bp.48_small_RNA_S14_R1_001.fastq.gz_fastqc.html
[2024-12-31 20:46:54,931] multiqc                                            [DEBUG  ]  File ignored by rockhopper because it exceeded search pattern filesize limit: trim.flexbar.75bp.48_small_RNA_S14_R1_001.fastq.gz_fastqc.html
[2024-12-31 20:46:54,931] multiqc                                            [DEBUG  ]  File ignored by rseqc/bam_stat because it exceeded search pattern filesize limit: trim.flexbar.75bp.48_small_RNA_S14_R1_001.fastq.gz_fastqc.html
[2024-12-31 20:46:54,931] multiqc                                            [DEBUG  ]  File ignored by rseqc/junction_annotation because it exceeded search pattern filesize limit: trim.flexbar.75bp.48_small_RNA_S14_R1_001.fastq.gz_fastqc.html
[2024-12-31 20:46:54,931] multiqc                                            [DEBUG  ]  File ignored by rseqc/read_distribution because it exceeded search pattern filesize limit: trim.flexbar.75bp.48_small_RNA_S14_R1_001.fastq.gz_fastqc.html
[2024-12-31 20:46:54,931] multiqc                                            [DEBUG  ]  File ignored by rseqc/infer_experiment because it exceeded search pattern filesize limit: trim.flexbar.75bp.48_small_RNA_S14_R1_001.fastq.gz_fastqc.html
[2024-12-31 20:46:54,934] multiqc                                            [DEBUG  ]  File ignored by stacks/sumstats because it exceeded search pattern filesize limit: trim.flexbar.75bp.48_small_RNA_S14_R1_001.fastq.gz_fastqc.html
[2024-12-31 20:46:55,085] multiqc                                            [DEBUG  ]  File ignored by hicexplorer because it exceeded search pattern filesize limit: trim.flexbar.75bp.51_small_RNA_S15_R1_001.fastq.gz_fastqc.html
[2024-12-31 20:46:55,095] multiqc                                            [DEBUG  ]  File ignored by longranger/invocation because it exceeded search pattern filesize limit: trim.flexbar.75bp.51_small_RNA_S15_R1_001.fastq.gz_fastqc.html
[2024-12-31 20:46:55,095] multiqc                                            [DEBUG  ]  File ignored by rockhopper because it exceeded search pattern filesize limit: trim.flexbar.75bp.51_small_RNA_S15_R1_001.fastq.gz_fastqc.html
[2024-12-31 20:46:55,095] multiqc                                            [DEBUG  ]  File ignored by rseqc/bam_stat because it exceeded search pattern filesize limit: trim.flexbar.75bp.51_small_RNA_S15_R1_001.fastq.gz_fastqc.html
[2024-12-31 20:46:55,095] multiqc                                            [DEBUG  ]  File ignored by rseqc/junction_annotation because it exceeded search pattern filesize limit: trim.flexbar.75bp.51_small_RNA_S15_R1_001.fastq.gz_fastqc.html
[2024-12-31 20:46:55,095] multiqc                                            [DEBUG  ]  File ignored by rseqc/read_distribution because it exceeded search pattern filesize limit: trim.flexbar.75bp.51_small_RNA_S15_R1_001.fastq.gz_fastqc.html
[2024-12-31 20:46:55,095] multiqc                                            [DEBUG  ]  File ignored by rseqc/infer_experiment because it exceeded search pattern filesize limit: trim.flexbar.75bp.51_small_RNA_S15_R1_001.fastq.gz_fastqc.html
[2024-12-31 20:46:55,231] multiqc                                            [DEBUG  ]  File ignored by hicexplorer because it exceeded search pattern filesize limit: trim.flexbar.75bp.52_S79_R1_001.fastq.gz_fastqc.html
[2024-12-31 20:46:55,242] multiqc                                            [DEBUG  ]  File ignored by longranger/invocation because it exceeded search pattern filesize limit: trim.flexbar.75bp.52_S79_R1_001.fastq.gz_fastqc.html
[2024-12-31 20:46:55,242] multiqc                                            [DEBUG  ]  File ignored by rockhopper because it exceeded search pattern filesize limit: trim.flexbar.75bp.52_S79_R1_001.fastq.gz_fastqc.html
[2024-12-31 20:46:55,242] multiqc                                            [DEBUG  ]  File ignored by rseqc/bam_stat because it exceeded search pattern filesize limit: trim.flexbar.75bp.52_S79_R1_001.fastq.gz_fastqc.html
[2024-12-31 20:46:55,242] multiqc                                            [DEBUG  ]  File ignored by rseqc/junction_annotation because it exceeded search pattern filesize limit: trim.flexbar.75bp.52_S79_R1_001.fastq.gz_fastqc.html
[2024-12-31 20:46:55,243] multiqc                                            [DEBUG  ]  File ignored by rseqc/read_distribution because it exceeded search pattern filesize limit: trim.flexbar.75bp.52_S79_R1_001.fastq.gz_fastqc.html
[2024-12-31 20:46:55,243] multiqc                                            [DEBUG  ]  File ignored by rseqc/infer_experiment because it exceeded search pattern filesize limit: trim.flexbar.75bp.52_S79_R1_001.fastq.gz_fastqc.html
[2024-12-31 20:46:55,382] multiqc                                            [DEBUG  ]  File ignored by hicexplorer because it exceeded search pattern filesize limit: trim.flexbar.75bp.60_S80_R1_001.fastq.gz_fastqc.html
[2024-12-31 20:46:55,395] multiqc                                            [DEBUG  ]  File ignored by longranger/invocation because it exceeded search pattern filesize limit: trim.flexbar.75bp.60_S80_R1_001.fastq.gz_fastqc.html
[2024-12-31 20:46:55,395] multiqc                                            [DEBUG  ]  File ignored by rockhopper because it exceeded search pattern filesize limit: trim.flexbar.75bp.60_S80_R1_001.fastq.gz_fastqc.html
[2024-12-31 20:46:55,395] multiqc                                            [DEBUG  ]  File ignored by rseqc/bam_stat because it exceeded search pattern filesize limit: trim.flexbar.75bp.60_S80_R1_001.fastq.gz_fastqc.html
[2024-12-31 20:46:55,395] multiqc                                            [DEBUG  ]  File ignored by rseqc/junction_annotation because it exceeded search pattern filesize limit: trim.flexbar.75bp.60_S80_R1_001.fastq.gz_fastqc.html
[2024-12-31 20:46:55,395] multiqc                                            [DEBUG  ]  File ignored by rseqc/read_distribution because it exceeded search pattern filesize limit: trim.flexbar.75bp.60_S80_R1_001.fastq.gz_fastqc.html
[2024-12-31 20:46:55,395] multiqc                                            [DEBUG  ]  File ignored by rseqc/infer_experiment because it exceeded search pattern filesize limit: trim.flexbar.75bp.60_S80_R1_001.fastq.gz_fastqc.html
[2024-12-31 20:46:55,539] multiqc                                            [DEBUG  ]  File ignored by hicexplorer because it exceeded search pattern filesize limit: trim.flexbar.75bp.61_small_RNA_S16_R1_001.fastq.gz_fastqc.html
[2024-12-31 20:46:55,551] multiqc                                            [DEBUG  ]  File ignored by longranger/invocation because it exceeded search pattern filesize limit: trim.flexbar.75bp.61_small_RNA_S16_R1_001.fastq.gz_fastqc.html
[2024-12-31 20:46:55,551] multiqc                                            [DEBUG  ]  File ignored by rockhopper because it exceeded search pattern filesize limit: trim.flexbar.75bp.61_small_RNA_S16_R1_001.fastq.gz_fastqc.html
[2024-12-31 20:46:55,551] multiqc                                            [DEBUG  ]  File ignored by rseqc/bam_stat because it exceeded search pattern filesize limit: trim.flexbar.75bp.61_small_RNA_S16_R1_001.fastq.gz_fastqc.html
[2024-12-31 20:46:55,551] multiqc                                            [DEBUG  ]  File ignored by rseqc/junction_annotation because it exceeded search pattern filesize limit: trim.flexbar.75bp.61_small_RNA_S16_R1_001.fastq.gz_fastqc.html
[2024-12-31 20:46:55,551] multiqc                                            [DEBUG  ]  File ignored by rseqc/read_distribution because it exceeded search pattern filesize limit: trim.flexbar.75bp.61_small_RNA_S16_R1_001.fastq.gz_fastqc.html
[2024-12-31 20:46:55,551] multiqc                                            [DEBUG  ]  File ignored by rseqc/infer_experiment because it exceeded search pattern filesize limit: trim.flexbar.75bp.61_small_RNA_S16_R1_001.fastq.gz_fastqc.html
[2024-12-31 20:46:55,687] multiqc                                            [DEBUG  ]  File ignored by hicexplorer because it exceeded search pattern filesize limit: trim.flexbar.75bp.62_small_RNA_S17_R1_001.fastq.gz_fastqc.html
[2024-12-31 20:46:55,696] multiqc                                            [DEBUG  ]  File ignored by longranger/invocation because it exceeded search pattern filesize limit: trim.flexbar.75bp.62_small_RNA_S17_R1_001.fastq.gz_fastqc.html
[2024-12-31 20:46:55,696] multiqc                                            [DEBUG  ]  File ignored by rockhopper because it exceeded search pattern filesize limit: trim.flexbar.75bp.62_small_RNA_S17_R1_001.fastq.gz_fastqc.html
[2024-12-31 20:46:55,696] multiqc                                            [DEBUG  ]  File ignored by rseqc/bam_stat because it exceeded search pattern filesize limit: trim.flexbar.75bp.62_small_RNA_S17_R1_001.fastq.gz_fastqc.html
[2024-12-31 20:46:55,696] multiqc                                            [DEBUG  ]  File ignored by rseqc/junction_annotation because it exceeded search pattern filesize limit: trim.flexbar.75bp.62_small_RNA_S17_R1_001.fastq.gz_fastqc.html
[2024-12-31 20:46:55,696] multiqc                                            [DEBUG  ]  File ignored by rseqc/read_distribution because it exceeded search pattern filesize limit: trim.flexbar.75bp.62_small_RNA_S17_R1_001.fastq.gz_fastqc.html
[2024-12-31 20:46:55,696] multiqc                                            [DEBUG  ]  File ignored by rseqc/infer_experiment because it exceeded search pattern filesize limit: trim.flexbar.75bp.62_small_RNA_S17_R1_001.fastq.gz_fastqc.html
[2024-12-31 20:46:55,699] multiqc                                            [DEBUG  ]  File ignored by stacks/sumstats because it exceeded search pattern filesize limit: trim.flexbar.75bp.62_small_RNA_S17_R1_001.fastq.gz_fastqc.html
[2024-12-31 20:46:55,842] multiqc                                            [DEBUG  ]  File ignored by hicexplorer because it exceeded search pattern filesize limit: trim.flexbar.75bp.63_small_RNA_S18_R1_001.fastq.gz_fastqc.html
[2024-12-31 20:46:55,853] multiqc                                            [DEBUG  ]  File ignored by longranger/invocation because it exceeded search pattern filesize limit: trim.flexbar.75bp.63_small_RNA_S18_R1_001.fastq.gz_fastqc.html
[2024-12-31 20:46:55,853] multiqc                                            [DEBUG  ]  File ignored by rockhopper because it exceeded search pattern filesize limit: trim.flexbar.75bp.63_small_RNA_S18_R1_001.fastq.gz_fastqc.html
[2024-12-31 20:46:55,853] multiqc                                            [DEBUG  ]  File ignored by rseqc/bam_stat because it exceeded search pattern filesize limit: trim.flexbar.75bp.63_small_RNA_S18_R1_001.fastq.gz_fastqc.html
[2024-12-31 20:46:55,854] multiqc                                            [DEBUG  ]  File ignored by rseqc/junction_annotation because it exceeded search pattern filesize limit: trim.flexbar.75bp.63_small_RNA_S18_R1_001.fastq.gz_fastqc.html
[2024-12-31 20:46:55,854] multiqc                                            [DEBUG  ]  File ignored by rseqc/read_distribution because it exceeded search pattern filesize limit: trim.flexbar.75bp.63_small_RNA_S18_R1_001.fastq.gz_fastqc.html
[2024-12-31 20:46:55,854] multiqc                                            [DEBUG  ]  File ignored by rseqc/infer_experiment because it exceeded search pattern filesize limit: trim.flexbar.75bp.63_small_RNA_S18_R1_001.fastq.gz_fastqc.html
[2024-12-31 20:46:55,997] multiqc                                            [DEBUG  ]  File ignored by hicexplorer because it exceeded search pattern filesize limit: trim.flexbar.75bp.6_small_RNA_S1_R1_001.fastq.gz_fastqc.html
[2024-12-31 20:46:56,011] multiqc                                            [DEBUG  ]  File ignored by longranger/invocation because it exceeded search pattern filesize limit: trim.flexbar.75bp.6_small_RNA_S1_R1_001.fastq.gz_fastqc.html
[2024-12-31 20:46:56,011] multiqc                                            [DEBUG  ]  File ignored by rockhopper because it exceeded search pattern filesize limit: trim.flexbar.75bp.6_small_RNA_S1_R1_001.fastq.gz_fastqc.html
[2024-12-31 20:46:56,011] multiqc                                            [DEBUG  ]  File ignored by rseqc/bam_stat because it exceeded search pattern filesize limit: trim.flexbar.75bp.6_small_RNA_S1_R1_001.fastq.gz_fastqc.html
[2024-12-31 20:46:56,011] multiqc                                            [DEBUG  ]  File ignored by rseqc/junction_annotation because it exceeded search pattern filesize limit: trim.flexbar.75bp.6_small_RNA_S1_R1_001.fastq.gz_fastqc.html
[2024-12-31 20:46:56,011] multiqc                                            [DEBUG  ]  File ignored by rseqc/read_distribution because it exceeded search pattern filesize limit: trim.flexbar.75bp.6_small_RNA_S1_R1_001.fastq.gz_fastqc.html
[2024-12-31 20:46:56,011] multiqc                                            [DEBUG  ]  File ignored by rseqc/infer_experiment because it exceeded search pattern filesize limit: trim.flexbar.75bp.6_small_RNA_S1_R1_001.fastq.gz_fastqc.html
[2024-12-31 20:46:56,154] multiqc                                            [DEBUG  ]  File ignored by hicexplorer because it exceeded search pattern filesize limit: trim.flexbar.75bp.72_S81_R1_001.fastq.gz_fastqc.html
[2024-12-31 20:46:56,170] multiqc                                            [DEBUG  ]  File ignored by longranger/invocation because it exceeded search pattern filesize limit: trim.flexbar.75bp.72_S81_R1_001.fastq.gz_fastqc.html
[2024-12-31 20:46:56,170] multiqc                                            [DEBUG  ]  File ignored by rockhopper because it exceeded search pattern filesize limit: trim.flexbar.75bp.72_S81_R1_001.fastq.gz_fastqc.html
[2024-12-31 20:46:56,170] multiqc                                            [DEBUG  ]  File ignored by rseqc/bam_stat because it exceeded search pattern filesize limit: trim.flexbar.75bp.72_S81_R1_001.fastq.gz_fastqc.html
[2024-12-31 20:46:56,170] multiqc                                            [DEBUG  ]  File ignored by rseqc/junction_annotation because it exceeded search pattern filesize limit: trim.flexbar.75bp.72_S81_R1_001.fastq.gz_fastqc.html
[2024-12-31 20:46:56,170] multiqc                                            [DEBUG  ]  File ignored by rseqc/read_distribution because it exceeded search pattern filesize limit: trim.flexbar.75bp.72_S81_R1_001.fastq.gz_fastqc.html
[2024-12-31 20:46:56,171] multiqc                                            [DEBUG  ]  File ignored by rseqc/infer_experiment because it exceeded search pattern filesize limit: trim.flexbar.75bp.72_S81_R1_001.fastq.gz_fastqc.html
[2024-12-31 20:46:56,298] multiqc                                            [DEBUG  ]  File ignored by hicexplorer because it exceeded search pattern filesize limit: trim.flexbar.75bp.73_small_RNA_S19_R1_001.fastq.gz_fastqc.html
[2024-12-31 20:46:56,306] multiqc                                            [DEBUG  ]  File ignored by longranger/invocation because it exceeded search pattern filesize limit: trim.flexbar.75bp.73_small_RNA_S19_R1_001.fastq.gz_fastqc.html
[2024-12-31 20:46:56,306] multiqc                                            [DEBUG  ]  File ignored by rockhopper because it exceeded search pattern filesize limit: trim.flexbar.75bp.73_small_RNA_S19_R1_001.fastq.gz_fastqc.html
[2024-12-31 20:46:56,306] multiqc                                            [DEBUG  ]  File ignored by rseqc/bam_stat because it exceeded search pattern filesize limit: trim.flexbar.75bp.73_small_RNA_S19_R1_001.fastq.gz_fastqc.html
[2024-12-31 20:46:56,306] multiqc                                            [DEBUG  ]  File ignored by rseqc/junction_annotation because it exceeded search pattern filesize limit: trim.flexbar.75bp.73_small_RNA_S19_R1_001.fastq.gz_fastqc.html
[2024-12-31 20:46:56,306] multiqc                                            [DEBUG  ]  File ignored by rseqc/read_distribution because it exceeded search pattern filesize limit: trim.flexbar.75bp.73_small_RNA_S19_R1_001.fastq.gz_fastqc.html
[2024-12-31 20:46:56,306] multiqc                                            [DEBUG  ]  File ignored by rseqc/infer_experiment because it exceeded search pattern filesize limit: trim.flexbar.75bp.73_small_RNA_S19_R1_001.fastq.gz_fastqc.html
[2024-12-31 20:46:56,308] multiqc                                            [DEBUG  ]  File ignored by stacks/sumstats because it exceeded search pattern filesize limit: trim.flexbar.75bp.73_small_RNA_S19_R1_001.fastq.gz_fastqc.html
[2024-12-31 20:46:56,456] multiqc                                            [DEBUG  ]  File ignored by hicexplorer because it exceeded search pattern filesize limit: trim.flexbar.75bp.74_small_RNA_S20_R1_001.fastq.gz_fastqc.html
[2024-12-31 20:46:56,473] multiqc                                            [DEBUG  ]  File ignored by longranger/invocation because it exceeded search pattern filesize limit: trim.flexbar.75bp.74_small_RNA_S20_R1_001.fastq.gz_fastqc.html
[2024-12-31 20:46:56,474] multiqc                                            [DEBUG  ]  File ignored by rockhopper because it exceeded search pattern filesize limit: trim.flexbar.75bp.74_small_RNA_S20_R1_001.fastq.gz_fastqc.html
[2024-12-31 20:46:56,474] multiqc                                            [DEBUG  ]  File ignored by rseqc/bam_stat because it exceeded search pattern filesize limit: trim.flexbar.75bp.74_small_RNA_S20_R1_001.fastq.gz_fastqc.html
[2024-12-31 20:46:56,474] multiqc                                            [DEBUG  ]  File ignored by rseqc/junction_annotation because it exceeded search pattern filesize limit: trim.flexbar.75bp.74_small_RNA_S20_R1_001.fastq.gz_fastqc.html
[2024-12-31 20:46:56,474] multiqc                                            [DEBUG  ]  File ignored by rseqc/read_distribution because it exceeded search pattern filesize limit: trim.flexbar.75bp.74_small_RNA_S20_R1_001.fastq.gz_fastqc.html
[2024-12-31 20:46:56,474] multiqc                                            [DEBUG  ]  File ignored by rseqc/infer_experiment because it exceeded search pattern filesize limit: trim.flexbar.75bp.74_small_RNA_S20_R1_001.fastq.gz_fastqc.html
[2024-12-31 20:46:56,620] multiqc                                            [DEBUG  ]  File ignored by hicexplorer because it exceeded search pattern filesize limit: trim.flexbar.75bp.75_small_RNA_S21_R1_001.fastq.gz_fastqc.html
[2024-12-31 20:46:56,631] multiqc                                            [DEBUG  ]  File ignored by longranger/invocation because it exceeded search pattern filesize limit: trim.flexbar.75bp.75_small_RNA_S21_R1_001.fastq.gz_fastqc.html
[2024-12-31 20:46:56,631] multiqc                                            [DEBUG  ]  File ignored by rockhopper because it exceeded search pattern filesize limit: trim.flexbar.75bp.75_small_RNA_S21_R1_001.fastq.gz_fastqc.html
[2024-12-31 20:46:56,631] multiqc                                            [DEBUG  ]  File ignored by rseqc/bam_stat because it exceeded search pattern filesize limit: trim.flexbar.75bp.75_small_RNA_S21_R1_001.fastq.gz_fastqc.html
[2024-12-31 20:46:56,631] multiqc                                            [DEBUG  ]  File ignored by rseqc/junction_annotation because it exceeded search pattern filesize limit: trim.flexbar.75bp.75_small_RNA_S21_R1_001.fastq.gz_fastqc.html
[2024-12-31 20:46:56,631] multiqc                                            [DEBUG  ]  File ignored by rseqc/read_distribution because it exceeded search pattern filesize limit: trim.flexbar.75bp.75_small_RNA_S21_R1_001.fastq.gz_fastqc.html
[2024-12-31 20:46:56,631] multiqc                                            [DEBUG  ]  File ignored by rseqc/infer_experiment because it exceeded search pattern filesize limit: trim.flexbar.75bp.75_small_RNA_S21_R1_001.fastq.gz_fastqc.html
[2024-12-31 20:46:56,777] multiqc                                            [DEBUG  ]  File ignored by hicexplorer because it exceeded search pattern filesize limit: trim.flexbar.75bp.7_small_RNA_S2_R1_001.fastq.gz_fastqc.html
[2024-12-31 20:46:56,789] multiqc                                            [DEBUG  ]  File ignored by longranger/invocation because it exceeded search pattern filesize limit: trim.flexbar.75bp.7_small_RNA_S2_R1_001.fastq.gz_fastqc.html
[2024-12-31 20:46:56,790] multiqc                                            [DEBUG  ]  File ignored by rockhopper because it exceeded search pattern filesize limit: trim.flexbar.75bp.7_small_RNA_S2_R1_001.fastq.gz_fastqc.html
[2024-12-31 20:46:56,790] multiqc                                            [DEBUG  ]  File ignored by rseqc/bam_stat because it exceeded search pattern filesize limit: trim.flexbar.75bp.7_small_RNA_S2_R1_001.fastq.gz_fastqc.html
[2024-12-31 20:46:56,790] multiqc                                            [DEBUG  ]  File ignored by rseqc/junction_annotation because it exceeded search pattern filesize limit: trim.flexbar.75bp.7_small_RNA_S2_R1_001.fastq.gz_fastqc.html
[2024-12-31 20:46:56,790] multiqc                                            [DEBUG  ]  File ignored by rseqc/read_distribution because it exceeded search pattern filesize limit: trim.flexbar.75bp.7_small_RNA_S2_R1_001.fastq.gz_fastqc.html
[2024-12-31 20:46:56,790] multiqc                                            [DEBUG  ]  File ignored by rseqc/infer_experiment because it exceeded search pattern filesize limit: trim.flexbar.75bp.7_small_RNA_S2_R1_001.fastq.gz_fastqc.html
[2024-12-31 20:46:56,934] multiqc                                            [DEBUG  ]  File ignored by hicexplorer because it exceeded search pattern filesize limit: trim.flexbar.75bp.85_S82_R1_001.fastq.gz_fastqc.html
[2024-12-31 20:46:56,947] multiqc                                            [DEBUG  ]  File ignored by longranger/invocation because it exceeded search pattern filesize limit: trim.flexbar.75bp.85_S82_R1_001.fastq.gz_fastqc.html
[2024-12-31 20:46:56,947] multiqc                                            [DEBUG  ]  File ignored by rockhopper because it exceeded search pattern filesize limit: trim.flexbar.75bp.85_S82_R1_001.fastq.gz_fastqc.html
[2024-12-31 20:46:56,947] multiqc                                            [DEBUG  ]  File ignored by rseqc/bam_stat because it exceeded search pattern filesize limit: trim.flexbar.75bp.85_S82_R1_001.fastq.gz_fastqc.html
[2024-12-31 20:46:56,948] multiqc                                            [DEBUG  ]  File ignored by rseqc/junction_annotation because it exceeded search pattern filesize limit: trim.flexbar.75bp.85_S82_R1_001.fastq.gz_fastqc.html
[2024-12-31 20:46:56,948] multiqc                                            [DEBUG  ]  File ignored by rseqc/read_distribution because it exceeded search pattern filesize limit: trim.flexbar.75bp.85_S82_R1_001.fastq.gz_fastqc.html
[2024-12-31 20:46:56,948] multiqc                                            [DEBUG  ]  File ignored by rseqc/infer_experiment because it exceeded search pattern filesize limit: trim.flexbar.75bp.85_S82_R1_001.fastq.gz_fastqc.html
[2024-12-31 20:46:57,087] multiqc                                            [DEBUG  ]  File ignored by hicexplorer because it exceeded search pattern filesize limit: trim.flexbar.75bp.86_small_RNA_S22_R1_001.fastq.gz_fastqc.html
[2024-12-31 20:46:57,097] multiqc                                            [DEBUG  ]  File ignored by longranger/invocation because it exceeded search pattern filesize limit: trim.flexbar.75bp.86_small_RNA_S22_R1_001.fastq.gz_fastqc.html
[2024-12-31 20:46:57,097] multiqc                                            [DEBUG  ]  File ignored by rockhopper because it exceeded search pattern filesize limit: trim.flexbar.75bp.86_small_RNA_S22_R1_001.fastq.gz_fastqc.html
[2024-12-31 20:46:57,097] multiqc                                            [DEBUG  ]  File ignored by rseqc/bam_stat because it exceeded search pattern filesize limit: trim.flexbar.75bp.86_small_RNA_S22_R1_001.fastq.gz_fastqc.html
[2024-12-31 20:46:57,097] multiqc                                            [DEBUG  ]  File ignored by rseqc/junction_annotation because it exceeded search pattern filesize limit: trim.flexbar.75bp.86_small_RNA_S22_R1_001.fastq.gz_fastqc.html
[2024-12-31 20:46:57,097] multiqc                                            [DEBUG  ]  File ignored by rseqc/read_distribution because it exceeded search pattern filesize limit: trim.flexbar.75bp.86_small_RNA_S22_R1_001.fastq.gz_fastqc.html
[2024-12-31 20:46:57,097] multiqc                                            [DEBUG  ]  File ignored by rseqc/infer_experiment because it exceeded search pattern filesize limit: trim.flexbar.75bp.86_small_RNA_S22_R1_001.fastq.gz_fastqc.html
[2024-12-31 20:46:57,228] multiqc                                            [DEBUG  ]  File ignored by hicexplorer because it exceeded search pattern filesize limit: trim.flexbar.75bp.87_small_RNA_S23_R1_001.fastq.gz_fastqc.html
[2024-12-31 20:46:57,236] multiqc                                            [DEBUG  ]  File ignored by longranger/invocation because it exceeded search pattern filesize limit: trim.flexbar.75bp.87_small_RNA_S23_R1_001.fastq.gz_fastqc.html
[2024-12-31 20:46:57,236] multiqc                                            [DEBUG  ]  File ignored by rockhopper because it exceeded search pattern filesize limit: trim.flexbar.75bp.87_small_RNA_S23_R1_001.fastq.gz_fastqc.html
[2024-12-31 20:46:57,236] multiqc                                            [DEBUG  ]  File ignored by rseqc/bam_stat because it exceeded search pattern filesize limit: trim.flexbar.75bp.87_small_RNA_S23_R1_001.fastq.gz_fastqc.html
[2024-12-31 20:46:57,236] multiqc                                            [DEBUG  ]  File ignored by rseqc/junction_annotation because it exceeded search pattern filesize limit: trim.flexbar.75bp.87_small_RNA_S23_R1_001.fastq.gz_fastqc.html
[2024-12-31 20:46:57,236] multiqc                                            [DEBUG  ]  File ignored by rseqc/read_distribution because it exceeded search pattern filesize limit: trim.flexbar.75bp.87_small_RNA_S23_R1_001.fastq.gz_fastqc.html
[2024-12-31 20:46:57,236] multiqc                                            [DEBUG  ]  File ignored by rseqc/infer_experiment because it exceeded search pattern filesize limit: trim.flexbar.75bp.87_small_RNA_S23_R1_001.fastq.gz_fastqc.html
[2024-12-31 20:46:57,359] multiqc                                            [DEBUG  ]  File ignored by hicexplorer because it exceeded search pattern filesize limit: trim.flexbar.75bp.88_small_RNA_S24_R1_001.fastq.gz_fastqc.html
[2024-12-31 20:46:57,375] multiqc                                            [DEBUG  ]  File ignored by longranger/invocation because it exceeded search pattern filesize limit: trim.flexbar.75bp.88_small_RNA_S24_R1_001.fastq.gz_fastqc.html
[2024-12-31 20:46:57,375] multiqc                                            [DEBUG  ]  File ignored by rockhopper because it exceeded search pattern filesize limit: trim.flexbar.75bp.88_small_RNA_S24_R1_001.fastq.gz_fastqc.html
[2024-12-31 20:46:57,375] multiqc                                            [DEBUG  ]  File ignored by rseqc/bam_stat because it exceeded search pattern filesize limit: trim.flexbar.75bp.88_small_RNA_S24_R1_001.fastq.gz_fastqc.html
[2024-12-31 20:46:57,375] multiqc                                            [DEBUG  ]  File ignored by rseqc/junction_annotation because it exceeded search pattern filesize limit: trim.flexbar.75bp.88_small_RNA_S24_R1_001.fastq.gz_fastqc.html
[2024-12-31 20:46:57,375] multiqc                                            [DEBUG  ]  File ignored by rseqc/read_distribution because it exceeded search pattern filesize limit: trim.flexbar.75bp.88_small_RNA_S24_R1_001.fastq.gz_fastqc.html
[2024-12-31 20:46:57,375] multiqc                                            [DEBUG  ]  File ignored by rseqc/infer_experiment because it exceeded search pattern filesize limit: trim.flexbar.75bp.88_small_RNA_S24_R1_001.fastq.gz_fastqc.html
[2024-12-31 20:46:57,513] multiqc                                            [DEBUG  ]  File ignored by hicexplorer because it exceeded search pattern filesize limit: trim.flexbar.75bp.8_small_RNA_S3_R1_001.fastq.gz_fastqc.html
[2024-12-31 20:46:57,524] multiqc                                            [DEBUG  ]  File ignored by longranger/invocation because it exceeded search pattern filesize limit: trim.flexbar.75bp.8_small_RNA_S3_R1_001.fastq.gz_fastqc.html
[2024-12-31 20:46:57,524] multiqc                                            [DEBUG  ]  File ignored by rockhopper because it exceeded search pattern filesize limit: trim.flexbar.75bp.8_small_RNA_S3_R1_001.fastq.gz_fastqc.html
[2024-12-31 20:46:57,524] multiqc                                            [DEBUG  ]  File ignored by rseqc/bam_stat because it exceeded search pattern filesize limit: trim.flexbar.75bp.8_small_RNA_S3_R1_001.fastq.gz_fastqc.html
[2024-12-31 20:46:57,524] multiqc                                            [DEBUG  ]  File ignored by rseqc/junction_annotation because it exceeded search pattern filesize limit: trim.flexbar.75bp.8_small_RNA_S3_R1_001.fastq.gz_fastqc.html
[2024-12-31 20:46:57,525] multiqc                                            [DEBUG  ]  File ignored by rseqc/read_distribution because it exceeded search pattern filesize limit: trim.flexbar.75bp.8_small_RNA_S3_R1_001.fastq.gz_fastqc.html
[2024-12-31 20:46:57,525] multiqc                                            [DEBUG  ]  File ignored by rseqc/infer_experiment because it exceeded search pattern filesize limit: trim.flexbar.75bp.8_small_RNA_S3_R1_001.fastq.gz_fastqc.html
[2024-12-31 20:46:57,660] multiqc                                            [DEBUG  ]  File ignored by hicexplorer because it exceeded search pattern filesize limit: trim.flexbar.75bp.9_S75_R1_001.fastq.gz_fastqc.html
[2024-12-31 20:46:57,671] multiqc                                            [DEBUG  ]  File ignored by longranger/invocation because it exceeded search pattern filesize limit: trim.flexbar.75bp.9_S75_R1_001.fastq.gz_fastqc.html
[2024-12-31 20:46:57,671] multiqc                                            [DEBUG  ]  File ignored by rockhopper because it exceeded search pattern filesize limit: trim.flexbar.75bp.9_S75_R1_001.fastq.gz_fastqc.html
[2024-12-31 20:46:57,671] multiqc                                            [DEBUG  ]  File ignored by rseqc/bam_stat because it exceeded search pattern filesize limit: trim.flexbar.75bp.9_S75_R1_001.fastq.gz_fastqc.html
[2024-12-31 20:46:57,671] multiqc                                            [DEBUG  ]  File ignored by rseqc/junction_annotation because it exceeded search pattern filesize limit: trim.flexbar.75bp.9_S75_R1_001.fastq.gz_fastqc.html
[2024-12-31 20:46:57,671] multiqc                                            [DEBUG  ]  File ignored by rseqc/read_distribution because it exceeded search pattern filesize limit: trim.flexbar.75bp.9_S75_R1_001.fastq.gz_fastqc.html
[2024-12-31 20:46:57,671] multiqc                                            [DEBUG  ]  File ignored by rseqc/infer_experiment because it exceeded search pattern filesize limit: trim.flexbar.75bp.9_S75_R1_001.fastq.gz_fastqc.html
[2024-12-31 20:46:58,237] multiqc.plots.bargraph                             [DEBUG  ]  Using matplotlib version 3.2.1
[2024-12-31 20:46:58,255] multiqc.plots.linegraph                            [DEBUG  ]  Using matplotlib version 3.2.1
[2024-12-31 20:46:58,257] multiqc                                            [DEBUG  ]  No samples found: custom_content
[2024-12-31 20:46:58,263] multiqc                                            [DEBUG  ]  No samples found: conpair
[2024-12-31 20:46:58,269] multiqc                                            [DEBUG  ]  No samples found: peddy
[2024-12-31 20:46:58,275] multiqc                                            [DEBUG  ]  No samples found: somalier
[2024-12-31 20:46:58,281] multiqc                                            [DEBUG  ]  No samples found: methylQA
[2024-12-31 20:46:58,291] multiqc                                            [DEBUG  ]  No samples found: mosdepth
[2024-12-31 20:46:58,297] multiqc                                            [DEBUG  ]  No samples found: phantompeakqualtools
[2024-12-31 20:46:58,300] multiqc                                            [DEBUG  ]  No samples found: qualimap
[2024-12-31 20:46:58,306] multiqc                                            [DEBUG  ]  No samples found: preseq
[2024-12-31 20:46:58,312] multiqc                                            [DEBUG  ]  No samples found: quast
[2024-12-31 20:46:58,318] multiqc                                            [DEBUG  ]  No samples found: qorts
[2024-12-31 20:46:58,324] multiqc                                            [DEBUG  ]  No samples found: rna_seqc
[2024-12-31 20:46:58,330] multiqc                                            [DEBUG  ]  No samples found: rockhopper
[2024-12-31 20:46:58,336] multiqc                                            [DEBUG  ]  No samples found: rsem
[2024-12-31 20:46:58,351] multiqc                                            [DEBUG  ]  No samples found: rseqc
[2024-12-31 20:46:58,356] multiqc                                            [DEBUG  ]  No samples found: busco
[2024-12-31 20:46:58,362] multiqc                                            [DEBUG  ]  No samples found: goleft_indexcov
[2024-12-31 20:46:58,367] multiqc                                            [DEBUG  ]  No samples found: disambiguate
[2024-12-31 20:46:58,372] multiqc                                            [DEBUG  ]  No samples found: supernova
[2024-12-31 20:46:58,388] multiqc                                            [DEBUG  ]  No samples found: deeptools
[2024-12-31 20:46:58,393] multiqc                                            [DEBUG  ]  No samples found: sargasso
[2024-12-31 20:46:58,399] multiqc                                            [DEBUG  ]  No samples found: verifybamid
[2024-12-31 20:46:58,405] multiqc                                            [DEBUG  ]  No samples found: mirtrace
[2024-12-31 20:46:58,411] multiqc                                            [DEBUG  ]  No samples found: happy
[2024-12-31 20:46:58,416] multiqc                                            [DEBUG  ]  No samples found: mirtop
[2024-12-31 20:46:58,423] multiqc                                            [DEBUG  ]  No samples found: homer
[2024-12-31 20:46:58,428] multiqc                                            [DEBUG  ]  No samples found: macs2
[2024-12-31 20:46:58,433] multiqc                                            [DEBUG  ]  No samples found: theta2
[2024-12-31 20:46:58,439] multiqc                                            [DEBUG  ]  No samples found: snpeff
[2024-12-31 20:46:58,446] multiqc                                            [DEBUG  ]  No samples found: gatk
[2024-12-31 20:46:58,451] multiqc                                            [DEBUG  ]  No samples found: htseq
[2024-12-31 20:46:58,458] multiqc                                            [DEBUG  ]  No samples found: bcftools
[2024-12-31 20:46:58,463] multiqc                                            [DEBUG  ]  No samples found: featureCounts
[2024-12-31 20:46:58,470] multiqc                                            [DEBUG  ]  No samples found: fgbio
[2024-12-31 20:46:58,484] multiqc                                            [DEBUG  ]  No samples found: dragen
[2024-12-31 20:46:58,489] multiqc                                            [DEBUG  ]  No samples found: dedup
[2024-12-31 20:46:58,494] multiqc                                            [DEBUG  ]  No samples found: damageprofiler
[2024-12-31 20:46:58,520] multiqc                                            [DEBUG  ]  No samples found: biobambam2
[2024-12-31 20:46:58,525] multiqc                                            [DEBUG  ]  No samples found: mtnucratio
[2024-12-31 20:46:58,527] multiqc                                            [DEBUG  ]  No samples found: picard
[2024-12-31 20:46:58,532] multiqc                                            [DEBUG  ]  No samples found: prokka
[2024-12-31 20:46:58,537] multiqc                                            [DEBUG  ]  No samples found: samblaster
[2024-12-31 20:46:58,547] multiqc                                            [DEBUG  ]  No samples found: samtools
[2024-12-31 20:46:58,552] multiqc                                            [DEBUG  ]  No samples found: sexdeterrmine
[2024-12-31 20:46:58,559] multiqc                                            [DEBUG  ]  No samples found: bamtools
[2024-12-31 20:46:58,564] multiqc                                            [DEBUG  ]  No samples found: jellyfish
[2024-12-31 20:46:58,573] multiqc                                            [DEBUG  ]  No samples found: vcftools
[2024-12-31 20:46:58,578] multiqc                                            [DEBUG  ]  No samples found: longranger
[2024-12-31 20:46:58,583] multiqc                                            [DEBUG  ]  No samples found: stacks
[2024-12-31 20:46:58,588] multiqc                                            [DEBUG  ]  No samples found: varscan2
[2024-12-31 20:46:58,606] multiqc                                            [DEBUG  ]  No samples found: bbmap
[2024-12-31 20:46:58,611] multiqc                                            [DEBUG  ]  No samples found: bismark
[2024-12-31 20:46:58,617] multiqc                                            [DEBUG  ]  No samples found: biscuit
[2024-12-31 20:46:58,623] multiqc                                            [DEBUG  ]  No samples found: hicexplorer
[2024-12-31 20:46:58,628] multiqc                                            [DEBUG  ]  No samples found: hicup
[2024-12-31 20:46:58,634] multiqc                                            [DEBUG  ]  No samples found: hicpro
[2024-12-31 20:46:58,639] multiqc                                            [DEBUG  ]  No samples found: salmon
[2024-12-31 20:46:58,644] multiqc                                            [DEBUG  ]  No samples found: kallisto
[2024-12-31 20:46:58,650] multiqc                                            [DEBUG  ]  No samples found: slamdunk
[2024-12-31 20:46:58,656] multiqc                                            [DEBUG  ]  No samples found: star
[2024-12-31 20:46:58,661] multiqc                                            [DEBUG  ]  No samples found: hisat2
[2024-12-31 20:46:58,666] multiqc                                            [DEBUG  ]  No samples found: tophat
[2024-12-31 20:46:58,672] multiqc                                            [DEBUG  ]  No samples found: bowtie2
[2024-12-31 20:46:58,678] multiqc                                            [DEBUG  ]  No samples found: bowtie1
[2024-12-31 20:46:58,683] multiqc                                            [DEBUG  ]  No samples found: snpsplit
[2024-12-31 20:46:58,689] multiqc                                            [DEBUG  ]  No samples found: kat
[2024-12-31 20:46:58,694] multiqc                                            [DEBUG  ]  No samples found: leehom
[2024-12-31 20:46:58,699] multiqc                                            [DEBUG  ]  No samples found: adapterRemoval
[2024-12-31 20:46:58,704] multiqc                                            [DEBUG  ]  No samples found: clipandmerge
[2024-12-31 20:46:58,710] multiqc                                            [DEBUG  ]  No samples found: cutadapt
[2024-12-31 20:46:58,715] multiqc                                            [DEBUG  ]  No samples found: flexbar
[2024-12-31 20:46:58,721] multiqc                                            [DEBUG  ]  No samples found: kaiju
[2024-12-31 20:46:58,727] multiqc                                            [DEBUG  ]  No samples found: kraken
[2024-12-31 20:46:58,732] multiqc                                            [DEBUG  ]  No samples found: malt
[2024-12-31 20:46:58,737] multiqc                                            [DEBUG  ]  No samples found: trimmomatic
[2024-12-31 20:46:58,742] multiqc                                            [DEBUG  ]  No samples found: sickle
[2024-12-31 20:46:58,748] multiqc                                            [DEBUG  ]  No samples found: skewer
[2024-12-31 20:46:58,753] multiqc                                            [DEBUG  ]  No samples found: sortmerna
[2024-12-31 20:46:58,759] multiqc                                            [DEBUG  ]  No samples found: biobloomtools
[2024-12-31 20:46:58,764] multiqc                                            [DEBUG  ]  No samples found: fastq_screen
[2024-12-31 20:46:58,769] multiqc                                            [DEBUG  ]  No samples found: afterqc
[2024-12-31 20:46:58,775] multiqc                                            [DEBUG  ]  No samples found: fastp
[2024-12-31 20:47:03,589] multiqc.modules.fastqc.fastqc                      [INFO   ]  Found 32 reports
[2024-12-31 20:47:04,111] multiqc                                            [DEBUG  ]  No samples found: pycoqc
[2024-12-31 20:47:04,117] multiqc                                            [DEBUG  ]  No samples found: minionqc
[2024-12-31 20:47:04,121] multiqc                                            [DEBUG  ]  No samples found: multivcfanalyzer
[2024-12-31 20:47:04,126] multiqc                                            [DEBUG  ]  No samples found: clusterflow
[2024-12-31 20:47:04,130] multiqc                                            [DEBUG  ]  No samples found: bcl2fastq
[2024-12-31 20:47:04,135] multiqc                                            [DEBUG  ]  No samples found: interop
[2024-12-31 20:47:04,139] multiqc                                            [DEBUG  ]  No samples found: ivar
[2024-12-31 20:47:04,144] multiqc                                            [DEBUG  ]  No samples found: flash
[2024-12-31 20:47:04,148] multiqc                                            [DEBUG  ]  No samples found: seqyclean
[2024-12-31 20:47:04,179] multiqc                                            [INFO   ]  Compressing plot data
[2024-12-31 20:47:04,598] multiqc                                            [INFO   ]  Report      : multiqc_report.html
[2024-12-31 20:47:04,598] multiqc                                            [INFO   ]  Data        : multiqc_data
[2024-12-31 20:47:04,598] multiqc                                            [DEBUG  ]  Moving data file from '/tmp/tmpfmu1u7jc/multiqc_data' to '/glfs/brick01/gv0/putnamlab/jillashey/DT_Mcap_2023/smRNA/output/fastqc/flexbar_75bp/multiqc_data'
[2024-12-31 20:47:04,879] multiqc                                            [INFO   ]  MultiQC complete
